{
  "stats": {
    "suites": 1,
    "tests": 1,
    "passes": 1,
    "pending": 0,
    "failures": 0,
    "start": "2025-05-14T13:10:34.234Z",
    "end": "2025-05-14T13:11:07.434Z",
    "duration": 33200,
    "testsRegistered": 1,
    "passPercent": 100,
    "pendingPercent": 0,
    "other": 0,
    "hasOther": false,
    "skipped": 0,
    "hasSkipped": false
  },
  "results": [
    {
      "uuid": "cd8aa9e5-cd13-4d45-8f18-5922110ed5df",
      "title": "",
      "fullFile": "cypress/e2e/app/bop.cy.js",
      "file": "cypress/e2e/app/bop.cy.js",
      "beforeHooks": [],
      "afterHooks": [],
      "tests": [],
      "suites": [
        {
          "uuid": "c57d3ed0-e938-4122-bb31-91a7cdb634ce",
          "title": "BOP Insurance",
          "fullFile": "",
          "file": "",
          "beforeHooks": [],
          "afterHooks": [],
          "tests": [
            {
              "title": "Validate BOP insurance page",
              "fullTitle": "BOP Insurance Validate BOP insurance page",
              "timedOut": null,
              "duration": 31602,
              "state": "passed",
              "speed": "slow",
              "pass": true,
              "fail": false,
              "pending": false,
              "context": null,
              "code": "cy.visitSite(\"app\", \"bop-insurance\");\n// Splash\ncy.xpath(bop.heading_sm).should(\"be.visible\");\ncy.xpath(bop.heading_lg).should(\"be.visible\");\ncy.get(bop.caption).should(\"be.visible\");\n// Get Quote\ncy.xpath(bop.quotes_in_minutes).scrollIntoView({\n  offset: {\n    top: -1000,\n    left: 0\n  }\n});\ncy.xpath(bop.quotes_in_minutes).should(\"be.visible\");\ncy.get(bop.quotes_text_large).should(\"be.visible\");\ncy.xpath(bop.get_a_quote_button).should(\"be.visible\");\n// What is BOP insurance\ncy.xpath(bop.what_is_bop_heading_sm).scrollIntoView({\n  offset: {\n    top: -300,\n    left: 0\n  }\n});\ncy.xpath(bop.what_is_bop_heading_sm).should(\"be.visible\");\ncy.xpath(bop.what_is_bop_heading_lg).should(\"be.visible\");\ncy.get(bop.what_is_bop_part_1).should(\"be.visible\");\ncy.get(bop.pill_commercialGL).should(\"be.visible\");\ncy.get(bop.pill_propertyinsurance).should(\"be.visible\");\n// Why Acrisure\ncy.xpath(selectors.common.card_why1).scrollIntoView({\n  offset: {\n    top: -200,\n    left: 0\n  }\n});\n//cy.xpath(bop.why_acrisure).eq(1).scrollIntoView().should(\"exist\");\ncy.xpath(bop.why_acrisure_heading_1).should(\"be.visible\");\ncy.get(bop.why_acrisure_text_1).should(\"be.visible\");\ncy.xpath(bop.why_acrisure_heading_2).should(\"be.visible\");\ncy.get(bop.why_acrisure_text_2).should(\"be.visible\");\ncy.xpath(bop.why_acrisure_heading_3).should(\"be.visible\");\ncy.get(bop.why_acrisure_text_3).should(\"be.visible\");\ncy.xpath(selectors.common.pill_options).should(\"be.visible\");\ncy.xpath(selectors.common.pill_easy).should(\"be.visible\");\n// FAQ\ncy.xpath(bop.faq_header).scrollIntoView({\n  offset: {\n    top: -100,\n    left: 0\n  }\n});\ncy.xpath(bop.faq_question_body);\ncy.xpath(bop.faq_question_1).should(\"be.visible\");\ncy.xpath(bop.faq_question_2).should(\"be.visible\");\ncy.xpath(bop.faq_question_3).should(\"be.visible\");\ncy.xpath(bop.faq_question_4).should(\"be.visible\");\ncy.xpath(bop.faq_question_5).should(\"be.visible\");\ncy.xpath(bop.faq_question_6).should(\"be.visible\");\n// Expand all FAQ sections\nfor (let i = 1; i < 6; i++) {\n  cy.xpath(bop.faq_accordion_icon).eq(i).scrollIntoView().click({\n    force: true\n  });\n}\ncy.xpath(bop.faq_question_body).its(\"length\").should(\"eq\", 6);\n// Collapse all FAQ sections\nfor (let i = 1; i < 6; i++) {\n  cy.xpath(bop.faq_accordion_icon).eq(i).scrollIntoView().click({\n    force: true\n  });\n  cy.wait(1000);\n  cy.xpath(bop.faq_question_body).eq(i).should(\"not.be.visible\");\n}",
              "err": {},
              "uuid": "d995ce50-6ee9-4f58-91fb-ed5bcaf66958",
              "parentUUID": "c57d3ed0-e938-4122-bb31-91a7cdb634ce",
              "isHook": false,
              "skipped": false
            }
          ],
          "suites": [],
          "passes": [
            "d995ce50-6ee9-4f58-91fb-ed5bcaf66958"
          ],
          "failures": [],
          "pending": [],
          "skipped": [],
          "duration": 31602,
          "root": false,
          "rootEmpty": false,
          "_timeout": 2000
        }
      ],
      "passes": [],
      "failures": [],
      "pending": [],
      "skipped": [],
      "duration": 0,
      "root": true,
      "rootEmpty": true,
      "_timeout": 2000
    }
  ],
  "meta": {
    "mocha": {
      "version": "7.2.0"
    },
    "mochawesome": {
      "options": {
        "quiet": false,
        "reportFilename": "mochawesome",
        "saveHtml": false,
        "saveJson": true,
        "consoleReporter": "spec",
        "useInlineDiffs": false,
        "code": true
      },
      "version": "7.1.3"
    },
    "marge": {
      "options": {
        "reportDir": "cypress/results/chrome-1366x768",
        "overwrite": false,
        "html": false,
        "json": true
      },
      "version": "6.2.0"
    }
  }
}