{
  "stats": {
    "suites": 2,
    "tests": 46,
    "passes": 0,
    "pending": 0,
    "failures": 46,
    "start": "2025-05-14T15:06:29.269Z",
    "end": "2025-05-14T15:53:44.457Z",
    "duration": 2835188,
    "testsRegistered": 46,
    "passPercent": 0,
    "pendingPercent": 0,
    "other": 0,
    "hasOther": false,
    "skipped": 0,
    "hasSkipped": false
  },
  "results": [
    {
      "uuid": "e5fd6397-c784-4702-bb40-99cef3792952",
      "title": "",
      "fullFile": "cypress/e2e/app/leadership.cy.js",
      "file": "cypress/e2e/app/leadership.cy.js",
      "beforeHooks": [],
      "afterHooks": [],
      "tests": [],
      "suites": [
        {
          "uuid": "252b487f-d273-4bf6-bee3-918b29c7e2da",
          "title": "Executive Leadership Tests",
          "fullFile": "",
          "file": "",
          "beforeHooks": [],
          "afterHooks": [],
          "tests": [
            {
              "title": "Co-Founder, Chairman & CEO",
              "fullTitle": "Executive Leadership Tests Co-Founder, Chairman & CEO",
              "timedOut": null,
              "duration": 75357,
              "state": "failed",
              "speed": null,
              "pass": false,
              "fail": true,
              "pending": false,
              "context": "\"../screenshots/leadership.cy.js/Executive Leadership Tests -- Co-Founder, Chairman & CEO (failed).png\"",
              "code": "this.assertLeader({\n        section,\n        name,\n        title,\n        delay\n      })",
              "err": {
                "message": "AssertionError: Timed out retrying after 60000ms: Expected to find element: `//button[text() = 'I UNDERSTAND']`, but never found it.",
                "estack": "AssertionError: Timed out retrying after 60000ms: Expected to find element: `//button[text() = 'I UNDERSTAND']`, but never found it.\n    at LeadershipFlow.assertLeaderNameHeading (webpack://svn-automation/./cypress/flows/LeadershipFlow.js:107:7)\n    at LeadershipFlow.assertLeader (webpack://svn-automation/./cypress/flows/LeadershipFlow.js:35:9)\n    at Context.eval (webpack://svn-automation/./cypress/flows/LeadershipFlow.js:20:32)",
                "diff": null
              },
              "uuid": "a3f4a7d6-8132-494c-9674-ac93c17fbc0b",
              "parentUUID": "252b487f-d273-4bf6-bee3-918b29c7e2da",
              "isHook": false,
              "skipped": false
            },
            {
              "title": "Chief People Officer",
              "fullTitle": "Executive Leadership Tests Chief People Officer",
              "timedOut": null,
              "duration": 61201,
              "state": "failed",
              "speed": null,
              "pass": false,
              "fail": true,
              "pending": false,
              "context": "\"../screenshots/leadership.cy.js/Executive Leadership Tests -- Chief People Officer (failed).png\"",
              "code": "this.assertLeader({\n        section,\n        name,\n        title,\n        delay\n      })",
              "err": {
                "message": "AssertionError: Timed out retrying after 60000ms: Expected to find element: `//button[text() = 'I UNDERSTAND']`, but never found it.",
                "estack": "AssertionError: Timed out retrying after 60000ms: Expected to find element: `//button[text() = 'I UNDERSTAND']`, but never found it.\n    at LeadershipFlow.assertLeaderNameHeading (webpack://svn-automation/./cypress/flows/LeadershipFlow.js:107:7)\n    at LeadershipFlow.assertLeader (webpack://svn-automation/./cypress/flows/LeadershipFlow.js:35:9)\n    at Context.eval (webpack://svn-automation/./cypress/flows/LeadershipFlow.js:20:32)",
                "diff": null
              },
              "uuid": "f582edd2-31d7-45de-b91c-7df4a5511037",
              "parentUUID": "252b487f-d273-4bf6-bee3-918b29c7e2da",
              "isHook": false,
              "skipped": false
            },
            {
              "title": "Chief acquisition officer",
              "fullTitle": "Executive Leadership Tests Chief acquisition officer",
              "timedOut": null,
              "duration": 61099,
              "state": "failed",
              "speed": null,
              "pass": false,
              "fail": true,
              "pending": false,
              "context": "\"../screenshots/leadership.cy.js/Executive Leadership Tests -- Chief acquisition officer (failed).png\"",
              "code": "this.assertLeader({\n        section,\n        name,\n        title,\n        delay\n      })",
              "err": {
                "message": "AssertionError: Timed out retrying after 60000ms: Expected to find element: `//button[text() = 'I UNDERSTAND']`, but never found it.",
                "estack": "AssertionError: Timed out retrying after 60000ms: Expected to find element: `//button[text() = 'I UNDERSTAND']`, but never found it.\n    at LeadershipFlow.assertLeaderNameHeading (webpack://svn-automation/./cypress/flows/LeadershipFlow.js:107:7)\n    at LeadershipFlow.assertLeader (webpack://svn-automation/./cypress/flows/LeadershipFlow.js:35:9)\n    at Context.eval (webpack://svn-automation/./cypress/flows/LeadershipFlow.js:20:32)",
                "diff": null
              },
              "uuid": "34f67213-006a-45e4-8758-31befc082af3",
              "parentUUID": "252b487f-d273-4bf6-bee3-918b29c7e2da",
              "isHook": false,
              "skipped": false
            },
            {
              "title": "Chief legal officer",
              "fullTitle": "Executive Leadership Tests Chief legal officer",
              "timedOut": null,
              "duration": 61120,
              "state": "failed",
              "speed": null,
              "pass": false,
              "fail": true,
              "pending": false,
              "context": "\"../screenshots/leadership.cy.js/Executive Leadership Tests -- Chief legal officer (failed).png\"",
              "code": "this.assertLeader({\n        section,\n        name,\n        title,\n        delay\n      })",
              "err": {
                "message": "AssertionError: Timed out retrying after 60000ms: Expected to find element: `//button[text() = 'I UNDERSTAND']`, but never found it.",
                "estack": "AssertionError: Timed out retrying after 60000ms: Expected to find element: `//button[text() = 'I UNDERSTAND']`, but never found it.\n    at LeadershipFlow.assertLeaderNameHeading (webpack://svn-automation/./cypress/flows/LeadershipFlow.js:107:7)\n    at LeadershipFlow.assertLeader (webpack://svn-automation/./cypress/flows/LeadershipFlow.js:35:9)\n    at Context.eval (webpack://svn-automation/./cypress/flows/LeadershipFlow.js:20:32)",
                "diff": null
              },
              "uuid": "13c5aead-9f3b-4e1d-afe0-9ff9cb5e2ba7",
              "parentUUID": "252b487f-d273-4bf6-bee3-918b29c7e2da",
              "isHook": false,
              "skipped": false
            },
            {
              "title": "Chief Innovation Officer & Chief Marketing Officer",
              "fullTitle": "Executive Leadership Tests Chief Innovation Officer & Chief Marketing Officer",
              "timedOut": null,
              "duration": 61069,
              "state": "failed",
              "speed": null,
              "pass": false,
              "fail": true,
              "pending": false,
              "context": "\"../screenshots/leadership.cy.js/Executive Leadership Tests -- Chief Innovation Officer & Chief Marketing Officer (failed).png\"",
              "code": "this.assertLeader({\n        section,\n        name,\n        title,\n        delay\n      })",
              "err": {
                "message": "AssertionError: Timed out retrying after 60000ms: Expected to find element: `//button[text() = 'I UNDERSTAND']`, but never found it.",
                "estack": "AssertionError: Timed out retrying after 60000ms: Expected to find element: `//button[text() = 'I UNDERSTAND']`, but never found it.\n    at LeadershipFlow.assertLeaderNameHeading (webpack://svn-automation/./cypress/flows/LeadershipFlow.js:107:7)\n    at LeadershipFlow.assertLeader (webpack://svn-automation/./cypress/flows/LeadershipFlow.js:35:9)\n    at Context.eval (webpack://svn-automation/./cypress/flows/LeadershipFlow.js:20:32)",
                "diff": null
              },
              "uuid": "ed55f1ce-c6b9-4db8-9a75-3929b87ac667",
              "parentUUID": "252b487f-d273-4bf6-bee3-918b29c7e2da",
              "isHook": false,
              "skipped": false
            },
            {
              "title": "Chief Financial Officer",
              "fullTitle": "Executive Leadership Tests Chief Financial Officer",
              "timedOut": null,
              "duration": 61098,
              "state": "failed",
              "speed": null,
              "pass": false,
              "fail": true,
              "pending": false,
              "context": "\"../screenshots/leadership.cy.js/Executive Leadership Tests -- Chief Financial Officer (failed).png\"",
              "code": "this.assertLeader({\n        section,\n        name,\n        title,\n        delay\n      })",
              "err": {
                "message": "AssertionError: Timed out retrying after 60000ms: Expected to find element: `//button[text() = 'I UNDERSTAND']`, but never found it.",
                "estack": "AssertionError: Timed out retrying after 60000ms: Expected to find element: `//button[text() = 'I UNDERSTAND']`, but never found it.\n    at LeadershipFlow.assertLeaderNameHeading (webpack://svn-automation/./cypress/flows/LeadershipFlow.js:107:7)\n    at LeadershipFlow.assertLeader (webpack://svn-automation/./cypress/flows/LeadershipFlow.js:35:9)\n    at Context.eval (webpack://svn-automation/./cypress/flows/LeadershipFlow.js:20:32)",
                "diff": null
              },
              "uuid": "3ca65212-dfcc-4cfc-bc80-202a01dea68d",
              "parentUUID": "252b487f-d273-4bf6-bee3-918b29c7e2da",
              "isHook": false,
              "skipped": false
            },
            {
              "title": "Vice Chairman International & Global Markets",
              "fullTitle": "Executive Leadership Tests Vice Chairman International & Global Markets",
              "timedOut": null,
              "duration": 61136,
              "state": "failed",
              "speed": null,
              "pass": false,
              "fail": true,
              "pending": false,
              "context": "\"../screenshots/leadership.cy.js/Executive Leadership Tests -- Vice Chairman International & Global Markets (failed).png\"",
              "code": "this.assertLeader({\n        section,\n        name,\n        title,\n        delay\n      })",
              "err": {
                "message": "AssertionError: Timed out retrying after 60000ms: Expected to find element: `//button[text() = 'I UNDERSTAND']`, but never found it.",
                "estack": "AssertionError: Timed out retrying after 60000ms: Expected to find element: `//button[text() = 'I UNDERSTAND']`, but never found it.\n    at LeadershipFlow.assertLeaderNameHeading (webpack://svn-automation/./cypress/flows/LeadershipFlow.js:107:7)\n    at LeadershipFlow.assertLeader (webpack://svn-automation/./cypress/flows/LeadershipFlow.js:35:9)\n    at Context.eval (webpack://svn-automation/./cypress/flows/LeadershipFlow.js:20:32)",
                "diff": null
              },
              "uuid": "55f6f04e-87eb-4d52-a78b-568eba21c9f8",
              "parentUUID": "252b487f-d273-4bf6-bee3-918b29c7e2da",
              "isHook": false,
              "skipped": false
            },
            {
              "title": "President",
              "fullTitle": "Executive Leadership Tests President",
              "timedOut": null,
              "duration": 61171,
              "state": "failed",
              "speed": null,
              "pass": false,
              "fail": true,
              "pending": false,
              "context": "\"../screenshots/leadership.cy.js/Executive Leadership Tests -- President (failed).png\"",
              "code": "this.assertLeader({\n        section,\n        name,\n        title,\n        delay\n      })",
              "err": {
                "message": "AssertionError: Timed out retrying after 60000ms: Expected to find element: `//button[text() = 'I UNDERSTAND']`, but never found it.",
                "estack": "AssertionError: Timed out retrying after 60000ms: Expected to find element: `//button[text() = 'I UNDERSTAND']`, but never found it.\n    at LeadershipFlow.assertLeaderNameHeading (webpack://svn-automation/./cypress/flows/LeadershipFlow.js:107:7)\n    at LeadershipFlow.assertLeader (webpack://svn-automation/./cypress/flows/LeadershipFlow.js:35:9)\n    at Context.eval (webpack://svn-automation/./cypress/flows/LeadershipFlow.js:20:32)",
                "diff": null
              },
              "uuid": "4cc74179-4f4c-4801-89e5-c117b599ae93",
              "parentUUID": "252b487f-d273-4bf6-bee3-918b29c7e2da",
              "isHook": false,
              "skipped": false
            },
            {
              "title": "Chief Operating Officer & Chief Administrative Officer",
              "fullTitle": "Executive Leadership Tests Chief Operating Officer & Chief Administrative Officer",
              "timedOut": null,
              "duration": 61169,
              "state": "failed",
              "speed": null,
              "pass": false,
              "fail": true,
              "pending": false,
              "context": "\"../screenshots/leadership.cy.js/Executive Leadership Tests -- Chief Operating Officer & Chief Administrative Officer (failed).png\"",
              "code": "this.assertLeader({\n        section,\n        name,\n        title,\n        delay\n      })",
              "err": {
                "message": "AssertionError: Timed out retrying after 60000ms: Expected to find element: `//button[text() = 'I UNDERSTAND']`, but never found it.",
                "estack": "AssertionError: Timed out retrying after 60000ms: Expected to find element: `//button[text() = 'I UNDERSTAND']`, but never found it.\n    at LeadershipFlow.assertLeaderNameHeading (webpack://svn-automation/./cypress/flows/LeadershipFlow.js:107:7)\n    at LeadershipFlow.assertLeader (webpack://svn-automation/./cypress/flows/LeadershipFlow.js:35:9)\n    at Context.eval (webpack://svn-automation/./cypress/flows/LeadershipFlow.js:20:32)",
                "diff": null
              },
              "uuid": "73b5c147-ba8a-49c6-b3d7-3e4d673cb20f",
              "parentUUID": "252b487f-d273-4bf6-bee3-918b29c7e2da",
              "isHook": false,
              "skipped": false
            }
          ],
          "suites": [],
          "passes": [],
          "failures": [
            "a3f4a7d6-8132-494c-9674-ac93c17fbc0b",
            "f582edd2-31d7-45de-b91c-7df4a5511037",
            "34f67213-006a-45e4-8758-31befc082af3",
            "13c5aead-9f3b-4e1d-afe0-9ff9cb5e2ba7",
            "ed55f1ce-c6b9-4db8-9a75-3929b87ac667",
            "3ca65212-dfcc-4cfc-bc80-202a01dea68d",
            "55f6f04e-87eb-4d52-a78b-568eba21c9f8",
            "4cc74179-4f4c-4801-89e5-c117b599ae93",
            "73b5c147-ba8a-49c6-b3d7-3e4d673cb20f"
          ],
          "pending": [],
          "skipped": [],
          "duration": 564420,
          "root": false,
          "rootEmpty": false,
          "_timeout": 2000
        },
        {
          "uuid": "946c47a9-2ebf-4de4-b36b-51e05270fc95",
          "title": "Senior Leadership Tests",
          "fullFile": "",
          "file": "",
          "beforeHooks": [],
          "afterHooks": [],
          "tests": [
            {
              "title": "West Region",
              "fullTitle": "Senior Leadership Tests West Region",
              "timedOut": null,
              "duration": 61172,
              "state": "failed",
              "speed": null,
              "pass": false,
              "fail": true,
              "pending": false,
              "context": "\"../screenshots/leadership.cy.js/Senior Leadership Tests -- West Region (failed).png\"",
              "code": "this.assertLeader({\n        section,\n        name,\n        title,\n        delay\n      })",
              "err": {
                "message": "AssertionError: Timed out retrying after 60000ms: Expected to find element: `//button[text() = 'I UNDERSTAND']`, but never found it.",
                "estack": "AssertionError: Timed out retrying after 60000ms: Expected to find element: `//button[text() = 'I UNDERSTAND']`, but never found it.\n    at LeadershipFlow.assertLeaderNameHeading (webpack://svn-automation/./cypress/flows/LeadershipFlow.js:107:7)\n    at LeadershipFlow.assertLeader (webpack://svn-automation/./cypress/flows/LeadershipFlow.js:35:9)\n    at Context.eval (webpack://svn-automation/./cypress/flows/LeadershipFlow.js:20:32)",
                "diff": null
              },
              "uuid": "3ece8845-c493-4c62-9575-e9f5cf83dacc",
              "parentUUID": "946c47a9-2ebf-4de4-b36b-51e05270fc95",
              "isHook": false,
              "skipped": false
            },
            {
              "title": "Wholesale Insurance",
              "fullTitle": "Senior Leadership Tests Wholesale Insurance",
              "timedOut": null,
              "duration": 61066,
              "state": "failed",
              "speed": null,
              "pass": false,
              "fail": true,
              "pending": false,
              "context": "\"../screenshots/leadership.cy.js/Senior Leadership Tests -- Wholesale Insurance (failed).png\"",
              "code": "this.assertLeader({\n        section,\n        name,\n        title,\n        delay\n      })",
              "err": {
                "message": "AssertionError: Timed out retrying after 60000ms: Expected to find element: `//button[text() = 'I UNDERSTAND']`, but never found it.",
                "estack": "AssertionError: Timed out retrying after 60000ms: Expected to find element: `//button[text() = 'I UNDERSTAND']`, but never found it.\n    at LeadershipFlow.assertLeaderNameHeading (webpack://svn-automation/./cypress/flows/LeadershipFlow.js:107:7)\n    at LeadershipFlow.assertLeader (webpack://svn-automation/./cypress/flows/LeadershipFlow.js:35:9)\n    at Context.eval (webpack://svn-automation/./cypress/flows/LeadershipFlow.js:20:32)",
                "diff": null
              },
              "uuid": "1986f1ec-776f-41b5-9765-96c93d2f8c20",
              "parentUUID": "946c47a9-2ebf-4de4-b36b-51e05270fc95",
              "isHook": false,
              "skipped": false
            },
            {
              "title": "Real Estate Services",
              "fullTitle": "Senior Leadership Tests Real Estate Services",
              "timedOut": null,
              "duration": 61179,
              "state": "failed",
              "speed": null,
              "pass": false,
              "fail": true,
              "pending": false,
              "context": "\"../screenshots/leadership.cy.js/Senior Leadership Tests -- Real Estate Services (failed).png\"",
              "code": "this.assertLeader({\n        section,\n        name,\n        title,\n        delay\n      })",
              "err": {
                "message": "AssertionError: Timed out retrying after 60000ms: Expected to find element: `//button[text() = 'I UNDERSTAND']`, but never found it.",
                "estack": "AssertionError: Timed out retrying after 60000ms: Expected to find element: `//button[text() = 'I UNDERSTAND']`, but never found it.\n    at LeadershipFlow.assertLeaderNameHeading (webpack://svn-automation/./cypress/flows/LeadershipFlow.js:107:7)\n    at LeadershipFlow.assertLeader (webpack://svn-automation/./cypress/flows/LeadershipFlow.js:35:9)\n    at Context.eval (webpack://svn-automation/./cypress/flows/LeadershipFlow.js:20:32)",
                "diff": null
              },
              "uuid": "6b9c4620-0f0b-4e62-90aa-d881b4d166e2",
              "parentUUID": "946c47a9-2ebf-4de4-b36b-51e05270fc95",
              "isHook": false,
              "skipped": false
            },
            {
              "title": "New York Region",
              "fullTitle": "Senior Leadership Tests New York Region",
              "timedOut": null,
              "duration": 61097,
              "state": "failed",
              "speed": null,
              "pass": false,
              "fail": true,
              "pending": false,
              "context": "\"../screenshots/leadership.cy.js/Senior Leadership Tests -- New York Region (failed).png\"",
              "code": "this.assertLeader({\n        section,\n        name,\n        title,\n        delay\n      })",
              "err": {
                "message": "AssertionError: Timed out retrying after 60000ms: Expected to find element: `//button[text() = 'I UNDERSTAND']`, but never found it.",
                "estack": "AssertionError: Timed out retrying after 60000ms: Expected to find element: `//button[text() = 'I UNDERSTAND']`, but never found it.\n    at LeadershipFlow.assertLeaderNameHeading (webpack://svn-automation/./cypress/flows/LeadershipFlow.js:107:7)\n    at LeadershipFlow.assertLeader (webpack://svn-automation/./cypress/flows/LeadershipFlow.js:35:9)\n    at Context.eval (webpack://svn-automation/./cypress/flows/LeadershipFlow.js:20:32)",
                "diff": null
              },
              "uuid": "17370371-e461-4d03-bd77-d0f2cfff263c",
              "parentUUID": "946c47a9-2ebf-4de4-b36b-51e05270fc95",
              "isHook": false,
              "skipped": false
            },
            {
              "title": "Head of Personal Risk",
              "fullTitle": "Senior Leadership Tests Head of Personal Risk",
              "timedOut": null,
              "duration": 61207,
              "state": "failed",
              "speed": null,
              "pass": false,
              "fail": true,
              "pending": false,
              "context": "\"../screenshots/leadership.cy.js/Senior Leadership Tests -- Head of Personal Risk (failed).png\"",
              "code": "this.assertLeader({\n        section,\n        name,\n        title,\n        delay\n      })",
              "err": {
                "message": "AssertionError: Timed out retrying after 60000ms: Expected to find element: `//button[text() = 'I UNDERSTAND']`, but never found it.",
                "estack": "AssertionError: Timed out retrying after 60000ms: Expected to find element: `//button[text() = 'I UNDERSTAND']`, but never found it.\n    at LeadershipFlow.assertLeaderNameHeading (webpack://svn-automation/./cypress/flows/LeadershipFlow.js:107:7)\n    at LeadershipFlow.assertLeader (webpack://svn-automation/./cypress/flows/LeadershipFlow.js:35:9)\n    at Context.eval (webpack://svn-automation/./cypress/flows/LeadershipFlow.js:20:32)",
                "diff": null
              },
              "uuid": "cad932a2-efad-40f0-8586-0654b1c1f917",
              "parentUUID": "946c47a9-2ebf-4de4-b36b-51e05270fc95",
              "isHook": false,
              "skipped": false
            },
            {
              "title": "Chief Communications Officer",
              "fullTitle": "Senior Leadership Tests Chief Communications Officer",
              "timedOut": null,
              "duration": 61179,
              "state": "failed",
              "speed": null,
              "pass": false,
              "fail": true,
              "pending": false,
              "context": "\"../screenshots/leadership.cy.js/Senior Leadership Tests -- Chief Communications Officer (failed).png\"",
              "code": "this.assertLeader({\n        section,\n        name,\n        title,\n        delay\n      })",
              "err": {
                "message": "AssertionError: Timed out retrying after 60000ms: Expected to find element: `//button[text() = 'I UNDERSTAND']`, but never found it.",
                "estack": "AssertionError: Timed out retrying after 60000ms: Expected to find element: `//button[text() = 'I UNDERSTAND']`, but never found it.\n    at LeadershipFlow.assertLeaderNameHeading (webpack://svn-automation/./cypress/flows/LeadershipFlow.js:107:7)\n    at LeadershipFlow.assertLeader (webpack://svn-automation/./cypress/flows/LeadershipFlow.js:35:9)\n    at Context.eval (webpack://svn-automation/./cypress/flows/LeadershipFlow.js:20:32)",
                "diff": null
              },
              "uuid": "528509ee-446e-44f6-b743-cce7fc8fac51",
              "parentUUID": "946c47a9-2ebf-4de4-b36b-51e05270fc95",
              "isHook": false,
              "skipped": false
            },
            {
              "title": "New York Region",
              "fullTitle": "Senior Leadership Tests New York Region",
              "timedOut": null,
              "duration": 61278,
              "state": "failed",
              "speed": null,
              "pass": false,
              "fail": true,
              "pending": false,
              "context": "\"../screenshots/leadership.cy.js/Senior Leadership Tests -- New York Region (failed).png\"",
              "code": "this.assertLeader({\n        section,\n        name,\n        title,\n        delay\n      })",
              "err": {
                "message": "AssertionError: Timed out retrying after 60000ms: Expected to find element: `//button[text() = 'I UNDERSTAND']`, but never found it.",
                "estack": "AssertionError: Timed out retrying after 60000ms: Expected to find element: `//button[text() = 'I UNDERSTAND']`, but never found it.\n    at LeadershipFlow.assertLeaderNameHeading (webpack://svn-automation/./cypress/flows/LeadershipFlow.js:107:7)\n    at LeadershipFlow.assertLeader (webpack://svn-automation/./cypress/flows/LeadershipFlow.js:35:9)\n    at Context.eval (webpack://svn-automation/./cypress/flows/LeadershipFlow.js:20:32)",
                "diff": null
              },
              "uuid": "494adeff-741f-48be-9870-255e1c5f3da4",
              "parentUUID": "946c47a9-2ebf-4de4-b36b-51e05270fc95",
              "isHook": false,
              "skipped": false
            },
            {
              "title": "Head of People, Innovation",
              "fullTitle": "Senior Leadership Tests Head of People, Innovation",
              "timedOut": null,
              "duration": 61231,
              "state": "failed",
              "speed": null,
              "pass": false,
              "fail": true,
              "pending": false,
              "context": "\"../screenshots/leadership.cy.js/Senior Leadership Tests -- Head of People, Innovation (failed).png\"",
              "code": "this.assertLeader({\n        section,\n        name,\n        title,\n        delay\n      })",
              "err": {
                "message": "AssertionError: Timed out retrying after 60000ms: Expected to find element: `//button[text() = 'I UNDERSTAND']`, but never found it.",
                "estack": "AssertionError: Timed out retrying after 60000ms: Expected to find element: `//button[text() = 'I UNDERSTAND']`, but never found it.\n    at LeadershipFlow.assertLeaderNameHeading (webpack://svn-automation/./cypress/flows/LeadershipFlow.js:107:7)\n    at LeadershipFlow.assertLeader (webpack://svn-automation/./cypress/flows/LeadershipFlow.js:35:9)\n    at Context.eval (webpack://svn-automation/./cypress/flows/LeadershipFlow.js:20:32)",
                "diff": null
              },
              "uuid": "25890462-cbd3-4068-93f3-3af4e8d1d050",
              "parentUUID": "946c47a9-2ebf-4de4-b36b-51e05270fc95",
              "isHook": false,
              "skipped": false
            },
            {
              "title": "Senior Vice President, Acrisure Business Services",
              "fullTitle": "Senior Leadership Tests Senior Vice President, Acrisure Business Services",
              "timedOut": null,
              "duration": 61246,
              "state": "failed",
              "speed": null,
              "pass": false,
              "fail": true,
              "pending": false,
              "context": "\"../screenshots/leadership.cy.js/Senior Leadership Tests -- Senior Vice President, Acrisure Business Services (failed).png\"",
              "code": "this.assertLeader({\n        section,\n        name,\n        title,\n        delay\n      })",
              "err": {
                "message": "AssertionError: Timed out retrying after 60000ms: Expected to find element: `//button[text() = 'I UNDERSTAND']`, but never found it.",
                "estack": "AssertionError: Timed out retrying after 60000ms: Expected to find element: `//button[text() = 'I UNDERSTAND']`, but never found it.\n    at LeadershipFlow.assertLeaderNameHeading (webpack://svn-automation/./cypress/flows/LeadershipFlow.js:107:7)\n    at LeadershipFlow.assertLeader (webpack://svn-automation/./cypress/flows/LeadershipFlow.js:35:9)\n    at Context.eval (webpack://svn-automation/./cypress/flows/LeadershipFlow.js:20:32)",
                "diff": null
              },
              "uuid": "0068ce5e-56d1-4350-be55-8e9167869484",
              "parentUUID": "946c47a9-2ebf-4de4-b36b-51e05270fc95",
              "isHook": false,
              "skipped": false
            },
            {
              "title": "Head of Employee Benefits, Life & Health",
              "fullTitle": "Senior Leadership Tests Head of Employee Benefits, Life & Health",
              "timedOut": null,
              "duration": 61274,
              "state": "failed",
              "speed": null,
              "pass": false,
              "fail": true,
              "pending": false,
              "context": "\"../screenshots/leadership.cy.js/Senior Leadership Tests -- Head of Employee Benefits, Life & Health (failed).png\"",
              "code": "this.assertLeader({\n        section,\n        name,\n        title,\n        delay\n      })",
              "err": {
                "message": "AssertionError: Timed out retrying after 60000ms: Expected to find element: `//button[text() = 'I UNDERSTAND']`, but never found it.",
                "estack": "AssertionError: Timed out retrying after 60000ms: Expected to find element: `//button[text() = 'I UNDERSTAND']`, but never found it.\n    at LeadershipFlow.assertLeaderNameHeading (webpack://svn-automation/./cypress/flows/LeadershipFlow.js:107:7)\n    at LeadershipFlow.assertLeader (webpack://svn-automation/./cypress/flows/LeadershipFlow.js:35:9)\n    at Context.eval (webpack://svn-automation/./cypress/flows/LeadershipFlow.js:20:32)",
                "diff": null
              },
              "uuid": "afa36c2d-4f7d-485d-a7f4-c4e3723e2c6e",
              "parentUUID": "946c47a9-2ebf-4de4-b36b-51e05270fc95",
              "isHook": false,
              "skipped": false
            },
            {
              "title": "Mid-Atlantic Region",
              "fullTitle": "Senior Leadership Tests Mid-Atlantic Region",
              "timedOut": null,
              "duration": 61205,
              "state": "failed",
              "speed": null,
              "pass": false,
              "fail": true,
              "pending": false,
              "context": "\"../screenshots/leadership.cy.js/Senior Leadership Tests -- Mid-Atlantic Region (failed).png\"",
              "code": "this.assertLeader({\n        section,\n        name,\n        title,\n        delay\n      })",
              "err": {
                "message": "AssertionError: Timed out retrying after 60000ms: Expected to find element: `//button[text() = 'I UNDERSTAND']`, but never found it.",
                "estack": "AssertionError: Timed out retrying after 60000ms: Expected to find element: `//button[text() = 'I UNDERSTAND']`, but never found it.\n    at LeadershipFlow.assertLeaderNameHeading (webpack://svn-automation/./cypress/flows/LeadershipFlow.js:107:7)\n    at LeadershipFlow.assertLeader (webpack://svn-automation/./cypress/flows/LeadershipFlow.js:35:9)\n    at Context.eval (webpack://svn-automation/./cypress/flows/LeadershipFlow.js:20:32)",
                "diff": null
              },
              "uuid": "9edab846-acfd-4715-be73-beb19f53fa43",
              "parentUUID": "946c47a9-2ebf-4de4-b36b-51e05270fc95",
              "isHook": false,
              "skipped": false
            },
            {
              "title": "South Region",
              "fullTitle": "Senior Leadership Tests South Region",
              "timedOut": null,
              "duration": 61218,
              "state": "failed",
              "speed": null,
              "pass": false,
              "fail": true,
              "pending": false,
              "context": "\"../screenshots/leadership.cy.js/Senior Leadership Tests -- South Region (failed).png\"",
              "code": "this.assertLeader({\n        section,\n        name,\n        title,\n        delay\n      })",
              "err": {
                "message": "AssertionError: Timed out retrying after 60000ms: Expected to find element: `//button[text() = 'I UNDERSTAND']`, but never found it.",
                "estack": "AssertionError: Timed out retrying after 60000ms: Expected to find element: `//button[text() = 'I UNDERSTAND']`, but never found it.\n    at LeadershipFlow.assertLeaderNameHeading (webpack://svn-automation/./cypress/flows/LeadershipFlow.js:107:7)\n    at LeadershipFlow.assertLeader (webpack://svn-automation/./cypress/flows/LeadershipFlow.js:35:9)\n    at Context.eval (webpack://svn-automation/./cypress/flows/LeadershipFlow.js:20:32)",
                "diff": null
              },
              "uuid": "3482f249-a97c-4203-8dd1-6265cc87949d",
              "parentUUID": "946c47a9-2ebf-4de4-b36b-51e05270fc95",
              "isHook": false,
              "skipped": false
            },
            {
              "title": "Vice President & Head of Data",
              "fullTitle": "Senior Leadership Tests Vice President & Head of Data",
              "timedOut": null,
              "duration": 61217,
              "state": "failed",
              "speed": null,
              "pass": false,
              "fail": true,
              "pending": false,
              "context": "\"../screenshots/leadership.cy.js/Senior Leadership Tests -- Vice President & Head of Data (failed).png\"",
              "code": "this.assertLeader({\n        section,\n        name,\n        title,\n        delay\n      })",
              "err": {
                "message": "AssertionError: Timed out retrying after 60000ms: Expected to find element: `//button[text() = 'I UNDERSTAND']`, but never found it.",
                "estack": "AssertionError: Timed out retrying after 60000ms: Expected to find element: `//button[text() = 'I UNDERSTAND']`, but never found it.\n    at LeadershipFlow.assertLeaderNameHeading (webpack://svn-automation/./cypress/flows/LeadershipFlow.js:107:7)\n    at LeadershipFlow.assertLeader (webpack://svn-automation/./cypress/flows/LeadershipFlow.js:35:9)\n    at Context.eval (webpack://svn-automation/./cypress/flows/LeadershipFlow.js:20:32)",
                "diff": null
              },
              "uuid": "ad53284c-1c68-41e4-b6ef-44e5278d0634",
              "parentUUID": "946c47a9-2ebf-4de4-b36b-51e05270fc95",
              "isHook": false,
              "skipped": false
            },
            {
              "title": "CEO, Acrisure Re",
              "fullTitle": "Senior Leadership Tests CEO, Acrisure Re",
              "timedOut": null,
              "duration": 61166,
              "state": "failed",
              "speed": null,
              "pass": false,
              "fail": true,
              "pending": false,
              "context": "\"../screenshots/leadership.cy.js/Senior Leadership Tests -- CEO, Acrisure Re (failed).png\"",
              "code": "this.assertLeader({\n        section,\n        name,\n        title,\n        delay\n      })",
              "err": {
                "message": "AssertionError: Timed out retrying after 60000ms: Expected to find element: `//button[text() = 'I UNDERSTAND']`, but never found it.",
                "estack": "AssertionError: Timed out retrying after 60000ms: Expected to find element: `//button[text() = 'I UNDERSTAND']`, but never found it.\n    at LeadershipFlow.assertLeaderNameHeading (webpack://svn-automation/./cypress/flows/LeadershipFlow.js:107:7)\n    at LeadershipFlow.assertLeader (webpack://svn-automation/./cypress/flows/LeadershipFlow.js:35:9)\n    at Context.eval (webpack://svn-automation/./cypress/flows/LeadershipFlow.js:20:32)",
                "diff": null
              },
              "uuid": "617330ff-b030-44fd-a945-84f9d9392bb8",
              "parentUUID": "946c47a9-2ebf-4de4-b36b-51e05270fc95",
              "isHook": false,
              "skipped": false
            },
            {
              "title": "Southeast Region",
              "fullTitle": "Senior Leadership Tests Southeast Region",
              "timedOut": null,
              "duration": 61181,
              "state": "failed",
              "speed": null,
              "pass": false,
              "fail": true,
              "pending": false,
              "context": "\"../screenshots/leadership.cy.js/Senior Leadership Tests -- Southeast Region (failed).png\"",
              "code": "this.assertLeader({\n        section,\n        name,\n        title,\n        delay\n      })",
              "err": {
                "message": "AssertionError: Timed out retrying after 60000ms: Expected to find element: `//button[text() = 'I UNDERSTAND']`, but never found it.",
                "estack": "AssertionError: Timed out retrying after 60000ms: Expected to find element: `//button[text() = 'I UNDERSTAND']`, but never found it.\n    at LeadershipFlow.assertLeaderNameHeading (webpack://svn-automation/./cypress/flows/LeadershipFlow.js:107:7)\n    at LeadershipFlow.assertLeader (webpack://svn-automation/./cypress/flows/LeadershipFlow.js:35:9)\n    at Context.eval (webpack://svn-automation/./cypress/flows/LeadershipFlow.js:20:32)",
                "diff": null
              },
              "uuid": "55355745-9eee-41c4-bffc-91cc0b4f9555",
              "parentUUID": "946c47a9-2ebf-4de4-b36b-51e05270fc95",
              "isHook": false,
              "skipped": false
            },
            {
              "title": "International",
              "fullTitle": "Senior Leadership Tests International",
              "timedOut": null,
              "duration": 61245,
              "state": "failed",
              "speed": null,
              "pass": false,
              "fail": true,
              "pending": false,
              "context": "\"../screenshots/leadership.cy.js/Senior Leadership Tests -- International (failed).png\"",
              "code": "this.assertLeader({\n        section,\n        name,\n        title,\n        delay\n      })",
              "err": {
                "message": "AssertionError: Timed out retrying after 60000ms: Expected to find element: `//button[text() = 'I UNDERSTAND']`, but never found it.",
                "estack": "AssertionError: Timed out retrying after 60000ms: Expected to find element: `//button[text() = 'I UNDERSTAND']`, but never found it.\n    at LeadershipFlow.assertLeaderNameHeading (webpack://svn-automation/./cypress/flows/LeadershipFlow.js:107:7)\n    at LeadershipFlow.assertLeader (webpack://svn-automation/./cypress/flows/LeadershipFlow.js:35:9)\n    at Context.eval (webpack://svn-automation/./cypress/flows/LeadershipFlow.js:20:32)",
                "diff": null
              },
              "uuid": "f44dd749-25c2-4108-968c-fbf0cd6068ba",
              "parentUUID": "946c47a9-2ebf-4de4-b36b-51e05270fc95",
              "isHook": false,
              "skipped": false
            },
            {
              "title": "Northwest Region",
              "fullTitle": "Senior Leadership Tests Northwest Region",
              "timedOut": null,
              "duration": 61209,
              "state": "failed",
              "speed": null,
              "pass": false,
              "fail": true,
              "pending": false,
              "context": "\"../screenshots/leadership.cy.js/Senior Leadership Tests -- Northwest Region (failed).png\"",
              "code": "this.assertLeader({\n        section,\n        name,\n        title,\n        delay\n      })",
              "err": {
                "message": "AssertionError: Timed out retrying after 60000ms: Expected to find element: `//button[text() = 'I UNDERSTAND']`, but never found it.",
                "estack": "AssertionError: Timed out retrying after 60000ms: Expected to find element: `//button[text() = 'I UNDERSTAND']`, but never found it.\n    at LeadershipFlow.assertLeaderNameHeading (webpack://svn-automation/./cypress/flows/LeadershipFlow.js:107:7)\n    at LeadershipFlow.assertLeader (webpack://svn-automation/./cypress/flows/LeadershipFlow.js:35:9)\n    at Context.eval (webpack://svn-automation/./cypress/flows/LeadershipFlow.js:20:32)",
                "diff": null
              },
              "uuid": "25eba84e-3927-41fc-a240-2706f2bdde4b",
              "parentUUID": "946c47a9-2ebf-4de4-b36b-51e05270fc95",
              "isHook": false,
              "skipped": false
            },
            {
              "title": "New Jersey Region",
              "fullTitle": "Senior Leadership Tests New Jersey Region",
              "timedOut": null,
              "duration": 61292,
              "state": "failed",
              "speed": null,
              "pass": false,
              "fail": true,
              "pending": false,
              "context": "\"../screenshots/leadership.cy.js/Senior Leadership Tests -- New Jersey Region (failed).png\"",
              "code": "this.assertLeader({\n        section,\n        name,\n        title,\n        delay\n      })",
              "err": {
                "message": "AssertionError: Timed out retrying after 60000ms: Expected to find element: `//button[text() = 'I UNDERSTAND']`, but never found it.",
                "estack": "AssertionError: Timed out retrying after 60000ms: Expected to find element: `//button[text() = 'I UNDERSTAND']`, but never found it.\n    at LeadershipFlow.assertLeaderNameHeading (webpack://svn-automation/./cypress/flows/LeadershipFlow.js:107:7)\n    at LeadershipFlow.assertLeader (webpack://svn-automation/./cypress/flows/LeadershipFlow.js:35:9)\n    at Context.eval (webpack://svn-automation/./cypress/flows/LeadershipFlow.js:20:32)",
                "diff": null
              },
              "uuid": "1e0cc4a8-060a-4106-a5f4-76c00355ff8d",
              "parentUUID": "946c47a9-2ebf-4de4-b36b-51e05270fc95",
              "isHook": false,
              "skipped": false
            },
            {
              "title": "Chief Transformation Officer",
              "fullTitle": "Senior Leadership Tests Chief Transformation Officer",
              "timedOut": null,
              "duration": 61088,
              "state": "failed",
              "speed": null,
              "pass": false,
              "fail": true,
              "pending": false,
              "context": "\"../screenshots/leadership.cy.js/Senior Leadership Tests -- Chief Transformation Officer (failed).png\"",
              "code": "this.assertLeader({\n        section,\n        name,\n        title,\n        delay\n      })",
              "err": {
                "message": "AssertionError: Timed out retrying after 60000ms: Expected to find element: `//button[text() = 'I UNDERSTAND']`, but never found it.",
                "estack": "AssertionError: Timed out retrying after 60000ms: Expected to find element: `//button[text() = 'I UNDERSTAND']`, but never found it.\n    at LeadershipFlow.assertLeaderNameHeading (webpack://svn-automation/./cypress/flows/LeadershipFlow.js:107:7)\n    at LeadershipFlow.assertLeader (webpack://svn-automation/./cypress/flows/LeadershipFlow.js:35:9)\n    at Context.eval (webpack://svn-automation/./cypress/flows/LeadershipFlow.js:20:32)",
                "diff": null
              },
              "uuid": "e3766fc0-d6c1-4d4c-a966-a52cfab52a06",
              "parentUUID": "946c47a9-2ebf-4de4-b36b-51e05270fc95",
              "isHook": false,
              "skipped": false
            },
            {
              "title": "Head of North American Revenue",
              "fullTitle": "Senior Leadership Tests Head of North American Revenue",
              "timedOut": null,
              "duration": 61154,
              "state": "failed",
              "speed": null,
              "pass": false,
              "fail": true,
              "pending": false,
              "context": "\"../screenshots/leadership.cy.js/Senior Leadership Tests -- Head of North American Revenue (failed).png\"",
              "code": "this.assertLeader({\n        section,\n        name,\n        title,\n        delay\n      })",
              "err": {
                "message": "AssertionError: Timed out retrying after 60000ms: Expected to find element: `//button[text() = 'I UNDERSTAND']`, but never found it.",
                "estack": "AssertionError: Timed out retrying after 60000ms: Expected to find element: `//button[text() = 'I UNDERSTAND']`, but never found it.\n    at LeadershipFlow.assertLeaderNameHeading (webpack://svn-automation/./cypress/flows/LeadershipFlow.js:107:7)\n    at LeadershipFlow.assertLeader (webpack://svn-automation/./cypress/flows/LeadershipFlow.js:35:9)\n    at Context.eval (webpack://svn-automation/./cypress/flows/LeadershipFlow.js:20:32)",
                "diff": null
              },
              "uuid": "9c3c9597-cd99-40ab-bdce-8d6a105d67d3",
              "parentUUID": "946c47a9-2ebf-4de4-b36b-51e05270fc95",
              "isHook": false,
              "skipped": false
            },
            {
              "title": "Chief of Staff, Innovation",
              "fullTitle": "Senior Leadership Tests Chief of Staff, Innovation",
              "timedOut": null,
              "duration": 61201,
              "state": "failed",
              "speed": null,
              "pass": false,
              "fail": true,
              "pending": false,
              "context": "\"../screenshots/leadership.cy.js/Senior Leadership Tests -- Chief of Staff, Innovation (failed).png\"",
              "code": "this.assertLeader({\n        section,\n        name,\n        title,\n        delay\n      })",
              "err": {
                "message": "AssertionError: Timed out retrying after 60000ms: Expected to find element: `//button[text() = 'I UNDERSTAND']`, but never found it.",
                "estack": "AssertionError: Timed out retrying after 60000ms: Expected to find element: `//button[text() = 'I UNDERSTAND']`, but never found it.\n    at LeadershipFlow.assertLeaderNameHeading (webpack://svn-automation/./cypress/flows/LeadershipFlow.js:107:7)\n    at LeadershipFlow.assertLeader (webpack://svn-automation/./cypress/flows/LeadershipFlow.js:35:9)\n    at Context.eval (webpack://svn-automation/./cypress/flows/LeadershipFlow.js:20:32)",
                "diff": null
              },
              "uuid": "71c30d83-bd20-49b7-8626-14d9929a7aec",
              "parentUUID": "946c47a9-2ebf-4de4-b36b-51e05270fc95",
              "isHook": false,
              "skipped": false
            },
            {
              "title": "Auto Finance & Insurance",
              "fullTitle": "Senior Leadership Tests Auto Finance & Insurance",
              "timedOut": null,
              "duration": 61226,
              "state": "failed",
              "speed": null,
              "pass": false,
              "fail": true,
              "pending": false,
              "context": "\"../screenshots/leadership.cy.js/Senior Leadership Tests -- Auto Finance & Insurance (failed).png\"",
              "code": "this.assertLeader({\n        section,\n        name,\n        title,\n        delay\n      })",
              "err": {
                "message": "AssertionError: Timed out retrying after 60000ms: Expected to find element: `//button[text() = 'I UNDERSTAND']`, but never found it.",
                "estack": "AssertionError: Timed out retrying after 60000ms: Expected to find element: `//button[text() = 'I UNDERSTAND']`, but never found it.\n    at LeadershipFlow.assertLeaderNameHeading (webpack://svn-automation/./cypress/flows/LeadershipFlow.js:107:7)\n    at LeadershipFlow.assertLeader (webpack://svn-automation/./cypress/flows/LeadershipFlow.js:35:9)\n    at Context.eval (webpack://svn-automation/./cypress/flows/LeadershipFlow.js:20:32)",
                "diff": null
              },
              "uuid": "f70967c6-9db0-46b9-a9fa-2294455af487",
              "parentUUID": "946c47a9-2ebf-4de4-b36b-51e05270fc95",
              "isHook": false,
              "skipped": false
            },
            {
              "title": "West Region",
              "fullTitle": "Senior Leadership Tests West Region",
              "timedOut": null,
              "duration": 61201,
              "state": "failed",
              "speed": null,
              "pass": false,
              "fail": true,
              "pending": false,
              "context": "\"../screenshots/leadership.cy.js/Senior Leadership Tests -- West Region (failed).png\"",
              "code": "this.assertLeader({\n        section,\n        name,\n        title,\n        delay\n      })",
              "err": {
                "message": "AssertionError: Timed out retrying after 60000ms: Expected to find element: `//button[text() = 'I UNDERSTAND']`, but never found it.",
                "estack": "AssertionError: Timed out retrying after 60000ms: Expected to find element: `//button[text() = 'I UNDERSTAND']`, but never found it.\n    at LeadershipFlow.assertLeaderNameHeading (webpack://svn-automation/./cypress/flows/LeadershipFlow.js:107:7)\n    at LeadershipFlow.assertLeader (webpack://svn-automation/./cypress/flows/LeadershipFlow.js:35:9)\n    at Context.eval (webpack://svn-automation/./cypress/flows/LeadershipFlow.js:20:32)",
                "diff": null
              },
              "uuid": "041b3a43-3846-4759-8796-54f5baecb56c",
              "parentUUID": "946c47a9-2ebf-4de4-b36b-51e05270fc95",
              "isHook": false,
              "skipped": false
            },
            {
              "title": "Mortgage Origination",
              "fullTitle": "Senior Leadership Tests Mortgage Origination",
              "timedOut": null,
              "duration": 61217,
              "state": "failed",
              "speed": null,
              "pass": false,
              "fail": true,
              "pending": false,
              "context": "\"../screenshots/leadership.cy.js/Senior Leadership Tests -- Mortgage Origination (failed).png\"",
              "code": "this.assertLeader({\n        section,\n        name,\n        title,\n        delay\n      })",
              "err": {
                "message": "AssertionError: Timed out retrying after 60000ms: Expected to find element: `//button[text() = 'I UNDERSTAND']`, but never found it.",
                "estack": "AssertionError: Timed out retrying after 60000ms: Expected to find element: `//button[text() = 'I UNDERSTAND']`, but never found it.\n    at LeadershipFlow.assertLeaderNameHeading (webpack://svn-automation/./cypress/flows/LeadershipFlow.js:107:7)\n    at LeadershipFlow.assertLeader (webpack://svn-automation/./cypress/flows/LeadershipFlow.js:35:9)\n    at Context.eval (webpack://svn-automation/./cypress/flows/LeadershipFlow.js:20:32)",
                "diff": null
              },
              "uuid": "0935f2d9-1e24-492a-b8a2-da17c3cf85d7",
              "parentUUID": "946c47a9-2ebf-4de4-b36b-51e05270fc95",
              "isHook": false,
              "skipped": false
            },
            {
              "title": "New England Region",
              "fullTitle": "Senior Leadership Tests New England Region",
              "timedOut": null,
              "duration": 61165,
              "state": "failed",
              "speed": null,
              "pass": false,
              "fail": true,
              "pending": false,
              "context": "\"../screenshots/leadership.cy.js/Senior Leadership Tests -- New England Region (failed).png\"",
              "code": "this.assertLeader({\n        section,\n        name,\n        title,\n        delay\n      })",
              "err": {
                "message": "AssertionError: Timed out retrying after 60000ms: Expected to find element: `//button[text() = 'I UNDERSTAND']`, but never found it.",
                "estack": "AssertionError: Timed out retrying after 60000ms: Expected to find element: `//button[text() = 'I UNDERSTAND']`, but never found it.\n    at LeadershipFlow.assertLeaderNameHeading (webpack://svn-automation/./cypress/flows/LeadershipFlow.js:107:7)\n    at LeadershipFlow.assertLeader (webpack://svn-automation/./cypress/flows/LeadershipFlow.js:35:9)\n    at Context.eval (webpack://svn-automation/./cypress/flows/LeadershipFlow.js:20:32)",
                "diff": null
              },
              "uuid": "c76c1492-0392-4aef-a53d-93f238ec989b",
              "parentUUID": "946c47a9-2ebf-4de4-b36b-51e05270fc95",
              "isHook": false,
              "skipped": false
            },
            {
              "title": "Great Lakes Region",
              "fullTitle": "Senior Leadership Tests Great Lakes Region",
              "timedOut": null,
              "duration": 61208,
              "state": "failed",
              "speed": null,
              "pass": false,
              "fail": true,
              "pending": false,
              "context": "\"../screenshots/leadership.cy.js/Senior Leadership Tests -- Great Lakes Region (failed).png\"",
              "code": "this.assertLeader({\n        section,\n        name,\n        title,\n        delay\n      })",
              "err": {
                "message": "AssertionError: Timed out retrying after 60000ms: Expected to find element: `//button[text() = 'I UNDERSTAND']`, but never found it.",
                "estack": "AssertionError: Timed out retrying after 60000ms: Expected to find element: `//button[text() = 'I UNDERSTAND']`, but never found it.\n    at LeadershipFlow.assertLeaderNameHeading (webpack://svn-automation/./cypress/flows/LeadershipFlow.js:107:7)\n    at LeadershipFlow.assertLeader (webpack://svn-automation/./cypress/flows/LeadershipFlow.js:35:9)\n    at Context.eval (webpack://svn-automation/./cypress/flows/LeadershipFlow.js:20:32)",
                "diff": null
              },
              "uuid": "1c49f58a-4e65-4873-b757-bcc909c33e8a",
              "parentUUID": "946c47a9-2ebf-4de4-b36b-51e05270fc95",
              "isHook": false,
              "skipped": false
            },
            {
              "title": "Aerospace",
              "fullTitle": "Senior Leadership Tests Aerospace",
              "timedOut": null,
              "duration": 61140,
              "state": "failed",
              "speed": null,
              "pass": false,
              "fail": true,
              "pending": false,
              "context": "\"../screenshots/leadership.cy.js/Senior Leadership Tests -- Aerospace (failed).png\"",
              "code": "this.assertLeader({\n        section,\n        name,\n        title,\n        delay\n      })",
              "err": {
                "message": "AssertionError: Timed out retrying after 60000ms: Expected to find element: `//button[text() = 'I UNDERSTAND']`, but never found it.",
                "estack": "AssertionError: Timed out retrying after 60000ms: Expected to find element: `//button[text() = 'I UNDERSTAND']`, but never found it.\n    at LeadershipFlow.assertLeaderNameHeading (webpack://svn-automation/./cypress/flows/LeadershipFlow.js:107:7)\n    at LeadershipFlow.assertLeader (webpack://svn-automation/./cypress/flows/LeadershipFlow.js:35:9)\n    at Context.eval (webpack://svn-automation/./cypress/flows/LeadershipFlow.js:20:32)",
                "diff": null
              },
              "uuid": "510119d3-da75-4f9c-b18f-1d659a5e0391",
              "parentUUID": "946c47a9-2ebf-4de4-b36b-51e05270fc95",
              "isHook": false,
              "skipped": false
            },
            {
              "title": "Head of Global Markets",
              "fullTitle": "Senior Leadership Tests Head of Global Markets",
              "timedOut": null,
              "duration": 61254,
              "state": "failed",
              "speed": null,
              "pass": false,
              "fail": true,
              "pending": false,
              "context": "\"../screenshots/leadership.cy.js/Senior Leadership Tests -- Head of Global Markets (failed).png\"",
              "code": "this.assertLeader({\n        section,\n        name,\n        title,\n        delay\n      })",
              "err": {
                "message": "AssertionError: Timed out retrying after 60000ms: Expected to find element: `//button[text() = 'I UNDERSTAND']`, but never found it.",
                "estack": "AssertionError: Timed out retrying after 60000ms: Expected to find element: `//button[text() = 'I UNDERSTAND']`, but never found it.\n    at LeadershipFlow.assertLeaderNameHeading (webpack://svn-automation/./cypress/flows/LeadershipFlow.js:107:7)\n    at LeadershipFlow.assertLeader (webpack://svn-automation/./cypress/flows/LeadershipFlow.js:35:9)\n    at Context.eval (webpack://svn-automation/./cypress/flows/LeadershipFlow.js:20:32)",
                "diff": null
              },
              "uuid": "fb9f50f7-58ce-425b-8b5b-a662c23c1335",
              "parentUUID": "946c47a9-2ebf-4de4-b36b-51e05270fc95",
              "isHook": false,
              "skipped": false
            },
            {
              "title": "Head of North American Operations",
              "fullTitle": "Senior Leadership Tests Head of North American Operations",
              "timedOut": null,
              "duration": 61203,
              "state": "failed",
              "speed": null,
              "pass": false,
              "fail": true,
              "pending": false,
              "context": "\"../screenshots/leadership.cy.js/Senior Leadership Tests -- Head of North American Operations (failed).png\"",
              "code": "this.assertLeader({\n        section,\n        name,\n        title,\n        delay\n      })",
              "err": {
                "message": "AssertionError: Timed out retrying after 60000ms: Expected to find element: `//button[text() = 'I UNDERSTAND']`, but never found it.",
                "estack": "AssertionError: Timed out retrying after 60000ms: Expected to find element: `//button[text() = 'I UNDERSTAND']`, but never found it.\n    at LeadershipFlow.assertLeaderNameHeading (webpack://svn-automation/./cypress/flows/LeadershipFlow.js:107:7)\n    at LeadershipFlow.assertLeader (webpack://svn-automation/./cypress/flows/LeadershipFlow.js:35:9)\n    at Context.eval (webpack://svn-automation/./cypress/flows/LeadershipFlow.js:20:32)",
                "diff": null
              },
              "uuid": "96d3ebb7-0b19-4cf1-ae51-500653081b0a",
              "parentUUID": "946c47a9-2ebf-4de4-b36b-51e05270fc95",
              "isHook": false,
              "skipped": false
            },
            {
              "title": "Midwest Region",
              "fullTitle": "Senior Leadership Tests Midwest Region",
              "timedOut": null,
              "duration": 61311,
              "state": "failed",
              "speed": null,
              "pass": false,
              "fail": true,
              "pending": false,
              "context": "\"../screenshots/leadership.cy.js/Senior Leadership Tests -- Midwest Region (failed).png\"",
              "code": "this.assertLeader({\n        section,\n        name,\n        title,\n        delay\n      })",
              "err": {
                "message": "AssertionError: Timed out retrying after 60000ms: Expected to find element: `//button[text() = 'I UNDERSTAND']`, but never found it.",
                "estack": "AssertionError: Timed out retrying after 60000ms: Expected to find element: `//button[text() = 'I UNDERSTAND']`, but never found it.\n    at LeadershipFlow.assertLeaderNameHeading (webpack://svn-automation/./cypress/flows/LeadershipFlow.js:107:7)\n    at LeadershipFlow.assertLeader (webpack://svn-automation/./cypress/flows/LeadershipFlow.js:35:9)\n    at Context.eval (webpack://svn-automation/./cypress/flows/LeadershipFlow.js:20:32)",
                "diff": null
              },
              "uuid": "694e0354-4ae4-40ad-b8bb-b5d769155eb0",
              "parentUUID": "946c47a9-2ebf-4de4-b36b-51e05270fc95",
              "isHook": false,
              "skipped": false
            },
            {
              "title": "Vice President of Finance & Capital Markets",
              "fullTitle": "Senior Leadership Tests Vice President of Finance & Capital Markets",
              "timedOut": null,
              "duration": 61086,
              "state": "failed",
              "speed": null,
              "pass": false,
              "fail": true,
              "pending": false,
              "context": "\"../screenshots/leadership.cy.js/Senior Leadership Tests -- Vice President of Finance & Capital Markets (failed).png\"",
              "code": "this.assertLeader({\n        section,\n        name,\n        title,\n        delay\n      })",
              "err": {
                "message": "AssertionError: Timed out retrying after 60000ms: Expected to find element: `//button[text() = 'I UNDERSTAND']`, but never found it.",
                "estack": "AssertionError: Timed out retrying after 60000ms: Expected to find element: `//button[text() = 'I UNDERSTAND']`, but never found it.\n    at LeadershipFlow.assertLeaderNameHeading (webpack://svn-automation/./cypress/flows/LeadershipFlow.js:107:7)\n    at LeadershipFlow.assertLeader (webpack://svn-automation/./cypress/flows/LeadershipFlow.js:35:9)\n    at Context.eval (webpack://svn-automation/./cypress/flows/LeadershipFlow.js:20:32)",
                "diff": null
              },
              "uuid": "00a1f8b1-c4c4-4485-bb05-276b019dd8a7",
              "parentUUID": "946c47a9-2ebf-4de4-b36b-51e05270fc95",
              "isHook": false,
              "skipped": false
            },
            {
              "title": "Chief Information Officer",
              "fullTitle": "Senior Leadership Tests Chief Information Officer",
              "timedOut": null,
              "duration": 61181,
              "state": "failed",
              "speed": null,
              "pass": false,
              "fail": true,
              "pending": false,
              "context": "\"../screenshots/leadership.cy.js/Senior Leadership Tests -- Chief Information Officer (failed).png\"",
              "code": "this.assertLeader({\n        section,\n        name,\n        title,\n        delay\n      })",
              "err": {
                "message": "AssertionError: Timed out retrying after 60000ms: Expected to find element: `//button[text() = 'I UNDERSTAND']`, but never found it.",
                "estack": "AssertionError: Timed out retrying after 60000ms: Expected to find element: `//button[text() = 'I UNDERSTAND']`, but never found it.\n    at LeadershipFlow.assertLeaderNameHeading (webpack://svn-automation/./cypress/flows/LeadershipFlow.js:107:7)\n    at LeadershipFlow.assertLeader (webpack://svn-automation/./cypress/flows/LeadershipFlow.js:35:9)\n    at Context.eval (webpack://svn-automation/./cypress/flows/LeadershipFlow.js:20:32)",
                "diff": null
              },
              "uuid": "dcc583dc-563e-4a98-91ce-93d844e71593",
              "parentUUID": "946c47a9-2ebf-4de4-b36b-51e05270fc95",
              "isHook": false,
              "skipped": false
            },
            {
              "title": "Executive Vice President, Growth Marketing",
              "fullTitle": "Senior Leadership Tests Executive Vice President, Growth Marketing",
              "timedOut": null,
              "duration": 61175,
              "state": "failed",
              "speed": null,
              "pass": false,
              "fail": true,
              "pending": false,
              "context": "\"../screenshots/leadership.cy.js/Senior Leadership Tests -- Executive Vice President, Growth Marketing (failed).png\"",
              "code": "this.assertLeader({\n        section,\n        name,\n        title,\n        delay\n      })",
              "err": {
                "message": "AssertionError: Timed out retrying after 60000ms: Expected to find element: `//button[text() = 'I UNDERSTAND']`, but never found it.",
                "estack": "AssertionError: Timed out retrying after 60000ms: Expected to find element: `//button[text() = 'I UNDERSTAND']`, but never found it.\n    at LeadershipFlow.assertLeaderNameHeading (webpack://svn-automation/./cypress/flows/LeadershipFlow.js:107:7)\n    at LeadershipFlow.assertLeader (webpack://svn-automation/./cypress/flows/LeadershipFlow.js:35:9)\n    at Context.eval (webpack://svn-automation/./cypress/flows/LeadershipFlow.js:20:32)",
                "diff": null
              },
              "uuid": "48d2a103-12d6-4110-a875-4ff936b5965a",
              "parentUUID": "946c47a9-2ebf-4de4-b36b-51e05270fc95",
              "isHook": false,
              "skipped": false
            },
            {
              "title": "Chief Product Officer",
              "fullTitle": "Senior Leadership Tests Chief Product Officer",
              "timedOut": null,
              "duration": 61324,
              "state": "failed",
              "speed": null,
              "pass": false,
              "fail": true,
              "pending": false,
              "context": "\"../screenshots/leadership.cy.js/Senior Leadership Tests -- Chief Product Officer (failed).png\"",
              "code": "this.assertLeader({\n        section,\n        name,\n        title,\n        delay\n      })",
              "err": {
                "message": "AssertionError: Timed out retrying after 60000ms: Expected to find element: `//button[text() = 'I UNDERSTAND']`, but never found it.",
                "estack": "AssertionError: Timed out retrying after 60000ms: Expected to find element: `//button[text() = 'I UNDERSTAND']`, but never found it.\n    at LeadershipFlow.assertLeaderNameHeading (webpack://svn-automation/./cypress/flows/LeadershipFlow.js:107:7)\n    at LeadershipFlow.assertLeader (webpack://svn-automation/./cypress/flows/LeadershipFlow.js:35:9)\n    at Context.eval (webpack://svn-automation/./cypress/flows/LeadershipFlow.js:20:32)",
                "diff": null
              },
              "uuid": "06182a94-d3cb-45cb-ac6a-605700c285f5",
              "parentUUID": "946c47a9-2ebf-4de4-b36b-51e05270fc95",
              "isHook": false,
              "skipped": false
            },
            {
              "title": "Vice President, Strategic Partnerships",
              "fullTitle": "Senior Leadership Tests Vice President, Strategic Partnerships",
              "timedOut": null,
              "duration": 61188,
              "state": "failed",
              "speed": null,
              "pass": false,
              "fail": true,
              "pending": false,
              "context": "\"../screenshots/leadership.cy.js/Senior Leadership Tests -- Vice President, Strategic Partnerships (failed).png\"",
              "code": "this.assertLeader({\n        section,\n        name,\n        title,\n        delay\n      })",
              "err": {
                "message": "AssertionError: Timed out retrying after 60000ms: Expected to find element: `//button[text() = 'I UNDERSTAND']`, but never found it.",
                "estack": "AssertionError: Timed out retrying after 60000ms: Expected to find element: `//button[text() = 'I UNDERSTAND']`, but never found it.\n    at LeadershipFlow.assertLeaderNameHeading (webpack://svn-automation/./cypress/flows/LeadershipFlow.js:107:7)\n    at LeadershipFlow.assertLeader (webpack://svn-automation/./cypress/flows/LeadershipFlow.js:35:9)\n    at Context.eval (webpack://svn-automation/./cypress/flows/LeadershipFlow.js:20:32)",
                "diff": null
              },
              "uuid": "39474ae9-770c-44fa-bcdc-2ada8d85a889",
              "parentUUID": "946c47a9-2ebf-4de4-b36b-51e05270fc95",
              "isHook": false,
              "skipped": false
            },
            {
              "title": "Southwest Region",
              "fullTitle": "Senior Leadership Tests Southwest Region",
              "timedOut": null,
              "duration": 61299,
              "state": "failed",
              "speed": null,
              "pass": false,
              "fail": true,
              "pending": false,
              "context": "\"../screenshots/leadership.cy.js/Senior Leadership Tests -- Southwest Region (failed).png\"",
              "code": "this.assertLeader({\n        section,\n        name,\n        title,\n        delay\n      })",
              "err": {
                "message": "AssertionError: Timed out retrying after 60000ms: Expected to find element: `//button[text() = 'I UNDERSTAND']`, but never found it.",
                "estack": "AssertionError: Timed out retrying after 60000ms: Expected to find element: `//button[text() = 'I UNDERSTAND']`, but never found it.\n    at LeadershipFlow.assertLeaderNameHeading (webpack://svn-automation/./cypress/flows/LeadershipFlow.js:107:7)\n    at LeadershipFlow.assertLeader (webpack://svn-automation/./cypress/flows/LeadershipFlow.js:35:9)\n    at Context.eval (webpack://svn-automation/./cypress/flows/LeadershipFlow.js:20:32)",
                "diff": null
              },
              "uuid": "99a6f18f-006c-490d-914e-4f0a272ab344",
              "parentUUID": "946c47a9-2ebf-4de4-b36b-51e05270fc95",
              "isHook": false,
              "skipped": false
            },
            {
              "title": "Executive Vice President & Chief Digital Officer",
              "fullTitle": "Senior Leadership Tests Executive Vice President & Chief Digital Officer",
              "timedOut": null,
              "duration": 61233,
              "state": "failed",
              "speed": null,
              "pass": false,
              "fail": true,
              "pending": false,
              "context": "\"../screenshots/leadership.cy.js/Senior Leadership Tests -- Executive Vice President & Chief Digital Officer (failed).png\"",
              "code": "this.assertLeader({\n        section,\n        name,\n        title,\n        delay\n      })",
              "err": {
                "message": "AssertionError: Timed out retrying after 60000ms: Expected to find element: `//button[text() = 'I UNDERSTAND']`, but never found it.",
                "estack": "AssertionError: Timed out retrying after 60000ms: Expected to find element: `//button[text() = 'I UNDERSTAND']`, but never found it.\n    at LeadershipFlow.assertLeaderNameHeading (webpack://svn-automation/./cypress/flows/LeadershipFlow.js:107:7)\n    at LeadershipFlow.assertLeader (webpack://svn-automation/./cypress/flows/LeadershipFlow.js:35:9)\n    at Context.eval (webpack://svn-automation/./cypress/flows/LeadershipFlow.js:20:32)",
                "diff": null
              },
              "uuid": "6123d1de-866a-45fd-9443-504ad9ff45fe",
              "parentUUID": "946c47a9-2ebf-4de4-b36b-51e05270fc95",
              "isHook": false,
              "skipped": false
            }
          ],
          "suites": [],
          "passes": [],
          "failures": [
            "3ece8845-c493-4c62-9575-e9f5cf83dacc",
            "1986f1ec-776f-41b5-9765-96c93d2f8c20",
            "6b9c4620-0f0b-4e62-90aa-d881b4d166e2",
            "17370371-e461-4d03-bd77-d0f2cfff263c",
            "cad932a2-efad-40f0-8586-0654b1c1f917",
            "528509ee-446e-44f6-b743-cce7fc8fac51",
            "494adeff-741f-48be-9870-255e1c5f3da4",
            "25890462-cbd3-4068-93f3-3af4e8d1d050",
            "0068ce5e-56d1-4350-be55-8e9167869484",
            "afa36c2d-4f7d-485d-a7f4-c4e3723e2c6e",
            "9edab846-acfd-4715-be73-beb19f53fa43",
            "3482f249-a97c-4203-8dd1-6265cc87949d",
            "ad53284c-1c68-41e4-b6ef-44e5278d0634",
            "617330ff-b030-44fd-a945-84f9d9392bb8",
            "55355745-9eee-41c4-bffc-91cc0b4f9555",
            "f44dd749-25c2-4108-968c-fbf0cd6068ba",
            "25eba84e-3927-41fc-a240-2706f2bdde4b",
            "1e0cc4a8-060a-4106-a5f4-76c00355ff8d",
            "e3766fc0-d6c1-4d4c-a966-a52cfab52a06",
            "9c3c9597-cd99-40ab-bdce-8d6a105d67d3",
            "71c30d83-bd20-49b7-8626-14d9929a7aec",
            "f70967c6-9db0-46b9-a9fa-2294455af487",
            "041b3a43-3846-4759-8796-54f5baecb56c",
            "0935f2d9-1e24-492a-b8a2-da17c3cf85d7",
            "c76c1492-0392-4aef-a53d-93f238ec989b",
            "1c49f58a-4e65-4873-b757-bcc909c33e8a",
            "510119d3-da75-4f9c-b18f-1d659a5e0391",
            "fb9f50f7-58ce-425b-8b5b-a662c23c1335",
            "96d3ebb7-0b19-4cf1-ae51-500653081b0a",
            "694e0354-4ae4-40ad-b8bb-b5d769155eb0",
            "00a1f8b1-c4c4-4485-bb05-276b019dd8a7",
            "dcc583dc-563e-4a98-91ce-93d844e71593",
            "48d2a103-12d6-4110-a875-4ff936b5965a",
            "06182a94-d3cb-45cb-ac6a-605700c285f5",
            "39474ae9-770c-44fa-bcdc-2ada8d85a889",
            "99a6f18f-006c-490d-914e-4f0a272ab344",
            "6123d1de-866a-45fd-9443-504ad9ff45fe"
          ],
          "pending": [],
          "skipped": [],
          "duration": 2264516,
          "root": false,
          "rootEmpty": false,
          "_timeout": 2000
        }
      ],
      "passes": [],
      "failures": [],
      "pending": [],
      "skipped": [],
      "duration": 0,
      "root": true,
      "rootEmpty": true,
      "_timeout": 2000
    }
  ],
  "meta": {
    "mocha": {
      "version": "7.2.0"
    },
    "mochawesome": {
      "options": {
        "quiet": false,
        "reportFilename": "mochawesome",
        "saveHtml": false,
        "saveJson": true,
        "consoleReporter": "spec",
        "useInlineDiffs": false,
        "code": true
      },
      "version": "7.1.3"
    },
    "marge": {
      "options": {
        "reportDir": "cypress/results/chrome-1366x768",
        "overwrite": false,
        "html": false,
        "json": true
      },
      "version": "6.2.0"
    }
  }
}