{
  "stats": {
    "suites": 2,
    "tests": 46,
    "passes": 0,
    "pending": 0,
    "failures": 46,
    "start": "2025-05-14T18:35:58.310Z",
    "end": "2025-05-14T19:23:16.947Z",
    "duration": 2838637,
    "testsRegistered": 46,
    "passPercent": 0,
    "pendingPercent": 0,
    "other": 0,
    "hasOther": false,
    "skipped": 0,
    "hasSkipped": false
  },
  "results": [
    {
      "uuid": "393f589e-106a-4209-bc18-ac6ab208c66a",
      "title": "",
      "fullFile": "cypress/e2e/app/leadership.cy.js",
      "file": "cypress/e2e/app/leadership.cy.js",
      "beforeHooks": [],
      "afterHooks": [],
      "tests": [],
      "suites": [
        {
          "uuid": "c26f5312-25ee-40b5-9f31-b148c63f0e7e",
          "title": "Executive Leadership Tests",
          "fullFile": "",
          "file": "",
          "beforeHooks": [],
          "afterHooks": [],
          "tests": [
            {
              "title": "Co-Founder, Chairman & CEO",
              "fullTitle": "Executive Leadership Tests Co-Founder, Chairman & CEO",
              "timedOut": null,
              "duration": 66990,
              "state": "failed",
              "speed": null,
              "pass": false,
              "fail": true,
              "pending": false,
              "context": "\"../screenshots/leadership.cy.js/Executive Leadership Tests -- Co-Founder, Chairman & CEO (failed).png\"",
              "code": "this.assertLeader({\n        section,\n        name,\n        title,\n        delay\n      })",
              "err": {
                "message": "CypressError: Timed out retrying after 60000ms: `cy.trigger()` failed because this element is not visible:\n\n`<ul class=\"MuiList-root MuiList-padding gtn-sml-dropdown css-1ontqvh\">...</ul>`\n\nThis element `<ul.MuiList-root.MuiList-padding.gtn-sml-dropdown.css-1ontqvh>` is not visible because it has CSS property: `visibility: hidden`\n\nFix this problem, or use `{force: true}` to disable error checking.\n\nhttps://on.cypress.io/element-cannot-be-interacted-with",
                "estack": "CypressError: Timed out retrying after 60000ms: `cy.trigger()` failed because this element is not visible:\n\n`<ul class=\"MuiList-root MuiList-padding gtn-sml-dropdown css-1ontqvh\">...</ul>`\n\nThis element `<ul.MuiList-root.MuiList-padding.gtn-sml-dropdown.css-1ontqvh>` is not visible because it has CSS property: `visibility: hidden`\n\nFix this problem, or use `{force: true}` to disable error checking.\n\nhttps://on.cypress.io/element-cannot-be-interacted-with\n    at runVisibilityCheck (https://www.acrisureinnovation.com/__cypress/runner/cypress_runner.js:147019:58)\n    at Object.isStrictlyVisible (https://www.acrisureinnovation.com/__cypress/runner/cypress_runner.js:147033:10)\n    at runAllChecks (https://www.acrisureinnovation.com/__cypress/runner/cypress_runner.js:113413:26)\n    at retryActionability (https://www.acrisureinnovation.com/__cypress/runner/cypress_runner.js:113481:16)\n    at tryCatcher (https://www.acrisureinnovation.com/__cypress/runner/cypress_runner.js:1777:23)\n    at Promise.attempt.Promise.try (https://www.acrisureinnovation.com/__cypress/runner/cypress_runner.js:4285:29)\n    at whenStable (https://www.acrisureinnovation.com/__cypress/runner/cypress_runner.js:145846:68)\n    at <unknown> (https://www.acrisureinnovation.com/__cypress/runner/cypress_runner.js:145787:14)\n    at tryCatcher (https://www.acrisureinnovation.com/__cypress/runner/cypress_runner.js:1777:23)\n    at Promise._settlePromiseFromHandler (https://www.acrisureinnovation.com/__cypress/runner/cypress_runner.js:1489:31)\n    at Promise._settlePromise (https://www.acrisureinnovation.com/__cypress/runner/cypress_runner.js:1546:18)\n    at Promise._settlePromise0 (https://www.acrisureinnovation.com/__cypress/runner/cypress_runner.js:1591:10)\n    at Promise._settlePromises (https://www.acrisureinnovation.com/__cypress/runner/cypress_runner.js:1671:18)\n    at Promise._fulfill (https://www.acrisureinnovation.com/__cypress/runner/cypress_runner.js:1615:18)\n    at <unknown> (https://www.acrisureinnovation.com/__cypress/runner/cypress_runner.js:5420:46)\nFrom Your Spec Code:\n    at Object.proxyGetter [as get] (https://www.acrisureinnovation.com/__cypress/runner/cypress_runner.js:78967:22)\n    at exists (https://www.acrisureinnovation.com/__cypress/runner/cypress_runner.js:145028:26)\n    at elExists (https://www.acrisureinnovation.com/__cypress/runner/cypress_runner.js:145043:10)\n    at ensureExistence (https://www.acrisureinnovation.com/__cypress/runner/cypress_runner.js:145224:22)\n    at onFailFn (https://www.acrisureinnovation.com/__cypress/runner/cypress_runner.js:145253:53)",
                "diff": null
              },
              "uuid": "b1d6316c-26ab-4d08-bbf0-e0656da8ed6d",
              "parentUUID": "c26f5312-25ee-40b5-9f31-b148c63f0e7e",
              "isHook": false,
              "skipped": false
            },
            {
              "title": "Chief People Officer",
              "fullTitle": "Executive Leadership Tests Chief People Officer",
              "timedOut": null,
              "duration": 61542,
              "state": "failed",
              "speed": null,
              "pass": false,
              "fail": true,
              "pending": false,
              "context": "\"../screenshots/leadership.cy.js/Executive Leadership Tests -- Chief People Officer (failed).png\"",
              "code": "this.assertLeader({\n        section,\n        name,\n        title,\n        delay\n      })",
              "err": {
                "message": "CypressError: Timed out retrying after 60000ms: `cy.trigger()` failed because this element is not visible:\n\n`<ul class=\"MuiList-root MuiList-padding gtn-sml-dropdown css-1ontqvh\">...</ul>`\n\nThis element `<ul.MuiList-root.MuiList-padding.gtn-sml-dropdown.css-1ontqvh>` is not visible because it has CSS property: `visibility: hidden`\n\nFix this problem, or use `{force: true}` to disable error checking.\n\nhttps://on.cypress.io/element-cannot-be-interacted-with",
                "estack": "CypressError: Timed out retrying after 60000ms: `cy.trigger()` failed because this element is not visible:\n\n`<ul class=\"MuiList-root MuiList-padding gtn-sml-dropdown css-1ontqvh\">...</ul>`\n\nThis element `<ul.MuiList-root.MuiList-padding.gtn-sml-dropdown.css-1ontqvh>` is not visible because it has CSS property: `visibility: hidden`\n\nFix this problem, or use `{force: true}` to disable error checking.\n\nhttps://on.cypress.io/element-cannot-be-interacted-with\n    at runVisibilityCheck (https://www.acrisureinnovation.com/__cypress/runner/cypress_runner.js:147019:58)\n    at Object.isStrictlyVisible (https://www.acrisureinnovation.com/__cypress/runner/cypress_runner.js:147033:10)\n    at runAllChecks (https://www.acrisureinnovation.com/__cypress/runner/cypress_runner.js:113413:26)\n    at retryActionability (https://www.acrisureinnovation.com/__cypress/runner/cypress_runner.js:113481:16)\n    at tryCatcher (https://www.acrisureinnovation.com/__cypress/runner/cypress_runner.js:1777:23)\n    at Promise.attempt.Promise.try (https://www.acrisureinnovation.com/__cypress/runner/cypress_runner.js:4285:29)\n    at whenStable (https://www.acrisureinnovation.com/__cypress/runner/cypress_runner.js:145846:68)\n    at <unknown> (https://www.acrisureinnovation.com/__cypress/runner/cypress_runner.js:145787:14)\n    at tryCatcher (https://www.acrisureinnovation.com/__cypress/runner/cypress_runner.js:1777:23)\n    at Promise._settlePromiseFromHandler (https://www.acrisureinnovation.com/__cypress/runner/cypress_runner.js:1489:31)\n    at Promise._settlePromise (https://www.acrisureinnovation.com/__cypress/runner/cypress_runner.js:1546:18)\n    at Promise._settlePromise0 (https://www.acrisureinnovation.com/__cypress/runner/cypress_runner.js:1591:10)\n    at Promise._settlePromises (https://www.acrisureinnovation.com/__cypress/runner/cypress_runner.js:1671:18)\n    at Promise._fulfill (https://www.acrisureinnovation.com/__cypress/runner/cypress_runner.js:1615:18)\n    at <unknown> (https://www.acrisureinnovation.com/__cypress/runner/cypress_runner.js:5420:46)\nFrom Your Spec Code:\n    at Object.proxyGetter [as get] (https://www.acrisureinnovation.com/__cypress/runner/cypress_runner.js:78967:22)\n    at exists (https://www.acrisureinnovation.com/__cypress/runner/cypress_runner.js:145028:26)\n    at elExists (https://www.acrisureinnovation.com/__cypress/runner/cypress_runner.js:145043:10)\n    at ensureExistence (https://www.acrisureinnovation.com/__cypress/runner/cypress_runner.js:145224:22)\n    at onFailFn (https://www.acrisureinnovation.com/__cypress/runner/cypress_runner.js:145253:53)",
                "diff": null
              },
              "uuid": "d38aed3e-67af-4c9b-af28-165f0b9f57ba",
              "parentUUID": "c26f5312-25ee-40b5-9f31-b148c63f0e7e",
              "isHook": false,
              "skipped": false
            },
            {
              "title": "Chief acquisition officer",
              "fullTitle": "Executive Leadership Tests Chief acquisition officer",
              "timedOut": null,
              "duration": 61284,
              "state": "failed",
              "speed": null,
              "pass": false,
              "fail": true,
              "pending": false,
              "context": "\"../screenshots/leadership.cy.js/Executive Leadership Tests -- Chief acquisition officer (failed).png\"",
              "code": "this.assertLeader({\n        section,\n        name,\n        title,\n        delay\n      })",
              "err": {
                "message": "CypressError: Timed out retrying after 60000ms: `cy.trigger()` failed because this element is not visible:\n\n`<ul class=\"MuiList-root MuiList-padding gtn-sml-dropdown css-1ontqvh\">...</ul>`\n\nThis element `<ul.MuiList-root.MuiList-padding.gtn-sml-dropdown.css-1ontqvh>` is not visible because it has CSS property: `visibility: hidden`\n\nFix this problem, or use `{force: true}` to disable error checking.\n\nhttps://on.cypress.io/element-cannot-be-interacted-with",
                "estack": "CypressError: Timed out retrying after 60000ms: `cy.trigger()` failed because this element is not visible:\n\n`<ul class=\"MuiList-root MuiList-padding gtn-sml-dropdown css-1ontqvh\">...</ul>`\n\nThis element `<ul.MuiList-root.MuiList-padding.gtn-sml-dropdown.css-1ontqvh>` is not visible because it has CSS property: `visibility: hidden`\n\nFix this problem, or use `{force: true}` to disable error checking.\n\nhttps://on.cypress.io/element-cannot-be-interacted-with\n    at runVisibilityCheck (https://www.acrisureinnovation.com/__cypress/runner/cypress_runner.js:147019:58)\n    at Object.isStrictlyVisible (https://www.acrisureinnovation.com/__cypress/runner/cypress_runner.js:147033:10)\n    at runAllChecks (https://www.acrisureinnovation.com/__cypress/runner/cypress_runner.js:113413:26)\n    at retryActionability (https://www.acrisureinnovation.com/__cypress/runner/cypress_runner.js:113481:16)\n    at tryCatcher (https://www.acrisureinnovation.com/__cypress/runner/cypress_runner.js:1777:23)\n    at Promise.attempt.Promise.try (https://www.acrisureinnovation.com/__cypress/runner/cypress_runner.js:4285:29)\n    at whenStable (https://www.acrisureinnovation.com/__cypress/runner/cypress_runner.js:145846:68)\n    at <unknown> (https://www.acrisureinnovation.com/__cypress/runner/cypress_runner.js:145787:14)\n    at tryCatcher (https://www.acrisureinnovation.com/__cypress/runner/cypress_runner.js:1777:23)\n    at Promise._settlePromiseFromHandler (https://www.acrisureinnovation.com/__cypress/runner/cypress_runner.js:1489:31)\n    at Promise._settlePromise (https://www.acrisureinnovation.com/__cypress/runner/cypress_runner.js:1546:18)\n    at Promise._settlePromise0 (https://www.acrisureinnovation.com/__cypress/runner/cypress_runner.js:1591:10)\n    at Promise._settlePromises (https://www.acrisureinnovation.com/__cypress/runner/cypress_runner.js:1671:18)\n    at Promise._fulfill (https://www.acrisureinnovation.com/__cypress/runner/cypress_runner.js:1615:18)\n    at <unknown> (https://www.acrisureinnovation.com/__cypress/runner/cypress_runner.js:5420:46)\nFrom Your Spec Code:\n    at Object.proxyGetter [as get] (https://www.acrisureinnovation.com/__cypress/runner/cypress_runner.js:78967:22)\n    at exists (https://www.acrisureinnovation.com/__cypress/runner/cypress_runner.js:145028:26)\n    at elExists (https://www.acrisureinnovation.com/__cypress/runner/cypress_runner.js:145043:10)\n    at ensureExistence (https://www.acrisureinnovation.com/__cypress/runner/cypress_runner.js:145224:22)\n    at onFailFn (https://www.acrisureinnovation.com/__cypress/runner/cypress_runner.js:145253:53)",
                "diff": null
              },
              "uuid": "8568c474-4d72-40b5-986a-7b7b9f0446bc",
              "parentUUID": "c26f5312-25ee-40b5-9f31-b148c63f0e7e",
              "isHook": false,
              "skipped": false
            },
            {
              "title": "Chief legal officer",
              "fullTitle": "Executive Leadership Tests Chief legal officer",
              "timedOut": null,
              "duration": 61452,
              "state": "failed",
              "speed": null,
              "pass": false,
              "fail": true,
              "pending": false,
              "context": "\"../screenshots/leadership.cy.js/Executive Leadership Tests -- Chief legal officer (failed).png\"",
              "code": "this.assertLeader({\n        section,\n        name,\n        title,\n        delay\n      })",
              "err": {
                "message": "CypressError: Timed out retrying after 60000ms: `cy.trigger()` failed because this element is not visible:\n\n`<ul class=\"MuiList-root MuiList-padding gtn-sml-dropdown css-1ontqvh\">...</ul>`\n\nThis element `<ul.MuiList-root.MuiList-padding.gtn-sml-dropdown.css-1ontqvh>` is not visible because it has CSS property: `visibility: hidden`\n\nFix this problem, or use `{force: true}` to disable error checking.\n\nhttps://on.cypress.io/element-cannot-be-interacted-with",
                "estack": "CypressError: Timed out retrying after 60000ms: `cy.trigger()` failed because this element is not visible:\n\n`<ul class=\"MuiList-root MuiList-padding gtn-sml-dropdown css-1ontqvh\">...</ul>`\n\nThis element `<ul.MuiList-root.MuiList-padding.gtn-sml-dropdown.css-1ontqvh>` is not visible because it has CSS property: `visibility: hidden`\n\nFix this problem, or use `{force: true}` to disable error checking.\n\nhttps://on.cypress.io/element-cannot-be-interacted-with\n    at runVisibilityCheck (https://www.acrisureinnovation.com/__cypress/runner/cypress_runner.js:147019:58)\n    at Object.isStrictlyVisible (https://www.acrisureinnovation.com/__cypress/runner/cypress_runner.js:147033:10)\n    at runAllChecks (https://www.acrisureinnovation.com/__cypress/runner/cypress_runner.js:113413:26)\n    at retryActionability (https://www.acrisureinnovation.com/__cypress/runner/cypress_runner.js:113481:16)\n    at tryCatcher (https://www.acrisureinnovation.com/__cypress/runner/cypress_runner.js:1777:23)\n    at Promise.attempt.Promise.try (https://www.acrisureinnovation.com/__cypress/runner/cypress_runner.js:4285:29)\n    at whenStable (https://www.acrisureinnovation.com/__cypress/runner/cypress_runner.js:145846:68)\n    at <unknown> (https://www.acrisureinnovation.com/__cypress/runner/cypress_runner.js:145787:14)\n    at tryCatcher (https://www.acrisureinnovation.com/__cypress/runner/cypress_runner.js:1777:23)\n    at Promise._settlePromiseFromHandler (https://www.acrisureinnovation.com/__cypress/runner/cypress_runner.js:1489:31)\n    at Promise._settlePromise (https://www.acrisureinnovation.com/__cypress/runner/cypress_runner.js:1546:18)\n    at Promise._settlePromise0 (https://www.acrisureinnovation.com/__cypress/runner/cypress_runner.js:1591:10)\n    at Promise._settlePromises (https://www.acrisureinnovation.com/__cypress/runner/cypress_runner.js:1671:18)\n    at Promise._fulfill (https://www.acrisureinnovation.com/__cypress/runner/cypress_runner.js:1615:18)\n    at <unknown> (https://www.acrisureinnovation.com/__cypress/runner/cypress_runner.js:5420:46)\nFrom Your Spec Code:\n    at Object.proxyGetter [as get] (https://www.acrisureinnovation.com/__cypress/runner/cypress_runner.js:78967:22)\n    at exists (https://www.acrisureinnovation.com/__cypress/runner/cypress_runner.js:145028:26)\n    at elExists (https://www.acrisureinnovation.com/__cypress/runner/cypress_runner.js:145043:10)\n    at ensureExistence (https://www.acrisureinnovation.com/__cypress/runner/cypress_runner.js:145224:22)\n    at onFailFn (https://www.acrisureinnovation.com/__cypress/runner/cypress_runner.js:145253:53)",
                "diff": null
              },
              "uuid": "fb05e179-3e81-4f59-b68d-143dfdc3286c",
              "parentUUID": "c26f5312-25ee-40b5-9f31-b148c63f0e7e",
              "isHook": false,
              "skipped": false
            },
            {
              "title": "Chief Innovation Officer & Chief Marketing Officer",
              "fullTitle": "Executive Leadership Tests Chief Innovation Officer & Chief Marketing Officer",
              "timedOut": null,
              "duration": 61411,
              "state": "failed",
              "speed": null,
              "pass": false,
              "fail": true,
              "pending": false,
              "context": "\"../screenshots/leadership.cy.js/Executive Leadership Tests -- Chief Innovation Officer & Chief Marketing Officer (failed).png\"",
              "code": "this.assertLeader({\n        section,\n        name,\n        title,\n        delay\n      })",
              "err": {
                "message": "CypressError: Timed out retrying after 60000ms: `cy.trigger()` failed because this element is not visible:\n\n`<ul class=\"MuiList-root MuiList-padding gtn-sml-dropdown css-1ontqvh\">...</ul>`\n\nThis element `<ul.MuiList-root.MuiList-padding.gtn-sml-dropdown.css-1ontqvh>` is not visible because it has CSS property: `visibility: hidden`\n\nFix this problem, or use `{force: true}` to disable error checking.\n\nhttps://on.cypress.io/element-cannot-be-interacted-with",
                "estack": "CypressError: Timed out retrying after 60000ms: `cy.trigger()` failed because this element is not visible:\n\n`<ul class=\"MuiList-root MuiList-padding gtn-sml-dropdown css-1ontqvh\">...</ul>`\n\nThis element `<ul.MuiList-root.MuiList-padding.gtn-sml-dropdown.css-1ontqvh>` is not visible because it has CSS property: `visibility: hidden`\n\nFix this problem, or use `{force: true}` to disable error checking.\n\nhttps://on.cypress.io/element-cannot-be-interacted-with\n    at runVisibilityCheck (https://www.acrisureinnovation.com/__cypress/runner/cypress_runner.js:147019:58)\n    at Object.isStrictlyVisible (https://www.acrisureinnovation.com/__cypress/runner/cypress_runner.js:147033:10)\n    at runAllChecks (https://www.acrisureinnovation.com/__cypress/runner/cypress_runner.js:113413:26)\n    at retryActionability (https://www.acrisureinnovation.com/__cypress/runner/cypress_runner.js:113481:16)\n    at tryCatcher (https://www.acrisureinnovation.com/__cypress/runner/cypress_runner.js:1777:23)\n    at Promise.attempt.Promise.try (https://www.acrisureinnovation.com/__cypress/runner/cypress_runner.js:4285:29)\n    at whenStable (https://www.acrisureinnovation.com/__cypress/runner/cypress_runner.js:145846:68)\n    at <unknown> (https://www.acrisureinnovation.com/__cypress/runner/cypress_runner.js:145787:14)\n    at tryCatcher (https://www.acrisureinnovation.com/__cypress/runner/cypress_runner.js:1777:23)\n    at Promise._settlePromiseFromHandler (https://www.acrisureinnovation.com/__cypress/runner/cypress_runner.js:1489:31)\n    at Promise._settlePromise (https://www.acrisureinnovation.com/__cypress/runner/cypress_runner.js:1546:18)\n    at Promise._settlePromise0 (https://www.acrisureinnovation.com/__cypress/runner/cypress_runner.js:1591:10)\n    at Promise._settlePromises (https://www.acrisureinnovation.com/__cypress/runner/cypress_runner.js:1671:18)\n    at Promise._fulfill (https://www.acrisureinnovation.com/__cypress/runner/cypress_runner.js:1615:18)\n    at <unknown> (https://www.acrisureinnovation.com/__cypress/runner/cypress_runner.js:5420:46)\nFrom Your Spec Code:\n    at Object.proxyGetter [as get] (https://www.acrisureinnovation.com/__cypress/runner/cypress_runner.js:78967:22)\n    at exists (https://www.acrisureinnovation.com/__cypress/runner/cypress_runner.js:145028:26)\n    at elExists (https://www.acrisureinnovation.com/__cypress/runner/cypress_runner.js:145043:10)\n    at ensureExistence (https://www.acrisureinnovation.com/__cypress/runner/cypress_runner.js:145224:22)\n    at onFailFn (https://www.acrisureinnovation.com/__cypress/runner/cypress_runner.js:145253:53)",
                "diff": null
              },
              "uuid": "363ae0de-031b-492f-9100-c5636ef0d88b",
              "parentUUID": "c26f5312-25ee-40b5-9f31-b148c63f0e7e",
              "isHook": false,
              "skipped": false
            },
            {
              "title": "Chief Financial Officer",
              "fullTitle": "Executive Leadership Tests Chief Financial Officer",
              "timedOut": null,
              "duration": 61369,
              "state": "failed",
              "speed": null,
              "pass": false,
              "fail": true,
              "pending": false,
              "context": "\"../screenshots/leadership.cy.js/Executive Leadership Tests -- Chief Financial Officer (failed).png\"",
              "code": "this.assertLeader({\n        section,\n        name,\n        title,\n        delay\n      })",
              "err": {
                "message": "CypressError: Timed out retrying after 60000ms: `cy.trigger()` failed because this element is not visible:\n\n`<ul class=\"MuiList-root MuiList-padding gtn-sml-dropdown css-1ontqvh\">...</ul>`\n\nThis element `<ul.MuiList-root.MuiList-padding.gtn-sml-dropdown.css-1ontqvh>` is not visible because it has CSS property: `visibility: hidden`\n\nFix this problem, or use `{force: true}` to disable error checking.\n\nhttps://on.cypress.io/element-cannot-be-interacted-with",
                "estack": "CypressError: Timed out retrying after 60000ms: `cy.trigger()` failed because this element is not visible:\n\n`<ul class=\"MuiList-root MuiList-padding gtn-sml-dropdown css-1ontqvh\">...</ul>`\n\nThis element `<ul.MuiList-root.MuiList-padding.gtn-sml-dropdown.css-1ontqvh>` is not visible because it has CSS property: `visibility: hidden`\n\nFix this problem, or use `{force: true}` to disable error checking.\n\nhttps://on.cypress.io/element-cannot-be-interacted-with\n    at runVisibilityCheck (https://www.acrisureinnovation.com/__cypress/runner/cypress_runner.js:147019:58)\n    at Object.isStrictlyVisible (https://www.acrisureinnovation.com/__cypress/runner/cypress_runner.js:147033:10)\n    at runAllChecks (https://www.acrisureinnovation.com/__cypress/runner/cypress_runner.js:113413:26)\n    at retryActionability (https://www.acrisureinnovation.com/__cypress/runner/cypress_runner.js:113481:16)\n    at tryCatcher (https://www.acrisureinnovation.com/__cypress/runner/cypress_runner.js:1777:23)\n    at Promise.attempt.Promise.try (https://www.acrisureinnovation.com/__cypress/runner/cypress_runner.js:4285:29)\n    at whenStable (https://www.acrisureinnovation.com/__cypress/runner/cypress_runner.js:145846:68)\n    at <unknown> (https://www.acrisureinnovation.com/__cypress/runner/cypress_runner.js:145787:14)\n    at tryCatcher (https://www.acrisureinnovation.com/__cypress/runner/cypress_runner.js:1777:23)\n    at Promise._settlePromiseFromHandler (https://www.acrisureinnovation.com/__cypress/runner/cypress_runner.js:1489:31)\n    at Promise._settlePromise (https://www.acrisureinnovation.com/__cypress/runner/cypress_runner.js:1546:18)\n    at Promise._settlePromise0 (https://www.acrisureinnovation.com/__cypress/runner/cypress_runner.js:1591:10)\n    at Promise._settlePromises (https://www.acrisureinnovation.com/__cypress/runner/cypress_runner.js:1671:18)\n    at Promise._fulfill (https://www.acrisureinnovation.com/__cypress/runner/cypress_runner.js:1615:18)\n    at <unknown> (https://www.acrisureinnovation.com/__cypress/runner/cypress_runner.js:5420:46)\nFrom Your Spec Code:\n    at Object.proxyGetter [as get] (https://www.acrisureinnovation.com/__cypress/runner/cypress_runner.js:78967:22)\n    at exists (https://www.acrisureinnovation.com/__cypress/runner/cypress_runner.js:145028:26)\n    at elExists (https://www.acrisureinnovation.com/__cypress/runner/cypress_runner.js:145043:10)\n    at ensureExistence (https://www.acrisureinnovation.com/__cypress/runner/cypress_runner.js:145224:22)\n    at onFailFn (https://www.acrisureinnovation.com/__cypress/runner/cypress_runner.js:145253:53)",
                "diff": null
              },
              "uuid": "e9515d1b-970f-41dd-8e77-db573909c845",
              "parentUUID": "c26f5312-25ee-40b5-9f31-b148c63f0e7e",
              "isHook": false,
              "skipped": false
            },
            {
              "title": "Vice Chairman International & Global Markets",
              "fullTitle": "Executive Leadership Tests Vice Chairman International & Global Markets",
              "timedOut": null,
              "duration": 61268,
              "state": "failed",
              "speed": null,
              "pass": false,
              "fail": true,
              "pending": false,
              "context": "\"../screenshots/leadership.cy.js/Executive Leadership Tests -- Vice Chairman International & Global Markets (failed).png\"",
              "code": "this.assertLeader({\n        section,\n        name,\n        title,\n        delay\n      })",
              "err": {
                "message": "CypressError: Timed out retrying after 60000ms: `cy.trigger()` failed because this element is not visible:\n\n`<ul class=\"MuiList-root MuiList-padding gtn-sml-dropdown css-1ontqvh\">...</ul>`\n\nThis element `<ul.MuiList-root.MuiList-padding.gtn-sml-dropdown.css-1ontqvh>` is not visible because it has CSS property: `visibility: hidden`\n\nFix this problem, or use `{force: true}` to disable error checking.\n\nhttps://on.cypress.io/element-cannot-be-interacted-with",
                "estack": "CypressError: Timed out retrying after 60000ms: `cy.trigger()` failed because this element is not visible:\n\n`<ul class=\"MuiList-root MuiList-padding gtn-sml-dropdown css-1ontqvh\">...</ul>`\n\nThis element `<ul.MuiList-root.MuiList-padding.gtn-sml-dropdown.css-1ontqvh>` is not visible because it has CSS property: `visibility: hidden`\n\nFix this problem, or use `{force: true}` to disable error checking.\n\nhttps://on.cypress.io/element-cannot-be-interacted-with\n    at runVisibilityCheck (https://www.acrisureinnovation.com/__cypress/runner/cypress_runner.js:147019:58)\n    at Object.isStrictlyVisible (https://www.acrisureinnovation.com/__cypress/runner/cypress_runner.js:147033:10)\n    at runAllChecks (https://www.acrisureinnovation.com/__cypress/runner/cypress_runner.js:113413:26)\n    at retryActionability (https://www.acrisureinnovation.com/__cypress/runner/cypress_runner.js:113481:16)\n    at tryCatcher (https://www.acrisureinnovation.com/__cypress/runner/cypress_runner.js:1777:23)\n    at Promise.attempt.Promise.try (https://www.acrisureinnovation.com/__cypress/runner/cypress_runner.js:4285:29)\n    at whenStable (https://www.acrisureinnovation.com/__cypress/runner/cypress_runner.js:145846:68)\n    at <unknown> (https://www.acrisureinnovation.com/__cypress/runner/cypress_runner.js:145787:14)\n    at tryCatcher (https://www.acrisureinnovation.com/__cypress/runner/cypress_runner.js:1777:23)\n    at Promise._settlePromiseFromHandler (https://www.acrisureinnovation.com/__cypress/runner/cypress_runner.js:1489:31)\n    at Promise._settlePromise (https://www.acrisureinnovation.com/__cypress/runner/cypress_runner.js:1546:18)\n    at Promise._settlePromise0 (https://www.acrisureinnovation.com/__cypress/runner/cypress_runner.js:1591:10)\n    at Promise._settlePromises (https://www.acrisureinnovation.com/__cypress/runner/cypress_runner.js:1671:18)\n    at Promise._fulfill (https://www.acrisureinnovation.com/__cypress/runner/cypress_runner.js:1615:18)\n    at <unknown> (https://www.acrisureinnovation.com/__cypress/runner/cypress_runner.js:5420:46)\nFrom Your Spec Code:\n    at Object.proxyGetter [as get] (https://www.acrisureinnovation.com/__cypress/runner/cypress_runner.js:78967:22)\n    at exists (https://www.acrisureinnovation.com/__cypress/runner/cypress_runner.js:145028:26)\n    at elExists (https://www.acrisureinnovation.com/__cypress/runner/cypress_runner.js:145043:10)\n    at ensureExistence (https://www.acrisureinnovation.com/__cypress/runner/cypress_runner.js:145224:22)\n    at onFailFn (https://www.acrisureinnovation.com/__cypress/runner/cypress_runner.js:145253:53)",
                "diff": null
              },
              "uuid": "972cebae-2ac8-4616-8cb3-6eacecd82900",
              "parentUUID": "c26f5312-25ee-40b5-9f31-b148c63f0e7e",
              "isHook": false,
              "skipped": false
            },
            {
              "title": "President",
              "fullTitle": "Executive Leadership Tests President",
              "timedOut": null,
              "duration": 61560,
              "state": "failed",
              "speed": null,
              "pass": false,
              "fail": true,
              "pending": false,
              "context": "\"../screenshots/leadership.cy.js/Executive Leadership Tests -- President (failed).png\"",
              "code": "this.assertLeader({\n        section,\n        name,\n        title,\n        delay\n      })",
              "err": {
                "message": "CypressError: Timed out retrying after 60000ms: `cy.trigger()` failed because this element is not visible:\n\n`<ul class=\"MuiList-root MuiList-padding gtn-sml-dropdown css-1ontqvh\">...</ul>`\n\nThis element `<ul.MuiList-root.MuiList-padding.gtn-sml-dropdown.css-1ontqvh>` is not visible because it has CSS property: `visibility: hidden`\n\nFix this problem, or use `{force: true}` to disable error checking.\n\nhttps://on.cypress.io/element-cannot-be-interacted-with",
                "estack": "CypressError: Timed out retrying after 60000ms: `cy.trigger()` failed because this element is not visible:\n\n`<ul class=\"MuiList-root MuiList-padding gtn-sml-dropdown css-1ontqvh\">...</ul>`\n\nThis element `<ul.MuiList-root.MuiList-padding.gtn-sml-dropdown.css-1ontqvh>` is not visible because it has CSS property: `visibility: hidden`\n\nFix this problem, or use `{force: true}` to disable error checking.\n\nhttps://on.cypress.io/element-cannot-be-interacted-with\n    at runVisibilityCheck (https://www.acrisureinnovation.com/__cypress/runner/cypress_runner.js:147019:58)\n    at Object.isStrictlyVisible (https://www.acrisureinnovation.com/__cypress/runner/cypress_runner.js:147033:10)\n    at runAllChecks (https://www.acrisureinnovation.com/__cypress/runner/cypress_runner.js:113413:26)\n    at retryActionability (https://www.acrisureinnovation.com/__cypress/runner/cypress_runner.js:113481:16)\n    at tryCatcher (https://www.acrisureinnovation.com/__cypress/runner/cypress_runner.js:1777:23)\n    at Promise.attempt.Promise.try (https://www.acrisureinnovation.com/__cypress/runner/cypress_runner.js:4285:29)\n    at whenStable (https://www.acrisureinnovation.com/__cypress/runner/cypress_runner.js:145846:68)\n    at <unknown> (https://www.acrisureinnovation.com/__cypress/runner/cypress_runner.js:145787:14)\n    at tryCatcher (https://www.acrisureinnovation.com/__cypress/runner/cypress_runner.js:1777:23)\n    at Promise._settlePromiseFromHandler (https://www.acrisureinnovation.com/__cypress/runner/cypress_runner.js:1489:31)\n    at Promise._settlePromise (https://www.acrisureinnovation.com/__cypress/runner/cypress_runner.js:1546:18)\n    at Promise._settlePromise0 (https://www.acrisureinnovation.com/__cypress/runner/cypress_runner.js:1591:10)\n    at Promise._settlePromises (https://www.acrisureinnovation.com/__cypress/runner/cypress_runner.js:1671:18)\n    at Promise._fulfill (https://www.acrisureinnovation.com/__cypress/runner/cypress_runner.js:1615:18)\n    at <unknown> (https://www.acrisureinnovation.com/__cypress/runner/cypress_runner.js:5420:46)\nFrom Your Spec Code:\n    at Object.proxyGetter [as get] (https://www.acrisureinnovation.com/__cypress/runner/cypress_runner.js:78967:22)\n    at exists (https://www.acrisureinnovation.com/__cypress/runner/cypress_runner.js:145028:26)\n    at elExists (https://www.acrisureinnovation.com/__cypress/runner/cypress_runner.js:145043:10)\n    at ensureExistence (https://www.acrisureinnovation.com/__cypress/runner/cypress_runner.js:145224:22)\n    at onFailFn (https://www.acrisureinnovation.com/__cypress/runner/cypress_runner.js:145253:53)",
                "diff": null
              },
              "uuid": "28c5b7f1-f212-4044-903d-9372a0365db0",
              "parentUUID": "c26f5312-25ee-40b5-9f31-b148c63f0e7e",
              "isHook": false,
              "skipped": false
            },
            {
              "title": "Chief Operating Officer & Chief Administrative Officer",
              "fullTitle": "Executive Leadership Tests Chief Operating Officer & Chief Administrative Officer",
              "timedOut": null,
              "duration": 61447,
              "state": "failed",
              "speed": null,
              "pass": false,
              "fail": true,
              "pending": false,
              "context": "\"../screenshots/leadership.cy.js/Executive Leadership Tests -- Chief Operating Officer & Chief Administrative Officer (failed).png\"",
              "code": "this.assertLeader({\n        section,\n        name,\n        title,\n        delay\n      })",
              "err": {
                "message": "CypressError: Timed out retrying after 60000ms: `cy.trigger()` failed because this element is not visible:\n\n`<ul class=\"MuiList-root MuiList-padding gtn-sml-dropdown css-1ontqvh\">...</ul>`\n\nThis element `<ul.MuiList-root.MuiList-padding.gtn-sml-dropdown.css-1ontqvh>` is not visible because it has CSS property: `visibility: hidden`\n\nFix this problem, or use `{force: true}` to disable error checking.\n\nhttps://on.cypress.io/element-cannot-be-interacted-with",
                "estack": "CypressError: Timed out retrying after 60000ms: `cy.trigger()` failed because this element is not visible:\n\n`<ul class=\"MuiList-root MuiList-padding gtn-sml-dropdown css-1ontqvh\">...</ul>`\n\nThis element `<ul.MuiList-root.MuiList-padding.gtn-sml-dropdown.css-1ontqvh>` is not visible because it has CSS property: `visibility: hidden`\n\nFix this problem, or use `{force: true}` to disable error checking.\n\nhttps://on.cypress.io/element-cannot-be-interacted-with\n    at runVisibilityCheck (https://www.acrisureinnovation.com/__cypress/runner/cypress_runner.js:147019:58)\n    at Object.isStrictlyVisible (https://www.acrisureinnovation.com/__cypress/runner/cypress_runner.js:147033:10)\n    at runAllChecks (https://www.acrisureinnovation.com/__cypress/runner/cypress_runner.js:113413:26)\n    at retryActionability (https://www.acrisureinnovation.com/__cypress/runner/cypress_runner.js:113481:16)\n    at tryCatcher (https://www.acrisureinnovation.com/__cypress/runner/cypress_runner.js:1777:23)\n    at Promise.attempt.Promise.try (https://www.acrisureinnovation.com/__cypress/runner/cypress_runner.js:4285:29)\n    at whenStable (https://www.acrisureinnovation.com/__cypress/runner/cypress_runner.js:145846:68)\n    at <unknown> (https://www.acrisureinnovation.com/__cypress/runner/cypress_runner.js:145787:14)\n    at tryCatcher (https://www.acrisureinnovation.com/__cypress/runner/cypress_runner.js:1777:23)\n    at Promise._settlePromiseFromHandler (https://www.acrisureinnovation.com/__cypress/runner/cypress_runner.js:1489:31)\n    at Promise._settlePromise (https://www.acrisureinnovation.com/__cypress/runner/cypress_runner.js:1546:18)\n    at Promise._settlePromise0 (https://www.acrisureinnovation.com/__cypress/runner/cypress_runner.js:1591:10)\n    at Promise._settlePromises (https://www.acrisureinnovation.com/__cypress/runner/cypress_runner.js:1671:18)\n    at Promise._fulfill (https://www.acrisureinnovation.com/__cypress/runner/cypress_runner.js:1615:18)\n    at <unknown> (https://www.acrisureinnovation.com/__cypress/runner/cypress_runner.js:5420:46)\nFrom Your Spec Code:\n    at Object.proxyGetter [as get] (https://www.acrisureinnovation.com/__cypress/runner/cypress_runner.js:78967:22)\n    at exists (https://www.acrisureinnovation.com/__cypress/runner/cypress_runner.js:145028:26)\n    at elExists (https://www.acrisureinnovation.com/__cypress/runner/cypress_runner.js:145043:10)\n    at ensureExistence (https://www.acrisureinnovation.com/__cypress/runner/cypress_runner.js:145224:22)\n    at onFailFn (https://www.acrisureinnovation.com/__cypress/runner/cypress_runner.js:145253:53)",
                "diff": null
              },
              "uuid": "d01abb88-30d9-46a4-8822-0ef306afebb4",
              "parentUUID": "c26f5312-25ee-40b5-9f31-b148c63f0e7e",
              "isHook": false,
              "skipped": false
            }
          ],
          "suites": [],
          "passes": [],
          "failures": [
            "b1d6316c-26ab-4d08-bbf0-e0656da8ed6d",
            "d38aed3e-67af-4c9b-af28-165f0b9f57ba",
            "8568c474-4d72-40b5-986a-7b7b9f0446bc",
            "fb05e179-3e81-4f59-b68d-143dfdc3286c",
            "363ae0de-031b-492f-9100-c5636ef0d88b",
            "e9515d1b-970f-41dd-8e77-db573909c845",
            "972cebae-2ac8-4616-8cb3-6eacecd82900",
            "28c5b7f1-f212-4044-903d-9372a0365db0",
            "d01abb88-30d9-46a4-8822-0ef306afebb4"
          ],
          "pending": [],
          "skipped": [],
          "duration": 558323,
          "root": false,
          "rootEmpty": false,
          "_timeout": 2000
        },
        {
          "uuid": "0dbb4875-7a8d-414a-8b8f-bec8f68ce9ae",
          "title": "Senior Leadership Tests",
          "fullFile": "",
          "file": "",
          "beforeHooks": [],
          "afterHooks": [],
          "tests": [
            {
              "title": "West Region",
              "fullTitle": "Senior Leadership Tests West Region",
              "timedOut": null,
              "duration": 61246,
              "state": "failed",
              "speed": null,
              "pass": false,
              "fail": true,
              "pending": false,
              "context": "\"../screenshots/leadership.cy.js/Senior Leadership Tests -- West Region (failed).png\"",
              "code": "this.assertLeader({\n        section,\n        name,\n        title,\n        delay\n      })",
              "err": {
                "message": "CypressError: Timed out retrying after 60000ms: `cy.trigger()` failed because this element is not visible:\n\n`<ul class=\"MuiList-root MuiList-padding gtn-sml-dropdown css-1ontqvh\">...</ul>`\n\nThis element `<ul.MuiList-root.MuiList-padding.gtn-sml-dropdown.css-1ontqvh>` is not visible because it has CSS property: `visibility: hidden`\n\nFix this problem, or use `{force: true}` to disable error checking.\n\nhttps://on.cypress.io/element-cannot-be-interacted-with",
                "estack": "CypressError: Timed out retrying after 60000ms: `cy.trigger()` failed because this element is not visible:\n\n`<ul class=\"MuiList-root MuiList-padding gtn-sml-dropdown css-1ontqvh\">...</ul>`\n\nThis element `<ul.MuiList-root.MuiList-padding.gtn-sml-dropdown.css-1ontqvh>` is not visible because it has CSS property: `visibility: hidden`\n\nFix this problem, or use `{force: true}` to disable error checking.\n\nhttps://on.cypress.io/element-cannot-be-interacted-with\n    at runVisibilityCheck (https://www.acrisureinnovation.com/__cypress/runner/cypress_runner.js:147019:58)\n    at Object.isStrictlyVisible (https://www.acrisureinnovation.com/__cypress/runner/cypress_runner.js:147033:10)\n    at runAllChecks (https://www.acrisureinnovation.com/__cypress/runner/cypress_runner.js:113413:26)\n    at retryActionability (https://www.acrisureinnovation.com/__cypress/runner/cypress_runner.js:113481:16)\n    at tryCatcher (https://www.acrisureinnovation.com/__cypress/runner/cypress_runner.js:1777:23)\n    at Promise.attempt.Promise.try (https://www.acrisureinnovation.com/__cypress/runner/cypress_runner.js:4285:29)\n    at whenStable (https://www.acrisureinnovation.com/__cypress/runner/cypress_runner.js:145846:68)\n    at <unknown> (https://www.acrisureinnovation.com/__cypress/runner/cypress_runner.js:145787:14)\n    at tryCatcher (https://www.acrisureinnovation.com/__cypress/runner/cypress_runner.js:1777:23)\n    at Promise._settlePromiseFromHandler (https://www.acrisureinnovation.com/__cypress/runner/cypress_runner.js:1489:31)\n    at Promise._settlePromise (https://www.acrisureinnovation.com/__cypress/runner/cypress_runner.js:1546:18)\n    at Promise._settlePromise0 (https://www.acrisureinnovation.com/__cypress/runner/cypress_runner.js:1591:10)\n    at Promise._settlePromises (https://www.acrisureinnovation.com/__cypress/runner/cypress_runner.js:1671:18)\n    at Promise._fulfill (https://www.acrisureinnovation.com/__cypress/runner/cypress_runner.js:1615:18)\n    at <unknown> (https://www.acrisureinnovation.com/__cypress/runner/cypress_runner.js:5420:46)\nFrom Your Spec Code:\n    at Object.proxyGetter [as get] (https://www.acrisureinnovation.com/__cypress/runner/cypress_runner.js:78967:22)\n    at exists (https://www.acrisureinnovation.com/__cypress/runner/cypress_runner.js:145028:26)\n    at elExists (https://www.acrisureinnovation.com/__cypress/runner/cypress_runner.js:145043:10)\n    at ensureExistence (https://www.acrisureinnovation.com/__cypress/runner/cypress_runner.js:145224:22)\n    at onFailFn (https://www.acrisureinnovation.com/__cypress/runner/cypress_runner.js:145253:53)",
                "diff": null
              },
              "uuid": "7dab1e16-8021-42fc-9933-61ca08eac4ef",
              "parentUUID": "0dbb4875-7a8d-414a-8b8f-bec8f68ce9ae",
              "isHook": false,
              "skipped": false
            },
            {
              "title": "Wholesale Insurance",
              "fullTitle": "Senior Leadership Tests Wholesale Insurance",
              "timedOut": null,
              "duration": 61394,
              "state": "failed",
              "speed": null,
              "pass": false,
              "fail": true,
              "pending": false,
              "context": "\"../screenshots/leadership.cy.js/Senior Leadership Tests -- Wholesale Insurance (failed).png\"",
              "code": "this.assertLeader({\n        section,\n        name,\n        title,\n        delay\n      })",
              "err": {
                "message": "CypressError: Timed out retrying after 60000ms: `cy.trigger()` failed because this element is not visible:\n\n`<ul class=\"MuiList-root MuiList-padding gtn-sml-dropdown css-1ontqvh\">...</ul>`\n\nThis element `<ul.MuiList-root.MuiList-padding.gtn-sml-dropdown.css-1ontqvh>` is not visible because it has CSS property: `visibility: hidden`\n\nFix this problem, or use `{force: true}` to disable error checking.\n\nhttps://on.cypress.io/element-cannot-be-interacted-with",
                "estack": "CypressError: Timed out retrying after 60000ms: `cy.trigger()` failed because this element is not visible:\n\n`<ul class=\"MuiList-root MuiList-padding gtn-sml-dropdown css-1ontqvh\">...</ul>`\n\nThis element `<ul.MuiList-root.MuiList-padding.gtn-sml-dropdown.css-1ontqvh>` is not visible because it has CSS property: `visibility: hidden`\n\nFix this problem, or use `{force: true}` to disable error checking.\n\nhttps://on.cypress.io/element-cannot-be-interacted-with\n    at runVisibilityCheck (https://www.acrisureinnovation.com/__cypress/runner/cypress_runner.js:147019:58)\n    at Object.isStrictlyVisible (https://www.acrisureinnovation.com/__cypress/runner/cypress_runner.js:147033:10)\n    at runAllChecks (https://www.acrisureinnovation.com/__cypress/runner/cypress_runner.js:113413:26)\n    at retryActionability (https://www.acrisureinnovation.com/__cypress/runner/cypress_runner.js:113481:16)\n    at tryCatcher (https://www.acrisureinnovation.com/__cypress/runner/cypress_runner.js:1777:23)\n    at Promise.attempt.Promise.try (https://www.acrisureinnovation.com/__cypress/runner/cypress_runner.js:4285:29)\n    at whenStable (https://www.acrisureinnovation.com/__cypress/runner/cypress_runner.js:145846:68)\n    at <unknown> (https://www.acrisureinnovation.com/__cypress/runner/cypress_runner.js:145787:14)\n    at tryCatcher (https://www.acrisureinnovation.com/__cypress/runner/cypress_runner.js:1777:23)\n    at Promise._settlePromiseFromHandler (https://www.acrisureinnovation.com/__cypress/runner/cypress_runner.js:1489:31)\n    at Promise._settlePromise (https://www.acrisureinnovation.com/__cypress/runner/cypress_runner.js:1546:18)\n    at Promise._settlePromise0 (https://www.acrisureinnovation.com/__cypress/runner/cypress_runner.js:1591:10)\n    at Promise._settlePromises (https://www.acrisureinnovation.com/__cypress/runner/cypress_runner.js:1671:18)\n    at Promise._fulfill (https://www.acrisureinnovation.com/__cypress/runner/cypress_runner.js:1615:18)\n    at <unknown> (https://www.acrisureinnovation.com/__cypress/runner/cypress_runner.js:5420:46)\nFrom Your Spec Code:\n    at Object.proxyGetter [as get] (https://www.acrisureinnovation.com/__cypress/runner/cypress_runner.js:78967:22)\n    at exists (https://www.acrisureinnovation.com/__cypress/runner/cypress_runner.js:145028:26)\n    at elExists (https://www.acrisureinnovation.com/__cypress/runner/cypress_runner.js:145043:10)\n    at ensureExistence (https://www.acrisureinnovation.com/__cypress/runner/cypress_runner.js:145224:22)\n    at onFailFn (https://www.acrisureinnovation.com/__cypress/runner/cypress_runner.js:145253:53)",
                "diff": null
              },
              "uuid": "93c1cc58-2ac3-4ae1-877e-c9197136b0b6",
              "parentUUID": "0dbb4875-7a8d-414a-8b8f-bec8f68ce9ae",
              "isHook": false,
              "skipped": false
            },
            {
              "title": "Real Estate Services",
              "fullTitle": "Senior Leadership Tests Real Estate Services",
              "timedOut": null,
              "duration": 61361,
              "state": "failed",
              "speed": null,
              "pass": false,
              "fail": true,
              "pending": false,
              "context": "\"../screenshots/leadership.cy.js/Senior Leadership Tests -- Real Estate Services (failed).png\"",
              "code": "this.assertLeader({\n        section,\n        name,\n        title,\n        delay\n      })",
              "err": {
                "message": "CypressError: Timed out retrying after 60000ms: `cy.trigger()` failed because this element is not visible:\n\n`<ul class=\"MuiList-root MuiList-padding gtn-sml-dropdown css-1ontqvh\">...</ul>`\n\nThis element `<ul.MuiList-root.MuiList-padding.gtn-sml-dropdown.css-1ontqvh>` is not visible because it has CSS property: `visibility: hidden`\n\nFix this problem, or use `{force: true}` to disable error checking.\n\nhttps://on.cypress.io/element-cannot-be-interacted-with",
                "estack": "CypressError: Timed out retrying after 60000ms: `cy.trigger()` failed because this element is not visible:\n\n`<ul class=\"MuiList-root MuiList-padding gtn-sml-dropdown css-1ontqvh\">...</ul>`\n\nThis element `<ul.MuiList-root.MuiList-padding.gtn-sml-dropdown.css-1ontqvh>` is not visible because it has CSS property: `visibility: hidden`\n\nFix this problem, or use `{force: true}` to disable error checking.\n\nhttps://on.cypress.io/element-cannot-be-interacted-with\n    at runVisibilityCheck (https://www.acrisureinnovation.com/__cypress/runner/cypress_runner.js:147019:58)\n    at Object.isStrictlyVisible (https://www.acrisureinnovation.com/__cypress/runner/cypress_runner.js:147033:10)\n    at runAllChecks (https://www.acrisureinnovation.com/__cypress/runner/cypress_runner.js:113413:26)\n    at retryActionability (https://www.acrisureinnovation.com/__cypress/runner/cypress_runner.js:113481:16)\n    at tryCatcher (https://www.acrisureinnovation.com/__cypress/runner/cypress_runner.js:1777:23)\n    at Promise.attempt.Promise.try (https://www.acrisureinnovation.com/__cypress/runner/cypress_runner.js:4285:29)\n    at whenStable (https://www.acrisureinnovation.com/__cypress/runner/cypress_runner.js:145846:68)\n    at <unknown> (https://www.acrisureinnovation.com/__cypress/runner/cypress_runner.js:145787:14)\n    at tryCatcher (https://www.acrisureinnovation.com/__cypress/runner/cypress_runner.js:1777:23)\n    at Promise._settlePromiseFromHandler (https://www.acrisureinnovation.com/__cypress/runner/cypress_runner.js:1489:31)\n    at Promise._settlePromise (https://www.acrisureinnovation.com/__cypress/runner/cypress_runner.js:1546:18)\n    at Promise._settlePromise0 (https://www.acrisureinnovation.com/__cypress/runner/cypress_runner.js:1591:10)\n    at Promise._settlePromises (https://www.acrisureinnovation.com/__cypress/runner/cypress_runner.js:1671:18)\n    at Promise._fulfill (https://www.acrisureinnovation.com/__cypress/runner/cypress_runner.js:1615:18)\n    at <unknown> (https://www.acrisureinnovation.com/__cypress/runner/cypress_runner.js:5420:46)\nFrom Your Spec Code:\n    at Object.proxyGetter [as get] (https://www.acrisureinnovation.com/__cypress/runner/cypress_runner.js:78967:22)\n    at exists (https://www.acrisureinnovation.com/__cypress/runner/cypress_runner.js:145028:26)\n    at elExists (https://www.acrisureinnovation.com/__cypress/runner/cypress_runner.js:145043:10)\n    at ensureExistence (https://www.acrisureinnovation.com/__cypress/runner/cypress_runner.js:145224:22)\n    at onFailFn (https://www.acrisureinnovation.com/__cypress/runner/cypress_runner.js:145253:53)",
                "diff": null
              },
              "uuid": "cf62d07b-e242-4085-bb6e-d7977af1527a",
              "parentUUID": "0dbb4875-7a8d-414a-8b8f-bec8f68ce9ae",
              "isHook": false,
              "skipped": false
            },
            {
              "title": "New York Region",
              "fullTitle": "Senior Leadership Tests New York Region",
              "timedOut": null,
              "duration": 61379,
              "state": "failed",
              "speed": null,
              "pass": false,
              "fail": true,
              "pending": false,
              "context": "\"../screenshots/leadership.cy.js/Senior Leadership Tests -- New York Region (failed).png\"",
              "code": "this.assertLeader({\n        section,\n        name,\n        title,\n        delay\n      })",
              "err": {
                "message": "CypressError: Timed out retrying after 60000ms: `cy.trigger()` failed because this element is not visible:\n\n`<ul class=\"MuiList-root MuiList-padding gtn-sml-dropdown css-1ontqvh\">...</ul>`\n\nThis element `<ul.MuiList-root.MuiList-padding.gtn-sml-dropdown.css-1ontqvh>` is not visible because it has CSS property: `visibility: hidden`\n\nFix this problem, or use `{force: true}` to disable error checking.\n\nhttps://on.cypress.io/element-cannot-be-interacted-with",
                "estack": "CypressError: Timed out retrying after 60000ms: `cy.trigger()` failed because this element is not visible:\n\n`<ul class=\"MuiList-root MuiList-padding gtn-sml-dropdown css-1ontqvh\">...</ul>`\n\nThis element `<ul.MuiList-root.MuiList-padding.gtn-sml-dropdown.css-1ontqvh>` is not visible because it has CSS property: `visibility: hidden`\n\nFix this problem, or use `{force: true}` to disable error checking.\n\nhttps://on.cypress.io/element-cannot-be-interacted-with\n    at runVisibilityCheck (https://www.acrisureinnovation.com/__cypress/runner/cypress_runner.js:147019:58)\n    at Object.isStrictlyVisible (https://www.acrisureinnovation.com/__cypress/runner/cypress_runner.js:147033:10)\n    at runAllChecks (https://www.acrisureinnovation.com/__cypress/runner/cypress_runner.js:113413:26)\n    at retryActionability (https://www.acrisureinnovation.com/__cypress/runner/cypress_runner.js:113481:16)\n    at tryCatcher (https://www.acrisureinnovation.com/__cypress/runner/cypress_runner.js:1777:23)\n    at Promise.attempt.Promise.try (https://www.acrisureinnovation.com/__cypress/runner/cypress_runner.js:4285:29)\n    at whenStable (https://www.acrisureinnovation.com/__cypress/runner/cypress_runner.js:145846:68)\n    at <unknown> (https://www.acrisureinnovation.com/__cypress/runner/cypress_runner.js:145787:14)\n    at tryCatcher (https://www.acrisureinnovation.com/__cypress/runner/cypress_runner.js:1777:23)\n    at Promise._settlePromiseFromHandler (https://www.acrisureinnovation.com/__cypress/runner/cypress_runner.js:1489:31)\n    at Promise._settlePromise (https://www.acrisureinnovation.com/__cypress/runner/cypress_runner.js:1546:18)\n    at Promise._settlePromise0 (https://www.acrisureinnovation.com/__cypress/runner/cypress_runner.js:1591:10)\n    at Promise._settlePromises (https://www.acrisureinnovation.com/__cypress/runner/cypress_runner.js:1671:18)\n    at Promise._fulfill (https://www.acrisureinnovation.com/__cypress/runner/cypress_runner.js:1615:18)\n    at <unknown> (https://www.acrisureinnovation.com/__cypress/runner/cypress_runner.js:5420:46)\nFrom Your Spec Code:\n    at Object.proxyGetter [as get] (https://www.acrisureinnovation.com/__cypress/runner/cypress_runner.js:78967:22)\n    at exists (https://www.acrisureinnovation.com/__cypress/runner/cypress_runner.js:145028:26)\n    at elExists (https://www.acrisureinnovation.com/__cypress/runner/cypress_runner.js:145043:10)\n    at ensureExistence (https://www.acrisureinnovation.com/__cypress/runner/cypress_runner.js:145224:22)\n    at onFailFn (https://www.acrisureinnovation.com/__cypress/runner/cypress_runner.js:145253:53)",
                "diff": null
              },
              "uuid": "db547282-aca3-4eee-9253-137c6d75d2ce",
              "parentUUID": "0dbb4875-7a8d-414a-8b8f-bec8f68ce9ae",
              "isHook": false,
              "skipped": false
            },
            {
              "title": "Head of Personal Risk",
              "fullTitle": "Senior Leadership Tests Head of Personal Risk",
              "timedOut": null,
              "duration": 61294,
              "state": "failed",
              "speed": null,
              "pass": false,
              "fail": true,
              "pending": false,
              "context": "\"../screenshots/leadership.cy.js/Senior Leadership Tests -- Head of Personal Risk (failed).png\"",
              "code": "this.assertLeader({\n        section,\n        name,\n        title,\n        delay\n      })",
              "err": {
                "message": "CypressError: Timed out retrying after 60000ms: `cy.trigger()` failed because this element is not visible:\n\n`<ul class=\"MuiList-root MuiList-padding gtn-sml-dropdown css-1ontqvh\">...</ul>`\n\nThis element `<ul.MuiList-root.MuiList-padding.gtn-sml-dropdown.css-1ontqvh>` is not visible because it has CSS property: `visibility: hidden`\n\nFix this problem, or use `{force: true}` to disable error checking.\n\nhttps://on.cypress.io/element-cannot-be-interacted-with",
                "estack": "CypressError: Timed out retrying after 60000ms: `cy.trigger()` failed because this element is not visible:\n\n`<ul class=\"MuiList-root MuiList-padding gtn-sml-dropdown css-1ontqvh\">...</ul>`\n\nThis element `<ul.MuiList-root.MuiList-padding.gtn-sml-dropdown.css-1ontqvh>` is not visible because it has CSS property: `visibility: hidden`\n\nFix this problem, or use `{force: true}` to disable error checking.\n\nhttps://on.cypress.io/element-cannot-be-interacted-with\n    at runVisibilityCheck (https://www.acrisureinnovation.com/__cypress/runner/cypress_runner.js:147019:58)\n    at Object.isStrictlyVisible (https://www.acrisureinnovation.com/__cypress/runner/cypress_runner.js:147033:10)\n    at runAllChecks (https://www.acrisureinnovation.com/__cypress/runner/cypress_runner.js:113413:26)\n    at retryActionability (https://www.acrisureinnovation.com/__cypress/runner/cypress_runner.js:113481:16)\n    at tryCatcher (https://www.acrisureinnovation.com/__cypress/runner/cypress_runner.js:1777:23)\n    at Promise.attempt.Promise.try (https://www.acrisureinnovation.com/__cypress/runner/cypress_runner.js:4285:29)\n    at whenStable (https://www.acrisureinnovation.com/__cypress/runner/cypress_runner.js:145846:68)\n    at <unknown> (https://www.acrisureinnovation.com/__cypress/runner/cypress_runner.js:145787:14)\n    at tryCatcher (https://www.acrisureinnovation.com/__cypress/runner/cypress_runner.js:1777:23)\n    at Promise._settlePromiseFromHandler (https://www.acrisureinnovation.com/__cypress/runner/cypress_runner.js:1489:31)\n    at Promise._settlePromise (https://www.acrisureinnovation.com/__cypress/runner/cypress_runner.js:1546:18)\n    at Promise._settlePromise0 (https://www.acrisureinnovation.com/__cypress/runner/cypress_runner.js:1591:10)\n    at Promise._settlePromises (https://www.acrisureinnovation.com/__cypress/runner/cypress_runner.js:1671:18)\n    at Promise._fulfill (https://www.acrisureinnovation.com/__cypress/runner/cypress_runner.js:1615:18)\n    at <unknown> (https://www.acrisureinnovation.com/__cypress/runner/cypress_runner.js:5420:46)\nFrom Your Spec Code:\n    at Object.proxyGetter [as get] (https://www.acrisureinnovation.com/__cypress/runner/cypress_runner.js:78967:22)\n    at exists (https://www.acrisureinnovation.com/__cypress/runner/cypress_runner.js:145028:26)\n    at elExists (https://www.acrisureinnovation.com/__cypress/runner/cypress_runner.js:145043:10)\n    at ensureExistence (https://www.acrisureinnovation.com/__cypress/runner/cypress_runner.js:145224:22)\n    at onFailFn (https://www.acrisureinnovation.com/__cypress/runner/cypress_runner.js:145253:53)",
                "diff": null
              },
              "uuid": "89358ec4-8455-47f5-9dd6-eb777c122778",
              "parentUUID": "0dbb4875-7a8d-414a-8b8f-bec8f68ce9ae",
              "isHook": false,
              "skipped": false
            },
            {
              "title": "Chief Communications Officer",
              "fullTitle": "Senior Leadership Tests Chief Communications Officer",
              "timedOut": null,
              "duration": 61477,
              "state": "failed",
              "speed": null,
              "pass": false,
              "fail": true,
              "pending": false,
              "context": "\"../screenshots/leadership.cy.js/Senior Leadership Tests -- Chief Communications Officer (failed).png\"",
              "code": "this.assertLeader({\n        section,\n        name,\n        title,\n        delay\n      })",
              "err": {
                "message": "CypressError: Timed out retrying after 60000ms: `cy.trigger()` failed because this element is not visible:\n\n`<ul class=\"MuiList-root MuiList-padding gtn-sml-dropdown css-1ontqvh\">...</ul>`\n\nThis element `<ul.MuiList-root.MuiList-padding.gtn-sml-dropdown.css-1ontqvh>` is not visible because it has CSS property: `visibility: hidden`\n\nFix this problem, or use `{force: true}` to disable error checking.\n\nhttps://on.cypress.io/element-cannot-be-interacted-with",
                "estack": "CypressError: Timed out retrying after 60000ms: `cy.trigger()` failed because this element is not visible:\n\n`<ul class=\"MuiList-root MuiList-padding gtn-sml-dropdown css-1ontqvh\">...</ul>`\n\nThis element `<ul.MuiList-root.MuiList-padding.gtn-sml-dropdown.css-1ontqvh>` is not visible because it has CSS property: `visibility: hidden`\n\nFix this problem, or use `{force: true}` to disable error checking.\n\nhttps://on.cypress.io/element-cannot-be-interacted-with\n    at runVisibilityCheck (https://www.acrisureinnovation.com/__cypress/runner/cypress_runner.js:147019:58)\n    at Object.isStrictlyVisible (https://www.acrisureinnovation.com/__cypress/runner/cypress_runner.js:147033:10)\n    at runAllChecks (https://www.acrisureinnovation.com/__cypress/runner/cypress_runner.js:113413:26)\n    at retryActionability (https://www.acrisureinnovation.com/__cypress/runner/cypress_runner.js:113481:16)\n    at tryCatcher (https://www.acrisureinnovation.com/__cypress/runner/cypress_runner.js:1777:23)\n    at Promise.attempt.Promise.try (https://www.acrisureinnovation.com/__cypress/runner/cypress_runner.js:4285:29)\n    at whenStable (https://www.acrisureinnovation.com/__cypress/runner/cypress_runner.js:145846:68)\n    at <unknown> (https://www.acrisureinnovation.com/__cypress/runner/cypress_runner.js:145787:14)\n    at tryCatcher (https://www.acrisureinnovation.com/__cypress/runner/cypress_runner.js:1777:23)\n    at Promise._settlePromiseFromHandler (https://www.acrisureinnovation.com/__cypress/runner/cypress_runner.js:1489:31)\n    at Promise._settlePromise (https://www.acrisureinnovation.com/__cypress/runner/cypress_runner.js:1546:18)\n    at Promise._settlePromise0 (https://www.acrisureinnovation.com/__cypress/runner/cypress_runner.js:1591:10)\n    at Promise._settlePromises (https://www.acrisureinnovation.com/__cypress/runner/cypress_runner.js:1671:18)\n    at Promise._fulfill (https://www.acrisureinnovation.com/__cypress/runner/cypress_runner.js:1615:18)\n    at <unknown> (https://www.acrisureinnovation.com/__cypress/runner/cypress_runner.js:5420:46)\nFrom Your Spec Code:\n    at Object.proxyGetter [as get] (https://www.acrisureinnovation.com/__cypress/runner/cypress_runner.js:78967:22)\n    at exists (https://www.acrisureinnovation.com/__cypress/runner/cypress_runner.js:145028:26)\n    at elExists (https://www.acrisureinnovation.com/__cypress/runner/cypress_runner.js:145043:10)\n    at ensureExistence (https://www.acrisureinnovation.com/__cypress/runner/cypress_runner.js:145224:22)\n    at onFailFn (https://www.acrisureinnovation.com/__cypress/runner/cypress_runner.js:145253:53)",
                "diff": null
              },
              "uuid": "3b522694-4644-4534-aa6b-c87c5c611f08",
              "parentUUID": "0dbb4875-7a8d-414a-8b8f-bec8f68ce9ae",
              "isHook": false,
              "skipped": false
            },
            {
              "title": "New York Region",
              "fullTitle": "Senior Leadership Tests New York Region",
              "timedOut": null,
              "duration": 61586,
              "state": "failed",
              "speed": null,
              "pass": false,
              "fail": true,
              "pending": false,
              "context": "\"../screenshots/leadership.cy.js/Senior Leadership Tests -- New York Region (failed).png\"",
              "code": "this.assertLeader({\n        section,\n        name,\n        title,\n        delay\n      })",
              "err": {
                "message": "CypressError: Timed out retrying after 60000ms: `cy.trigger()` failed because this element is not visible:\n\n`<ul class=\"MuiList-root MuiList-padding gtn-sml-dropdown css-1ontqvh\">...</ul>`\n\nThis element `<ul.MuiList-root.MuiList-padding.gtn-sml-dropdown.css-1ontqvh>` is not visible because it has CSS property: `visibility: hidden`\n\nFix this problem, or use `{force: true}` to disable error checking.\n\nhttps://on.cypress.io/element-cannot-be-interacted-with",
                "estack": "CypressError: Timed out retrying after 60000ms: `cy.trigger()` failed because this element is not visible:\n\n`<ul class=\"MuiList-root MuiList-padding gtn-sml-dropdown css-1ontqvh\">...</ul>`\n\nThis element `<ul.MuiList-root.MuiList-padding.gtn-sml-dropdown.css-1ontqvh>` is not visible because it has CSS property: `visibility: hidden`\n\nFix this problem, or use `{force: true}` to disable error checking.\n\nhttps://on.cypress.io/element-cannot-be-interacted-with\n    at runVisibilityCheck (https://www.acrisureinnovation.com/__cypress/runner/cypress_runner.js:147019:58)\n    at Object.isStrictlyVisible (https://www.acrisureinnovation.com/__cypress/runner/cypress_runner.js:147033:10)\n    at runAllChecks (https://www.acrisureinnovation.com/__cypress/runner/cypress_runner.js:113413:26)\n    at retryActionability (https://www.acrisureinnovation.com/__cypress/runner/cypress_runner.js:113481:16)\n    at tryCatcher (https://www.acrisureinnovation.com/__cypress/runner/cypress_runner.js:1777:23)\n    at Promise.attempt.Promise.try (https://www.acrisureinnovation.com/__cypress/runner/cypress_runner.js:4285:29)\n    at whenStable (https://www.acrisureinnovation.com/__cypress/runner/cypress_runner.js:145846:68)\n    at <unknown> (https://www.acrisureinnovation.com/__cypress/runner/cypress_runner.js:145787:14)\n    at tryCatcher (https://www.acrisureinnovation.com/__cypress/runner/cypress_runner.js:1777:23)\n    at Promise._settlePromiseFromHandler (https://www.acrisureinnovation.com/__cypress/runner/cypress_runner.js:1489:31)\n    at Promise._settlePromise (https://www.acrisureinnovation.com/__cypress/runner/cypress_runner.js:1546:18)\n    at Promise._settlePromise0 (https://www.acrisureinnovation.com/__cypress/runner/cypress_runner.js:1591:10)\n    at Promise._settlePromises (https://www.acrisureinnovation.com/__cypress/runner/cypress_runner.js:1671:18)\n    at Promise._fulfill (https://www.acrisureinnovation.com/__cypress/runner/cypress_runner.js:1615:18)\n    at <unknown> (https://www.acrisureinnovation.com/__cypress/runner/cypress_runner.js:5420:46)\nFrom Your Spec Code:\n    at Object.proxyGetter [as get] (https://www.acrisureinnovation.com/__cypress/runner/cypress_runner.js:78967:22)\n    at exists (https://www.acrisureinnovation.com/__cypress/runner/cypress_runner.js:145028:26)\n    at elExists (https://www.acrisureinnovation.com/__cypress/runner/cypress_runner.js:145043:10)\n    at ensureExistence (https://www.acrisureinnovation.com/__cypress/runner/cypress_runner.js:145224:22)\n    at onFailFn (https://www.acrisureinnovation.com/__cypress/runner/cypress_runner.js:145253:53)",
                "diff": null
              },
              "uuid": "d296eb28-8e66-47ff-84a1-feb15845914d",
              "parentUUID": "0dbb4875-7a8d-414a-8b8f-bec8f68ce9ae",
              "isHook": false,
              "skipped": false
            },
            {
              "title": "Head of People, Innovation",
              "fullTitle": "Senior Leadership Tests Head of People, Innovation",
              "timedOut": null,
              "duration": 61522,
              "state": "failed",
              "speed": null,
              "pass": false,
              "fail": true,
              "pending": false,
              "context": "\"../screenshots/leadership.cy.js/Senior Leadership Tests -- Head of People, Innovation (failed).png\"",
              "code": "this.assertLeader({\n        section,\n        name,\n        title,\n        delay\n      })",
              "err": {
                "message": "CypressError: Timed out retrying after 60000ms: `cy.trigger()` failed because this element is not visible:\n\n`<ul class=\"MuiList-root MuiList-padding gtn-sml-dropdown css-1ontqvh\">...</ul>`\n\nThis element `<ul.MuiList-root.MuiList-padding.gtn-sml-dropdown.css-1ontqvh>` is not visible because it has CSS property: `visibility: hidden`\n\nFix this problem, or use `{force: true}` to disable error checking.\n\nhttps://on.cypress.io/element-cannot-be-interacted-with",
                "estack": "CypressError: Timed out retrying after 60000ms: `cy.trigger()` failed because this element is not visible:\n\n`<ul class=\"MuiList-root MuiList-padding gtn-sml-dropdown css-1ontqvh\">...</ul>`\n\nThis element `<ul.MuiList-root.MuiList-padding.gtn-sml-dropdown.css-1ontqvh>` is not visible because it has CSS property: `visibility: hidden`\n\nFix this problem, or use `{force: true}` to disable error checking.\n\nhttps://on.cypress.io/element-cannot-be-interacted-with\n    at runVisibilityCheck (https://www.acrisureinnovation.com/__cypress/runner/cypress_runner.js:147019:58)\n    at Object.isStrictlyVisible (https://www.acrisureinnovation.com/__cypress/runner/cypress_runner.js:147033:10)\n    at runAllChecks (https://www.acrisureinnovation.com/__cypress/runner/cypress_runner.js:113413:26)\n    at retryActionability (https://www.acrisureinnovation.com/__cypress/runner/cypress_runner.js:113481:16)\n    at tryCatcher (https://www.acrisureinnovation.com/__cypress/runner/cypress_runner.js:1777:23)\n    at Promise.attempt.Promise.try (https://www.acrisureinnovation.com/__cypress/runner/cypress_runner.js:4285:29)\n    at whenStable (https://www.acrisureinnovation.com/__cypress/runner/cypress_runner.js:145846:68)\n    at <unknown> (https://www.acrisureinnovation.com/__cypress/runner/cypress_runner.js:145787:14)\n    at tryCatcher (https://www.acrisureinnovation.com/__cypress/runner/cypress_runner.js:1777:23)\n    at Promise._settlePromiseFromHandler (https://www.acrisureinnovation.com/__cypress/runner/cypress_runner.js:1489:31)\n    at Promise._settlePromise (https://www.acrisureinnovation.com/__cypress/runner/cypress_runner.js:1546:18)\n    at Promise._settlePromise0 (https://www.acrisureinnovation.com/__cypress/runner/cypress_runner.js:1591:10)\n    at Promise._settlePromises (https://www.acrisureinnovation.com/__cypress/runner/cypress_runner.js:1671:18)\n    at Promise._fulfill (https://www.acrisureinnovation.com/__cypress/runner/cypress_runner.js:1615:18)\n    at <unknown> (https://www.acrisureinnovation.com/__cypress/runner/cypress_runner.js:5420:46)\nFrom Your Spec Code:\n    at Object.proxyGetter [as get] (https://www.acrisureinnovation.com/__cypress/runner/cypress_runner.js:78967:22)\n    at exists (https://www.acrisureinnovation.com/__cypress/runner/cypress_runner.js:145028:26)\n    at elExists (https://www.acrisureinnovation.com/__cypress/runner/cypress_runner.js:145043:10)\n    at ensureExistence (https://www.acrisureinnovation.com/__cypress/runner/cypress_runner.js:145224:22)\n    at onFailFn (https://www.acrisureinnovation.com/__cypress/runner/cypress_runner.js:145253:53)",
                "diff": null
              },
              "uuid": "5dd0f531-9e16-4e77-aabc-92d9efe69133",
              "parentUUID": "0dbb4875-7a8d-414a-8b8f-bec8f68ce9ae",
              "isHook": false,
              "skipped": false
            },
            {
              "title": "Senior Vice President, Acrisure Business Services",
              "fullTitle": "Senior Leadership Tests Senior Vice President, Acrisure Business Services",
              "timedOut": null,
              "duration": 61299,
              "state": "failed",
              "speed": null,
              "pass": false,
              "fail": true,
              "pending": false,
              "context": "\"../screenshots/leadership.cy.js/Senior Leadership Tests -- Senior Vice President, Acrisure Business Services (failed).png\"",
              "code": "this.assertLeader({\n        section,\n        name,\n        title,\n        delay\n      })",
              "err": {
                "message": "CypressError: Timed out retrying after 60000ms: `cy.trigger()` failed because this element is not visible:\n\n`<ul class=\"MuiList-root MuiList-padding gtn-sml-dropdown css-1ontqvh\">...</ul>`\n\nThis element `<ul.MuiList-root.MuiList-padding.gtn-sml-dropdown.css-1ontqvh>` is not visible because it has CSS property: `visibility: hidden`\n\nFix this problem, or use `{force: true}` to disable error checking.\n\nhttps://on.cypress.io/element-cannot-be-interacted-with",
                "estack": "CypressError: Timed out retrying after 60000ms: `cy.trigger()` failed because this element is not visible:\n\n`<ul class=\"MuiList-root MuiList-padding gtn-sml-dropdown css-1ontqvh\">...</ul>`\n\nThis element `<ul.MuiList-root.MuiList-padding.gtn-sml-dropdown.css-1ontqvh>` is not visible because it has CSS property: `visibility: hidden`\n\nFix this problem, or use `{force: true}` to disable error checking.\n\nhttps://on.cypress.io/element-cannot-be-interacted-with\n    at runVisibilityCheck (https://www.acrisureinnovation.com/__cypress/runner/cypress_runner.js:147019:58)\n    at Object.isStrictlyVisible (https://www.acrisureinnovation.com/__cypress/runner/cypress_runner.js:147033:10)\n    at runAllChecks (https://www.acrisureinnovation.com/__cypress/runner/cypress_runner.js:113413:26)\n    at retryActionability (https://www.acrisureinnovation.com/__cypress/runner/cypress_runner.js:113481:16)\n    at tryCatcher (https://www.acrisureinnovation.com/__cypress/runner/cypress_runner.js:1777:23)\n    at Promise.attempt.Promise.try (https://www.acrisureinnovation.com/__cypress/runner/cypress_runner.js:4285:29)\n    at whenStable (https://www.acrisureinnovation.com/__cypress/runner/cypress_runner.js:145846:68)\n    at <unknown> (https://www.acrisureinnovation.com/__cypress/runner/cypress_runner.js:145787:14)\n    at tryCatcher (https://www.acrisureinnovation.com/__cypress/runner/cypress_runner.js:1777:23)\n    at Promise._settlePromiseFromHandler (https://www.acrisureinnovation.com/__cypress/runner/cypress_runner.js:1489:31)\n    at Promise._settlePromise (https://www.acrisureinnovation.com/__cypress/runner/cypress_runner.js:1546:18)\n    at Promise._settlePromise0 (https://www.acrisureinnovation.com/__cypress/runner/cypress_runner.js:1591:10)\n    at Promise._settlePromises (https://www.acrisureinnovation.com/__cypress/runner/cypress_runner.js:1671:18)\n    at Promise._fulfill (https://www.acrisureinnovation.com/__cypress/runner/cypress_runner.js:1615:18)\n    at <unknown> (https://www.acrisureinnovation.com/__cypress/runner/cypress_runner.js:5420:46)\nFrom Your Spec Code:\n    at Object.proxyGetter [as get] (https://www.acrisureinnovation.com/__cypress/runner/cypress_runner.js:78967:22)\n    at exists (https://www.acrisureinnovation.com/__cypress/runner/cypress_runner.js:145028:26)\n    at elExists (https://www.acrisureinnovation.com/__cypress/runner/cypress_runner.js:145043:10)\n    at ensureExistence (https://www.acrisureinnovation.com/__cypress/runner/cypress_runner.js:145224:22)\n    at onFailFn (https://www.acrisureinnovation.com/__cypress/runner/cypress_runner.js:145253:53)",
                "diff": null
              },
              "uuid": "02fab02c-8f43-4db4-8ab4-5af6d5d8b038",
              "parentUUID": "0dbb4875-7a8d-414a-8b8f-bec8f68ce9ae",
              "isHook": false,
              "skipped": false
            },
            {
              "title": "Head of Employee Benefits, Life & Health",
              "fullTitle": "Senior Leadership Tests Head of Employee Benefits, Life & Health",
              "timedOut": null,
              "duration": 61541,
              "state": "failed",
              "speed": null,
              "pass": false,
              "fail": true,
              "pending": false,
              "context": "\"../screenshots/leadership.cy.js/Senior Leadership Tests -- Head of Employee Benefits, Life & Health (failed).png\"",
              "code": "this.assertLeader({\n        section,\n        name,\n        title,\n        delay\n      })",
              "err": {
                "message": "CypressError: Timed out retrying after 60000ms: `cy.trigger()` failed because this element is not visible:\n\n`<ul class=\"MuiList-root MuiList-padding gtn-sml-dropdown css-1ontqvh\">...</ul>`\n\nThis element `<ul.MuiList-root.MuiList-padding.gtn-sml-dropdown.css-1ontqvh>` is not visible because it has CSS property: `visibility: hidden`\n\nFix this problem, or use `{force: true}` to disable error checking.\n\nhttps://on.cypress.io/element-cannot-be-interacted-with",
                "estack": "CypressError: Timed out retrying after 60000ms: `cy.trigger()` failed because this element is not visible:\n\n`<ul class=\"MuiList-root MuiList-padding gtn-sml-dropdown css-1ontqvh\">...</ul>`\n\nThis element `<ul.MuiList-root.MuiList-padding.gtn-sml-dropdown.css-1ontqvh>` is not visible because it has CSS property: `visibility: hidden`\n\nFix this problem, or use `{force: true}` to disable error checking.\n\nhttps://on.cypress.io/element-cannot-be-interacted-with\n    at runVisibilityCheck (https://www.acrisureinnovation.com/__cypress/runner/cypress_runner.js:147019:58)\n    at Object.isStrictlyVisible (https://www.acrisureinnovation.com/__cypress/runner/cypress_runner.js:147033:10)\n    at runAllChecks (https://www.acrisureinnovation.com/__cypress/runner/cypress_runner.js:113413:26)\n    at retryActionability (https://www.acrisureinnovation.com/__cypress/runner/cypress_runner.js:113481:16)\n    at tryCatcher (https://www.acrisureinnovation.com/__cypress/runner/cypress_runner.js:1777:23)\n    at Promise.attempt.Promise.try (https://www.acrisureinnovation.com/__cypress/runner/cypress_runner.js:4285:29)\n    at whenStable (https://www.acrisureinnovation.com/__cypress/runner/cypress_runner.js:145846:68)\n    at <unknown> (https://www.acrisureinnovation.com/__cypress/runner/cypress_runner.js:145787:14)\n    at tryCatcher (https://www.acrisureinnovation.com/__cypress/runner/cypress_runner.js:1777:23)\n    at Promise._settlePromiseFromHandler (https://www.acrisureinnovation.com/__cypress/runner/cypress_runner.js:1489:31)\n    at Promise._settlePromise (https://www.acrisureinnovation.com/__cypress/runner/cypress_runner.js:1546:18)\n    at Promise._settlePromise0 (https://www.acrisureinnovation.com/__cypress/runner/cypress_runner.js:1591:10)\n    at Promise._settlePromises (https://www.acrisureinnovation.com/__cypress/runner/cypress_runner.js:1671:18)\n    at Promise._fulfill (https://www.acrisureinnovation.com/__cypress/runner/cypress_runner.js:1615:18)\n    at <unknown> (https://www.acrisureinnovation.com/__cypress/runner/cypress_runner.js:5420:46)\nFrom Your Spec Code:\n    at Object.proxyGetter [as get] (https://www.acrisureinnovation.com/__cypress/runner/cypress_runner.js:78967:22)\n    at exists (https://www.acrisureinnovation.com/__cypress/runner/cypress_runner.js:145028:26)\n    at elExists (https://www.acrisureinnovation.com/__cypress/runner/cypress_runner.js:145043:10)\n    at ensureExistence (https://www.acrisureinnovation.com/__cypress/runner/cypress_runner.js:145224:22)\n    at onFailFn (https://www.acrisureinnovation.com/__cypress/runner/cypress_runner.js:145253:53)",
                "diff": null
              },
              "uuid": "dbf35afb-da3f-4930-b307-2f8ef9318dba",
              "parentUUID": "0dbb4875-7a8d-414a-8b8f-bec8f68ce9ae",
              "isHook": false,
              "skipped": false
            },
            {
              "title": "Mid-Atlantic Region",
              "fullTitle": "Senior Leadership Tests Mid-Atlantic Region",
              "timedOut": null,
              "duration": 61469,
              "state": "failed",
              "speed": null,
              "pass": false,
              "fail": true,
              "pending": false,
              "context": "\"../screenshots/leadership.cy.js/Senior Leadership Tests -- Mid-Atlantic Region (failed).png\"",
              "code": "this.assertLeader({\n        section,\n        name,\n        title,\n        delay\n      })",
              "err": {
                "message": "CypressError: Timed out retrying after 60000ms: `cy.trigger()` failed because this element is not visible:\n\n`<ul class=\"MuiList-root MuiList-padding gtn-sml-dropdown css-1ontqvh\">...</ul>`\n\nThis element `<ul.MuiList-root.MuiList-padding.gtn-sml-dropdown.css-1ontqvh>` is not visible because it has CSS property: `visibility: hidden`\n\nFix this problem, or use `{force: true}` to disable error checking.\n\nhttps://on.cypress.io/element-cannot-be-interacted-with",
[...]
                "diff": null
              },
              "uuid": "053a78cc-55be-4f0a-8e23-ea53cc4389f9",
              "parentUUID": "0dbb4875-7a8d-414a-8b8f-bec8f68ce9ae",
              "isHook": false,
              "skipped": false
            },
            {
              "title": "Chief Product Officer",
              "fullTitle": "Senior Leadership Tests Chief Product Officer",
              "timedOut": null,
              "duration": 61550,
              "state": "failed",
              "speed": null,
              "pass": false,
              "fail": true,
              "pending": false,
              "context": "\"../screenshots/leadership.cy.js/Senior Leadership Tests -- Chief Product Officer (failed).png\"",
              "code": "this.assertLeader({\n        section,\n        name,\n        title,\n        delay\n      })",
              "err": {
                "message": "CypressError: Timed out retrying after 60000ms: `cy.trigger()` failed because this element is not visible:\n\n`<ul class=\"MuiList-root MuiList-padding gtn-sml-dropdown css-1ontqvh\">...</ul>`\n\nThis element `<ul.MuiList-root.MuiList-padding.gtn-sml-dropdown.css-1ontqvh>` is not visible because it has CSS property: `visibility: hidden`\n\nFix this problem, or use `{force: true}` to disable error checking.\n\nhttps://on.cypress.io/element-cannot-be-interacted-with",
                "estack": "CypressError: Timed out retrying after 60000ms: `cy.trigger()` failed because this element is not visible:\n\n`<ul class=\"MuiList-root MuiList-padding gtn-sml-dropdown css-1ontqvh\">...</ul>`\n\nThis element `<ul.MuiList-root.MuiList-padding.gtn-sml-dropdown.css-1ontqvh>` is not visible because it has CSS property: `visibility: hidden`\n\nFix this problem, or use `{force: true}` to disable error checking.\n\nhttps://on.cypress.io/element-cannot-be-interacted-with\n    at runVisibilityCheck (https://www.acrisureinnovation.com/__cypress/runner/cypress_runner.js:147019:58)\n    at Object.isStrictlyVisible (https://www.acrisureinnovation.com/__cypress/runner/cypress_runner.js:147033:10)\n    at runAllChecks (https://www.acrisureinnovation.com/__cypress/runner/cypress_runner.js:113413:26)\n    at retryActionability (https://www.acrisureinnovation.com/__cypress/runner/cypress_runner.js:113481:16)\n    at tryCatcher (https://www.acrisureinnovation.com/__cypress/runner/cypress_runner.js:1777:23)\n    at Promise.attempt.Promise.try (https://www.acrisureinnovation.com/__cypress/runner/cypress_runner.js:4285:29)\n    at whenStable (https://www.acrisureinnovation.com/__cypress/runner/cypress_runner.js:145846:68)\n    at <unknown> (https://www.acrisureinnovation.com/__cypress/runner/cypress_runner.js:145787:14)\n    at tryCatcher (https://www.acrisureinnovation.com/__cypress/runner/cypress_runner.js:1777:23)\n    at Promise._settlePromiseFromHandler (https://www.acrisureinnovation.com/__cypress/runner/cypress_runner.js:1489:31)\n    at Promise._settlePromise (https://www.acrisureinnovation.com/__cypress/runner/cypress_runner.js:1546:18)\n    at Promise._settlePromise0 (https://www.acrisureinnovation.com/__cypress/runner/cypress_runner.js:1591:10)\n    at Promise._settlePromises (https://www.acrisureinnovation.com/__cypress/runner/cypress_runner.js:1671:18)\n    at Promise._fulfill (https://www.acrisureinnovation.com/__cypress/runner/cypress_runner.js:1615:18)\n    at <unknown> (https://www.acrisureinnovation.com/__cypress/runner/cypress_runner.js:5420:46)\nFrom Your Spec Code:\n    at Object.proxyGetter [as get] (https://www.acrisureinnovation.com/__cypress/runner/cypress_runner.js:78967:22)\n    at exists (https://www.acrisureinnovation.com/__cypress/runner/cypress_runner.js:145028:26)\n    at elExists (https://www.acrisureinnovation.com/__cypress/runner/cypress_runner.js:145043:10)\n    at ensureExistence (https://www.acrisureinnovation.com/__cypress/runner/cypress_runner.js:145224:22)\n    at onFailFn (https://www.acrisureinnovation.com/__cypress/runner/cypress_runner.js:145253:53)",
                "diff": null
              },
              "uuid": "ca8d8611-8a93-44c8-aebd-6786d1cddb78",
              "parentUUID": "0dbb4875-7a8d-414a-8b8f-bec8f68ce9ae",
              "isHook": false,
              "skipped": false
            },
            {
              "title": "Vice President, Strategic Partnerships",
              "fullTitle": "Senior Leadership Tests Vice President, Strategic Partnerships",
              "timedOut": null,
              "duration": 61662,
              "state": "failed",
              "speed": null,
              "pass": false,
              "fail": true,
              "pending": false,
              "context": "\"../screenshots/leadership.cy.js/Senior Leadership Tests -- Vice President, Strategic Partnerships (failed).png\"",
              "code": "this.assertLeader({\n        section,\n        name,\n        title,\n        delay\n      })",
              "err": {
                "message": "CypressError: Timed out retrying after 60000ms: `cy.trigger()` failed because this element is not visible:\n\n`<ul class=\"MuiList-root MuiList-padding gtn-sml-dropdown css-1ontqvh\">...</ul>`\n\nThis element `<ul.MuiList-root.MuiList-padding.gtn-sml-dropdown.css-1ontqvh>` is not visible because it has CSS property: `visibility: hidden`\n\nFix this problem, or use `{force: true}` to disable error checking.\n\nhttps://on.cypress.io/element-cannot-be-interacted-with",
                "estack": "CypressError: Timed out retrying after 60000ms: `cy.trigger()` failed because this element is not visible:\n\n`<ul class=\"MuiList-root MuiList-padding gtn-sml-dropdown css-1ontqvh\">...</ul>`\n\nThis element `<ul.MuiList-root.MuiList-padding.gtn-sml-dropdown.css-1ontqvh>` is not visible because it has CSS property: `visibility: hidden`\n\nFix this problem, or use `{force: true}` to disable error checking.\n\nhttps://on.cypress.io/element-cannot-be-interacted-with\n    at runVisibilityCheck (https://www.acrisureinnovation.com/__cypress/runner/cypress_runner.js:147019:58)\n    at Object.isStrictlyVisible (https://www.acrisureinnovation.com/__cypress/runner/cypress_runner.js:147033:10)\n    at runAllChecks (https://www.acrisureinnovation.com/__cypress/runner/cypress_runner.js:113413:26)\n    at retryActionability (https://www.acrisureinnovation.com/__cypress/runner/cypress_runner.js:113481:16)\n    at tryCatcher (https://www.acrisureinnovation.com/__cypress/runner/cypress_runner.js:1777:23)\n    at Promise.attempt.Promise.try (https://www.acrisureinnovation.com/__cypress/runner/cypress_runner.js:4285:29)\n    at whenStable (https://www.acrisureinnovation.com/__cypress/runner/cypress_runner.js:145846:68)\n    at <unknown> (https://www.acrisureinnovation.com/__cypress/runner/cypress_runner.js:145787:14)\n    at tryCatcher (https://www.acrisureinnovation.com/__cypress/runner/cypress_runner.js:1777:23)\n    at Promise._settlePromiseFromHandler (https://www.acrisureinnovation.com/__cypress/runner/cypress_runner.js:1489:31)\n    at Promise._settlePromise (https://www.acrisureinnovation.com/__cypress/runner/cypress_runner.js:1546:18)\n    at Promise._settlePromise0 (https://www.acrisureinnovation.com/__cypress/runner/cypress_runner.js:1591:10)\n    at Promise._settlePromises (https://www.acrisureinnovation.com/__cypress/runner/cypress_runner.js:1671:18)\n    at Promise._fulfill (https://www.acrisureinnovation.com/__cypress/runner/cypress_runner.js:1615:18)\n    at <unknown> (https://www.acrisureinnovation.com/__cypress/runner/cypress_runner.js:5420:46)\nFrom Your Spec Code:\n    at Object.proxyGetter [as get] (https://www.acrisureinnovation.com/__cypress/runner/cypress_runner.js:78967:22)\n    at exists (https://www.acrisureinnovation.com/__cypress/runner/cypress_runner.js:145028:26)\n    at elExists (https://www.acrisureinnovation.com/__cypress/runner/cypress_runner.js:145043:10)\n    at ensureExistence (https://www.acrisureinnovation.com/__cypress/runner/cypress_runner.js:145224:22)\n    at onFailFn (https://www.acrisureinnovation.com/__cypress/runner/cypress_runner.js:145253:53)",
                "diff": null
              },
              "uuid": "67837597-e40b-48a6-baf1-7685907c0195",
              "parentUUID": "0dbb4875-7a8d-414a-8b8f-bec8f68ce9ae",
              "isHook": false,
              "skipped": false
            },
            {
              "title": "Southwest Region",
              "fullTitle": "Senior Leadership Tests Southwest Region",
              "timedOut": null,
              "duration": 61434,
              "state": "failed",
              "speed": null,
              "pass": false,
              "fail": true,
              "pending": false,
              "context": "\"../screenshots/leadership.cy.js/Senior Leadership Tests -- Southwest Region (failed).png\"",
              "code": "this.assertLeader({\n        section,\n        name,\n        title,\n        delay\n      })",
              "err": {
                "message": "CypressError: Timed out retrying after 60000ms: `cy.trigger()` failed because this element is not visible:\n\n`<ul class=\"MuiList-root MuiList-padding gtn-sml-dropdown css-1ontqvh\">...</ul>`\n\nThis element `<ul.MuiList-root.MuiList-padding.gtn-sml-dropdown.css-1ontqvh>` is not visible because it has CSS property: `visibility: hidden`\n\nFix this problem, or use `{force: true}` to disable error checking.\n\nhttps://on.cypress.io/element-cannot-be-interacted-with",
                "estack": "CypressError: Timed out retrying after 60000ms: `cy.trigger()` failed because this element is not visible:\n\n`<ul class=\"MuiList-root MuiList-padding gtn-sml-dropdown css-1ontqvh\">...</ul>`\n\nThis element `<ul.MuiList-root.MuiList-padding.gtn-sml-dropdown.css-1ontqvh>` is not visible because it has CSS property: `visibility: hidden`\n\nFix this problem, or use `{force: true}` to disable error checking.\n\nhttps://on.cypress.io/element-cannot-be-interacted-with\n    at runVisibilityCheck (https://www.acrisureinnovation.com/__cypress/runner/cypress_runner.js:147019:58)\n    at Object.isStrictlyVisible (https://www.acrisureinnovation.com/__cypress/runner/cypress_runner.js:147033:10)\n    at runAllChecks (https://www.acrisureinnovation.com/__cypress/runner/cypress_runner.js:113413:26)\n    at retryActionability (https://www.acrisureinnovation.com/__cypress/runner/cypress_runner.js:113481:16)\n    at tryCatcher (https://www.acrisureinnovation.com/__cypress/runner/cypress_runner.js:1777:23)\n    at Promise.attempt.Promise.try (https://www.acrisureinnovation.com/__cypress/runner/cypress_runner.js:4285:29)\n    at whenStable (https://www.acrisureinnovation.com/__cypress/runner/cypress_runner.js:145846:68)\n    at <unknown> (https://www.acrisureinnovation.com/__cypress/runner/cypress_runner.js:145787:14)\n    at tryCatcher (https://www.acrisureinnovation.com/__cypress/runner/cypress_runner.js:1777:23)\n    at Promise._settlePromiseFromHandler (https://www.acrisureinnovation.com/__cypress/runner/cypress_runner.js:1489:31)\n    at Promise._settlePromise (https://www.acrisureinnovation.com/__cypress/runner/cypress_runner.js:1546:18)\n    at Promise._settlePromise0 (https://www.acrisureinnovation.com/__cypress/runner/cypress_runner.js:1591:10)\n    at Promise._settlePromises (https://www.acrisureinnovation.com/__cypress/runner/cypress_runner.js:1671:18)\n    at Promise._fulfill (https://www.acrisureinnovation.com/__cypress/runner/cypress_runner.js:1615:18)\n    at <unknown> (https://www.acrisureinnovation.com/__cypress/runner/cypress_runner.js:5420:46)\nFrom Your Spec Code:\n    at Object.proxyGetter [as get] (https://www.acrisureinnovation.com/__cypress/runner/cypress_runner.js:78967:22)\n    at exists (https://www.acrisureinnovation.com/__cypress/runner/cypress_runner.js:145028:26)\n    at elExists (https://www.acrisureinnovation.com/__cypress/runner/cypress_runner.js:145043:10)\n    at ensureExistence (https://www.acrisureinnovation.com/__cypress/runner/cypress_runner.js:145224:22)\n    at onFailFn (https://www.acrisureinnovation.com/__cypress/runner/cypress_runner.js:145253:53)",
                "diff": null
              },
              "uuid": "986f8ab8-35d6-432f-8f17-59eaf385a982",
              "parentUUID": "0dbb4875-7a8d-414a-8b8f-bec8f68ce9ae",
              "isHook": false,
              "skipped": false
            },
            {
              "title": "Executive Vice President & Chief Digital Officer",
              "fullTitle": "Senior Leadership Tests Executive Vice President & Chief Digital Officer",
              "timedOut": null,
              "duration": 61509,
              "state": "failed",
              "speed": null,
              "pass": false,
              "fail": true,
              "pending": false,
              "context": "\"../screenshots/leadership.cy.js/Senior Leadership Tests -- Executive Vice President & Chief Digital Officer (failed).png\"",
              "code": "this.assertLeader({\n        section,\n        name,\n        title,\n        delay\n      })",
              "err": {
                "message": "CypressError: Timed out retrying after 60000ms: `cy.trigger()` failed because this element is not visible:\n\n`<ul class=\"MuiList-root MuiList-padding gtn-sml-dropdown css-1ontqvh\">...</ul>`\n\nThis element `<ul.MuiList-root.MuiList-padding.gtn-sml-dropdown.css-1ontqvh>` is not visible because it has CSS property: `visibility: hidden`\n\nFix this problem, or use `{force: true}` to disable error checking.\n\nhttps://on.cypress.io/element-cannot-be-interacted-with",
                "estack": "CypressError: Timed out retrying after 60000ms: `cy.trigger()` failed because this element is not visible:\n\n`<ul class=\"MuiList-root MuiList-padding gtn-sml-dropdown css-1ontqvh\">...</ul>`\n\nThis element `<ul.MuiList-root.MuiList-padding.gtn-sml-dropdown.css-1ontqvh>` is not visible because it has CSS property: `visibility: hidden`\n\nFix this problem, or use `{force: true}` to disable error checking.\n\nhttps://on.cypress.io/element-cannot-be-interacted-with\n    at runVisibilityCheck (https://www.acrisureinnovation.com/__cypress/runner/cypress_runner.js:147019:58)\n    at Object.isStrictlyVisible (https://www.acrisureinnovation.com/__cypress/runner/cypress_runner.js:147033:10)\n    at runAllChecks (https://www.acrisureinnovation.com/__cypress/runner/cypress_runner.js:113413:26)\n    at retryActionability (https://www.acrisureinnovation.com/__cypress/runner/cypress_runner.js:113481:16)\n    at tryCatcher (https://www.acrisureinnovation.com/__cypress/runner/cypress_runner.js:1777:23)\n    at Promise.attempt.Promise.try (https://www.acrisureinnovation.com/__cypress/runner/cypress_runner.js:4285:29)\n    at whenStable (https://www.acrisureinnovation.com/__cypress/runner/cypress_runner.js:145846:68)\n    at <unknown> (https://www.acrisureinnovation.com/__cypress/runner/cypress_runner.js:145787:14)\n    at tryCatcher (https://www.acrisureinnovation.com/__cypress/runner/cypress_runner.js:1777:23)\n    at Promise._settlePromiseFromHandler (https://www.acrisureinnovation.com/__cypress/runner/cypress_runner.js:1489:31)\n    at Promise._settlePromise (https://www.acrisureinnovation.com/__cypress/runner/cypress_runner.js:1546:18)\n    at Promise._settlePromise0 (https://www.acrisureinnovation.com/__cypress/runner/cypress_runner.js:1591:10)\n    at Promise._settlePromises (https://www.acrisureinnovation.com/__cypress/runner/cypress_runner.js:1671:18)\n    at Promise._fulfill (https://www.acrisureinnovation.com/__cypress/runner/cypress_runner.js:1615:18)\n    at <unknown> (https://www.acrisureinnovation.com/__cypress/runner/cypress_runner.js:5420:46)\nFrom Your Spec Code:\n    at Object.proxyGetter [as get] (https://www.acrisureinnovation.com/__cypress/runner/cypress_runner.js:78967:22)\n    at exists (https://www.acrisureinnovation.com/__cypress/runner/cypress_runner.js:145028:26)\n    at elExists (https://www.acrisureinnovation.com/__cypress/runner/cypress_runner.js:145043:10)\n    at ensureExistence (https://www.acrisureinnovation.com/__cypress/runner/cypress_runner.js:145224:22)\n    at onFailFn (https://www.acrisureinnovation.com/__cypress/runner/cypress_runner.js:145253:53)",
                "diff": null
              },
              "uuid": "d423af97-8977-40ab-8524-a1cdf8a2e55c",
              "parentUUID": "0dbb4875-7a8d-414a-8b8f-bec8f68ce9ae",
              "isHook": false,
              "skipped": false
            }
          ],
          "suites": [],
          "passes": [],
          "failures": [
            "7dab1e16-8021-42fc-9933-61ca08eac4ef",
            "93c1cc58-2ac3-4ae1-877e-c9197136b0b6",
            "cf62d07b-e242-4085-bb6e-d7977af1527a",
            "db547282-aca3-4eee-9253-137c6d75d2ce",
            "89358ec4-8455-47f5-9dd6-eb777c122778",
            "3b522694-4644-4534-aa6b-c87c5c611f08",
            "d296eb28-8e66-47ff-84a1-feb15845914d",
            "5dd0f531-9e16-4e77-aabc-92d9efe69133",
            "02fab02c-8f43-4db4-8ab4-5af6d5d8b038",
            "dbf35afb-da3f-4930-b307-2f8ef9318dba",
            "bc37b72d-d7cf-4741-b758-3882d6c81dbb",
            "bd5130be-24d7-4f52-b79b-4be608451477",
            "e3d947ab-1375-4136-9d3b-0efd316ca0d8",
            "e68d4f6d-68e8-445b-8caa-860961a6334f",
            "9027608c-23fd-4e76-aa69-e17b0a7d27f6",
            "8dd43f99-74c8-400a-b88d-0eba73ebaedb",
            "ce106824-f445-41a5-b96c-eea33672029f",
            "72f4d4f4-39d3-4f95-82b3-8808308affdd",
            "ad4f81f9-d8d3-49bd-987e-f9c2002f1bfb",
            "89a04065-9bd2-4f96-95e5-af01d0c4361c",
            "9322e981-fd5f-48b0-9be2-86ede7577aa2",
            "ffdfb854-5e26-4700-b401-ce08eb6de119",
            "23eedfd7-3b4f-43f9-b31a-7acfcea9d36e",
            "667ffdf4-ab19-4fba-ac8d-63b7a4b936a1",
            "a649b4c0-9c0a-456e-9fec-1f7f1d1ce145",
            "435ca6a2-86ad-4de4-b051-5ab5a365261b",
            "99be0ed4-a4c9-4b71-a876-62670fd4d016",
            "9f55a91f-7658-4d53-a73f-7b7f86c7f84c",
            "d6bc9347-d1da-40bb-be11-9eeda85a4b89",
            "d132e9b7-58a3-492d-b0cd-5c16d8c2296e",
            "f4bf42f4-7d2b-4647-b0b7-a7dc6f0078d9",
            "46f9cef5-cf46-43b0-a03b-f814479a187d",
            "053a78cc-55be-4f0a-8e23-ea53cc4389f9",
            "ca8d8611-8a93-44c8-aebd-6786d1cddb78",
            "67837597-e40b-48a6-baf1-7685907c0195",
            "986f8ab8-35d6-432f-8f17-59eaf385a982",
            "d423af97-8977-40ab-8524-a1cdf8a2e55c"
          ],
          "pending": [],
          "skipped": [],
          "duration": 2274558,
          "root": false,
          "rootEmpty": false,
          "_timeout": 2000
        }
      ],
      "passes": [],
      "failures": [],
      "pending": [],
      "skipped": [],
      "duration": 0,
      "root": true,
      "rootEmpty": true,
      "_timeout": 2000
    }
  ],
  "meta": {
    "mocha": {
      "version": "7.2.0"
    },
    "mochawesome": {
      "options": {
        "quiet": false,
        "reportFilename": "mochawesome",
        "saveHtml": false,
        "saveJson": true,
        "consoleReporter": "spec",
        "useInlineDiffs": false,
        "code": true
      },
      "version": "7.1.3"
    },
    "marge": {
      "options": {
        "reportDir": "cypress/results/report-chrome-1920x1080",
        "overwrite": false,
        "html": false,
        "json": true
      },
      "version": "6.2.0"
    }
  }
}