{
  "stats": {
    "suites": 2,
    "tests": 154,
    "passes": 154,
    "pending": 0,
    "failures": 0,
    "start": "2025-05-14T19:26:48.097Z",
    "end": "2025-05-14T19:40:45.962Z",
    "duration": 837865,
    "testsRegistered": 154,
    "passPercent": 100,
    "pendingPercent": 0,
    "other": 0,
    "hasOther": false,
    "skipped": 0,
    "hasSkipped": false
  },
  "results": [
    {
      "uuid": "1b104e2f-3362-488b-8048-060564235396",
      "title": "",
      "fullFile": "cypress/e2e/app/newsBlog.cy.js",
      "file": "cypress/e2e/app/newsBlog.cy.js",
      "beforeHooks": [],
      "afterHooks": [],
      "tests": [],
      "suites": [
        {
          "uuid": "9c51b7fe-6ae9-4c0e-939a-b1f42309f323",
          "title": "Newsroom",
          "fullFile": "",
          "file": "",
          "beforeHooks": [],
          "afterHooks": [],
          "tests": [
            {
              "title": "/news/test-news-detail",
              "fullTitle": "Newsroom /news/test-news-detail",
              "timedOut": null,
              "duration": 11035,
              "state": "passed",
              "speed": "slow",
              "pass": true,
              "fail": false,
              "pending": false,
              "context": null,
              "code": "// Apply the app environment to the URL\nconst fullUrl = `${getAppUrl()}${url}`;\nif (method == \"visit\") {\n  // Assert URLs buy visiting (slower but more accurate)\n  cy.visitSite(\"app\", url.substring(1), {\n    skipOnetrust: true,\n    skipLogin: true\n  });\n  cy.xpath(\"//div[text() = 'Page not found']\").should(\"not.exist\");\n  cy.xpath(\"//div[@class = 'date']\").should(\"exist\");\n  cy.wait(waitAfter);\n} else if (method == \"request\") {\n  // Assert URLs by request\n  cy.request(fullUrl, {\n    failOnStatusCode: false\n  }).should(response => {\n    expect(response.status).to.eq(200);\n  });\n}",
              "err": {},
              "uuid": "b2947ca1-a22e-4ab9-909a-3d01cea1ecd9",
              "parentUUID": "9c51b7fe-6ae9-4c0e-939a-b1f42309f323",
              "isHook": false,
              "skipped": false
            },
            {
              "title": "/news/acrisures-2024-benefits-benchmarking-survey",
              "fullTitle": "Newsroom /news/acrisures-2024-benefits-benchmarking-survey",
              "timedOut": null,
              "duration": 5351,
              "state": "passed",
              "speed": "medium",
              "pass": true,
              "fail": false,
              "pending": false,
              "context": null,
              "code": "// Apply the app environment to the URL\nconst fullUrl = `${getAppUrl()}${url}`;\nif (method == \"visit\") {\n  // Assert URLs buy visiting (slower but more accurate)\n  cy.visitSite(\"app\", url.substring(1), {\n    skipOnetrust: true,\n    skipLogin: true\n  });\n  cy.xpath(\"//div[text() = 'Page not found']\").should(\"not.exist\");\n  cy.xpath(\"//div[@class = 'date']\").should(\"exist\");\n  cy.wait(waitAfter);\n} else if (method == \"request\") {\n  // Assert URLs by request\n  cy.request(fullUrl, {\n    failOnStatusCode: false\n  }).should(response => {\n    expect(response.status).to.eq(200);\n  });\n}",
              "err": {},
              "uuid": "f5911be9-8090-44c9-b867-cafe9d264e6a",
              "parentUUID": "9c51b7fe-6ae9-4c0e-939a-b1f42309f323",
              "isHook": false,
              "skipped": false
            },
            {
              "title": "/news/acrisure-honored-for-ongoing-impact-with-national-kidney-foundation-serving-the-alleghenies",
              "fullTitle": "Newsroom /news/acrisure-honored-for-ongoing-impact-with-national-kidney-foundation-serving-the-alleghenies",
              "timedOut": null,
              "duration": 5342,
              "state": "passed",
              "speed": "medium",
              "pass": true,
              "fail": false,
              "pending": false,
              "context": null,
              "code": "// Apply the app environment to the URL\nconst fullUrl = `${getAppUrl()}${url}`;\nif (method == \"visit\") {\n  // Assert URLs buy visiting (slower but more accurate)\n  cy.visitSite(\"app\", url.substring(1), {\n    skipOnetrust: true,\n    skipLogin: true\n  });\n  cy.xpath(\"//div[text() = 'Page not found']\").should(\"not.exist\");\n  cy.xpath(\"//div[@class = 'date']\").should(\"exist\");\n  cy.wait(waitAfter);\n} else if (method == \"request\") {\n  // Assert URLs by request\n  cy.request(fullUrl, {\n    failOnStatusCode: false\n  }).should(response => {\n    expect(response.status).to.eq(200);\n  });\n}",
              "err": {},
              "uuid": "a096dc12-556e-43b7-91e1-e78ee68afbdd",
              "parentUUID": "9c51b7fe-6ae9-4c0e-939a-b1f42309f323",
              "isHook": false,
              "skipped": false
            },
            {
              "title": "/news/in-the-news-a-partner-shares-why-acrisure-is-more-for-clients",
              "fullTitle": "Newsroom /news/in-the-news-a-partner-shares-why-acrisure-is-more-for-clients",
              "timedOut": null,
              "duration": 5309,
              "state": "passed",
              "speed": "medium",
              "pass": true,
              "fail": false,
              "pending": false,
              "context": null,
              "code": "// Apply the app environment to the URL\nconst fullUrl = `${getAppUrl()}${url}`;\nif (method == \"visit\") {\n  // Assert URLs buy visiting (slower but more accurate)\n  cy.visitSite(\"app\", url.substring(1), {\n    skipOnetrust: true,\n    skipLogin: true\n  });\n  cy.xpath(\"//div[text() = 'Page not found']\").should(\"not.exist\");\n  cy.xpath(\"//div[@class = 'date']\").should(\"exist\");\n  cy.wait(waitAfter);\n} else if (method == \"request\") {\n  // Assert URLs by request\n  cy.request(fullUrl, {\n    failOnStatusCode: false\n  }).should(response => {\n    expect(response.status).to.eq(200);\n  });\n}",
              "err": {},
              "uuid": "c87cf9c6-74f0-4a4b-bd1c-cae22f96d073",
              "parentUUID": "9c51b7fe-6ae9-4c0e-939a-b1f42309f323",
              "isHook": false,
              "skipped": false
            },
            {
              "title": "/news/acrisure-rolls-out-midwest-region",
              "fullTitle": "Newsroom /news/acrisure-rolls-out-midwest-region",
              "timedOut": null,
              "duration": 5327,
              "state": "passed",
              "speed": "medium",
              "pass": true,
              "fail": false,
              "pending": false,
              "context": null,
              "code": "// Apply the app environment to the URL\nconst fullUrl = `${getAppUrl()}${url}`;\nif (method == \"visit\") {\n  // Assert URLs buy visiting (slower but more accurate)\n  cy.visitSite(\"app\", url.substring(1), {\n    skipOnetrust: true,\n    skipLogin: true\n  });\n  cy.xpath(\"//div[text() = 'Page not found']\").should(\"not.exist\");\n  cy.xpath(\"//div[@class = 'date']\").should(\"exist\");\n  cy.wait(waitAfter);\n} else if (method == \"request\") {\n  // Assert URLs by request\n  cy.request(fullUrl, {\n    failOnStatusCode: false\n  }).should(response => {\n    expect(response.status).to.eq(200);\n  });\n}",
              "err": {},
              "uuid": "6738e0a5-c1d1-49d6-8c6b-b3c5de8e1f55",
              "parentUUID": "9c51b7fe-6ae9-4c0e-939a-b1f42309f323",
              "isHook": false,
              "skipped": false
            },
            {
              "title": "/news/acrisure-chief-digital-officer-named-a-top-woman-in-fintech-for-second-year",
              "fullTitle": "Newsroom /news/acrisure-chief-digital-officer-named-a-top-woman-in-fintech-for-second-year",
              "timedOut": null,
              "duration": 5357,
              "state": "passed",
              "speed": "medium",
              "pass": true,
              "fail": false,
              "pending": false,
              "context": null,
              "code": "// Apply the app environment to the URL\nconst fullUrl = `${getAppUrl()}${url}`;\nif (method == \"visit\") {\n  // Assert URLs buy visiting (slower but more accurate)\n  cy.visitSite(\"app\", url.substring(1), {\n    skipOnetrust: true,\n    skipLogin: true\n  });\n  cy.xpath(\"//div[text() = 'Page not found']\").should(\"not.exist\");\n  cy.xpath(\"//div[@class = 'date']\").should(\"exist\");\n  cy.wait(waitAfter);\n} else if (method == \"request\") {\n  // Assert URLs by request\n  cy.request(fullUrl, {\n    failOnStatusCode: false\n  }).should(response => {\n    expect(response.status).to.eq(200);\n  });\n}",
              "err": {},
              "uuid": "196ed379-2010-419b-9282-72f23c461a6f",
              "parentUUID": "9c51b7fe-6ae9-4c0e-939a-b1f42309f323",
              "isHook": false,
              "skipped": false
            },
            {
              "title": "/news/acrisure-launches-dedicated-life-and-health-business-under-wholesure-division",
              "fullTitle": "Newsroom /news/acrisure-launches-dedicated-life-and-health-business-under-wholesure-division",
              "timedOut": null,
              "duration": 5334,
              "state": "passed",
              "speed": "medium",
              "pass": true,
              "fail": false,
              "pending": false,
              "context": null,
              "code": "// Apply the app environment to the URL\nconst fullUrl = `${getAppUrl()}${url}`;\nif (method == \"visit\") {\n  // Assert URLs buy visiting (slower but more accurate)\n  cy.visitSite(\"app\", url.substring(1), {\n    skipOnetrust: true,\n    skipLogin: true\n  });\n  cy.xpath(\"//div[text() = 'Page not found']\").should(\"not.exist\");\n  cy.xpath(\"//div[@class = 'date']\").should(\"exist\");\n  cy.wait(waitAfter);\n} else if (method == \"request\") {\n  // Assert URLs by request\n  cy.request(fullUrl, {\n    failOnStatusCode: false\n  }).should(response => {\n    expect(response.status).to.eq(200);\n  });\n}",
              "err": {},
              "uuid": "ddab725d-fa17-4763-b21f-d311ac72df0f",
              "parentUUID": "9c51b7fe-6ae9-4c0e-939a-b1f42309f323",
              "isHook": false,
              "skipped": false
            },
            {
              "title": "/news/acrisure-unveils-new-england-region-as-north-america-rebrand-nears-completion",
              "fullTitle": "Newsroom /news/acrisure-unveils-new-england-region-as-north-america-rebrand-nears-completion",
              "timedOut": null,
              "duration": 5305,
              "state": "passed",
              "speed": "medium",
              "pass": true,
              "fail": false,
              "pending": false,
              "context": null,
              "code": "// Apply the app environment to the URL\nconst fullUrl = `${getAppUrl()}${url}`;\nif (method == \"visit\") {\n  // Assert URLs buy visiting (slower but more accurate)\n  cy.visitSite(\"app\", url.substring(1), {\n    skipOnetrust: true,\n    skipLogin: true\n  });\n  cy.xpath(\"//div[text() = 'Page not found']\").should(\"not.exist\");\n  cy.xpath(\"//div[@class = 'date']\").should(\"exist\");\n  cy.wait(waitAfter);\n} else if (method == \"request\") {\n  // Assert URLs by request\n  cy.request(fullUrl, {\n    failOnStatusCode: false\n  }).should(response => {\n    expect(response.status).to.eq(200);\n  });\n}",
              "err": {},
              "uuid": "81356a65-be1e-4d3f-ad26-b8de34c367de",
              "parentUUID": "9c51b7fe-6ae9-4c0e-939a-b1f42309f323",
              "isHook": false,
              "skipped": false
            },
            {
              "title": "/news/acrisure-forms-great-lakes-region-spanning-michigan-indiana-and-ohio",
              "fullTitle": "Newsroom /news/acrisure-forms-great-lakes-region-spanning-michigan-indiana-and-ohio",
              "timedOut": null,
              "duration": 5304,
              "state": "passed",
              "speed": "medium",
              "pass": true,
              "fail": false,
              "pending": false,
              "context": null,
              "code": "// Apply the app environment to the URL\nconst fullUrl = `${getAppUrl()}${url}`;\nif (method == \"visit\") {\n  // Assert URLs buy visiting (slower but more accurate)\n  cy.visitSite(\"app\", url.substring(1), {\n    skipOnetrust: true,\n    skipLogin: true\n  });\n  cy.xpath(\"//div[text() = 'Page not found']\").should(\"not.exist\");\n  cy.xpath(\"//div[@class = 'date']\").should(\"exist\");\n  cy.wait(waitAfter);\n} else if (method == \"request\") {\n  // Assert URLs by request\n  cy.request(fullUrl, {\n    failOnStatusCode: false\n  }).should(response => {\n    expect(response.status).to.eq(200);\n  });\n}",
              "err": {},
              "uuid": "4d3b8467-be12-4c75-9125-698ab65cd8f0",
              "parentUUID": "9c51b7fe-6ae9-4c0e-939a-b1f42309f323",
              "isHook": false,
              "skipped": false
            },
            {
              "title": "/news/acrisure-re-appoints-joel-hodges-as-executive-vice-president",
              "fullTitle": "Newsroom /news/acrisure-re-appoints-joel-hodges-as-executive-vice-president",
              "timedOut": null,
              "duration": 5322,
              "state": "passed",
              "speed": "medium",
              "pass": true,
              "fail": false,
              "pending": false,
              "context": null,
              "code": "// Apply the app environment to the URL\nconst fullUrl = `${getAppUrl()}${url}`;\nif (method == \"visit\") {\n  // Assert URLs buy visiting (slower but more accurate)\n  cy.visitSite(\"app\", url.substring(1), {\n    skipOnetrust: true,\n    skipLogin: true\n  });\n  cy.xpath(\"//div[text() = 'Page not found']\").should(\"not.exist\");\n  cy.xpath(\"//div[@class = 'date']\").should(\"exist\");\n  cy.wait(waitAfter);\n} else if (method == \"request\") {\n  // Assert URLs by request\n  cy.request(fullUrl, {\n    failOnStatusCode: false\n  }).should(response => {\n    expect(response.status).to.eq(200);\n  });\n}",
              "err": {},
              "uuid": "5af0f12e-9f0c-49f0-8f1e-0b1e4dffb89d",
              "parentUUID": "9c51b7fe-6ae9-4c0e-939a-b1f42309f323",
              "isHook": false,
              "skipped": false
            },
            {
              "title": "/news/acrisure-announces-integrated-property-and-casualty-wholesale-division-under-wholesure-brand",
              "fullTitle": "Newsroom /news/acrisure-announces-integrated-property-and-casualty-wholesale-division-under-wholesure-brand",
              "timedOut": null,
              "duration": 5328,
              "state": "passed",
              "speed": "medium",
              "pass": true,
              "fail": false,
              "pending": false,
              "context": null,
              "code": "// Apply the app environment to the URL\nconst fullUrl = `${getAppUrl()}${url}`;\nif (method == \"visit\") {\n  // Assert URLs buy visiting (slower but more accurate)\n  cy.visitSite(\"app\", url.substring(1), {\n    skipOnetrust: true,\n    skipLogin: true\n  });\n  cy.xpath(\"//div[text() = 'Page not found']\").should(\"not.exist\");\n  cy.xpath(\"//div[@class = 'date']\").should(\"exist\");\n  cy.wait(waitAfter);\n} else if (method == \"request\") {\n  // Assert URLs by request\n  cy.request(fullUrl, {\n    failOnStatusCode: false\n  }).should(response => {\n    expect(response.status).to.eq(200);\n  });\n}",
              "err": {},
              "uuid": "4aef91fc-827c-4c70-8677-08e81b70a601",
              "parentUUID": "9c51b7fe-6ae9-4c0e-939a-b1f42309f323",
              "isHook": false,
              "skipped": false
            },
            {
              "title": "/news/acrisure-launches-largest-region-in-southeastern-us",
              "fullTitle": "Newsroom /news/acrisure-launches-largest-region-in-southeastern-us",
              "timedOut": null,
              "duration": 5329,
              "state": "passed",
              "speed": "medium",
              "pass": true,
              "fail": false,
              "pending": false,
              "context": null,
              "code": "// Apply the app environment to the URL\nconst fullUrl = `${getAppUrl()}${url}`;\nif (method == \"visit\") {\n  // Assert URLs buy visiting (slower but more accurate)\n  cy.visitSite(\"app\", url.substring(1), {\n    skipOnetrust: true,\n    skipLogin: true\n  });\n  cy.xpath(\"//div[text() = 'Page not found']\").should(\"not.exist\");\n  cy.xpath(\"//div[@class = 'date']\").should(\"exist\");\n  cy.wait(waitAfter);\n} else if (method == \"request\") {\n  // Assert URLs by request\n  cy.request(fullUrl, {\n    failOnStatusCode: false\n  }).should(response => {\n    expect(response.status).to.eq(200);\n  });\n}",
              "err": {},
              "uuid": "db0f76bd-3358-4884-a73a-2af176a2bf30",
              "parentUUID": "9c51b7fe-6ae9-4c0e-939a-b1f42309f323",
              "isHook": false,
              "skipped": false
            },
            {
              "title": "/news/acrisure-re-expands-north-american-footprint-with-new-appointment",
              "fullTitle": "Newsroom /news/acrisure-re-expands-north-american-footprint-with-new-appointment",
              "timedOut": null,
              "duration": 5335,
              "state": "passed",
              "speed": "medium",
              "pass": true,
              "fail": false,
              "pending": false,
              "context": null,
              "code": "// Apply the app environment to the URL\nconst fullUrl = `${getAppUrl()}${url}`;\nif (method == \"visit\") {\n  // Assert URLs buy visiting (slower but more accurate)\n  cy.visitSite(\"app\", url.substring(1), {\n    skipOnetrust: true,\n    skipLogin: true\n  });\n  cy.xpath(\"//div[text() = 'Page not found']\").should(\"not.exist\");\n  cy.xpath(\"//div[@class = 'date']\").should(\"exist\");\n  cy.wait(waitAfter);\n} else if (method == \"request\") {\n  // Assert URLs by request\n  cy.request(fullUrl, {\n    failOnStatusCode: false\n  }).should(response => {\n    expect(response.status).to.eq(200);\n  });\n}",
              "err": {},
              "uuid": "52991371-1f47-4669-ad7a-d7f033606b69",
              "parentUUID": "9c51b7fe-6ae9-4c0e-939a-b1f42309f323",
              "isHook": false,
              "skipped": false
            },
            {
              "title": "/news/new-interview-why-insurance-should-be-top-of-mind-for-young-professionals",
              "fullTitle": "Newsroom /news/new-interview-why-insurance-should-be-top-of-mind-for-young-professionals",
              "timedOut": null,
              "duration": 5323,
              "state": "passed",
              "speed": "medium",
              "pass": true,
              "fail": false,
              "pending": false,
              "context": null,
              "code": "// Apply the app environment to the URL\nconst fullUrl = `${getAppUrl()}${url}`;\nif (method == \"visit\") {\n  // Assert URLs buy visiting (slower but more accurate)\n  cy.visitSite(\"app\", url.substring(1), {\n    skipOnetrust: true,\n    skipLogin: true\n  });\n  cy.xpath(\"//div[text() = 'Page not found']\").should(\"not.exist\");\n  cy.xpath(\"//div[@class = 'date']\").should(\"exist\");\n  cy.wait(waitAfter);\n} else if (method == \"request\") {\n  // Assert URLs by request\n  cy.request(fullUrl, {\n    failOnStatusCode: false\n  }).should(response => {\n    expect(response.status).to.eq(200);\n  });\n}",
              "err": {},
              "uuid": "7b7246ec-aa95-422e-8402-35f8112a3905",
              "parentUUID": "9c51b7fe-6ae9-4c0e-939a-b1f42309f323",
              "isHook": false,
              "skipped": false
            },
            {
              "title": "/news/announcing-our-fourth-annual-virtual-hr-leaders-compliance-summit",
              "fullTitle": "Newsroom /news/announcing-our-fourth-annual-virtual-hr-leaders-compliance-summit",
              "timedOut": null,
              "duration": 5334,
              "state": "passed",
              "speed": "medium",
              "pass": true,
              "fail": false,
              "pending": false,
              "context": null,
              "code": "// Apply the app environment to the URL\nconst fullUrl = `${getAppUrl()}${url}`;\nif (method == \"visit\") {\n  // Assert URLs buy visiting (slower but more accurate)\n  cy.visitSite(\"app\", url.substring(1), {\n    skipOnetrust: true,\n    skipLogin: true\n  });\n  cy.xpath(\"//div[text() = 'Page not found']\").should(\"not.exist\");\n  cy.xpath(\"//div[@class = 'date']\").should(\"exist\");\n  cy.wait(waitAfter);\n} else if (method == \"request\") {\n  // Assert URLs by request\n  cy.request(fullUrl, {\n    failOnStatusCode: false\n  }).should(response => {\n    expect(response.status).to.eq(200);\n  });\n}",
              "err": {},
              "uuid": "a8f94116-b47d-45f4-901c-bb8f66f06a0c",
              "parentUUID": "9c51b7fe-6ae9-4c0e-939a-b1f42309f323",
              "isHook": false,
              "skipped": false
            },
            {
              "title": "/news/acrisure-organizes-aerospace-capabilities-globally-in-new-division",
              "fullTitle": "Newsroom /news/acrisure-organizes-aerospace-capabilities-globally-in-new-division",
              "timedOut": null,
              "duration": 5337,
              "state": "passed",
              "speed": "medium",
              "pass": true,
              "fail": false,
              "pending": false,
              "context": null,
              "code": "// Apply the app environment to the URL\nconst fullUrl = `${getAppUrl()}${url}`;\nif (method == \"visit\") {\n  // Assert URLs buy visiting (slower but more accurate)\n  cy.visitSite(\"app\", url.substring(1), {\n    skipOnetrust: true,\n    skipLogin: true\n  });\n  cy.xpath(\"//div[text() = 'Page not found']\").should(\"not.exist\");\n  cy.xpath(\"//div[@class = 'date']\").should(\"exist\");\n  cy.wait(waitAfter);\n} else if (method == \"request\") {\n  // Assert URLs by request\n  cy.request(fullUrl, {\n    failOnStatusCode: false\n  }).should(response => {\n    expect(response.status).to.eq(200);\n  });\n}",
              "err": {},
              "uuid": "5d198c7a-ba8c-4d44-a670-c394a9e4423c",
              "parentUUID": "9c51b7fe-6ae9-4c0e-939a-b1f42309f323",
              "isHook": false,
              "skipped": false
            },
            {
              "title": "/news/chief-digital-officer-tamara-zaichkowsky-in-new-podcast",
              "fullTitle": "Newsroom /news/chief-digital-officer-tamara-zaichkowsky-in-new-podcast",
              "timedOut": null,
              "duration": 5345,
              "state": "passed",
              "speed": "medium",
              "pass": true,
              "fail": false,
              "pending": false,
              "context": null,
              "code": "// Apply the app environment to the URL\nconst fullUrl = `${getAppUrl()}${url}`;\nif (method == \"visit\") {\n  // Assert URLs buy visiting (slower but more accurate)\n  cy.visitSite(\"app\", url.substring(1), {\n    skipOnetrust: true,\n    skipLogin: true\n  });\n  cy.xpath(\"//div[text() = 'Page not found']\").should(\"not.exist\");\n  cy.xpath(\"//div[@class = 'date']\").should(\"exist\");\n  cy.wait(waitAfter);\n} else if (method == \"request\") {\n  // Assert URLs by request\n  cy.request(fullUrl, {\n    failOnStatusCode: false\n  }).should(response => {\n    expect(response.status).to.eq(200);\n  });\n}",
              "err": {},
              "uuid": "9fbc4731-5c51-40b0-a2c7-2850e1ebd714",
              "parentUUID": "9c51b7fe-6ae9-4c0e-939a-b1f42309f323",
              "isHook": false,
              "skipped": false
            },
            {
              "title": "/news/lessons-learned-from-the-cat-bond-market",
              "fullTitle": "Newsroom /news/lessons-learned-from-the-cat-bond-market",
              "timedOut": null,
              "duration": 5349,
              "state": "passed",
              "speed": "medium",
              "pass": true,
              "fail": false,
              "pending": false,
              "context": null,
              "code": "// Apply the app environment to the URL\nconst fullUrl = `${getAppUrl()}${url}`;\nif (method == \"visit\") {\n  // Assert URLs buy visiting (slower but more accurate)\n  cy.visitSite(\"app\", url.substring(1), {\n    skipOnetrust: true,\n    skipLogin: true\n  });\n  cy.xpath(\"//div[text() = 'Page not found']\").should(\"not.exist\");\n  cy.xpath(\"//div[@class = 'date']\").should(\"exist\");\n  cy.wait(waitAfter);\n} else if (method == \"request\") {\n  // Assert URLs by request\n  cy.request(fullUrl, {\n    failOnStatusCode: false\n  }).should(response => {\n    expect(response.status).to.eq(200);\n  });\n}",
              "err": {},
              "uuid": "39546cef-acca-42ab-a7e3-27e96ea8f0b7",
              "parentUUID": "9c51b7fe-6ae9-4c0e-939a-b1f42309f323",
              "isHook": false,
              "skipped": false
            },
            {
              "title": "/news/acrisure-forms-northwest-region-covering-8-states",
              "fullTitle": "Newsroom /news/acrisure-forms-northwest-region-covering-8-states",
              "timedOut": null,
              "duration": 5337,
              "state": "passed",
              "speed": "medium",
              "pass": true,
              "fail": false,
              "pending": false,
              "context": null,
              "code": "// Apply the app environment to the URL\nconst fullUrl = `${getAppUrl()}${url}`;\nif (method == \"visit\") {\n  // Assert URLs buy visiting (slower but more accurate)\n  cy.visitSite(\"app\", url.substring(1), {\n    skipOnetrust: true,\n    skipLogin: true\n  });\n  cy.xpath(\"//div[text() = 'Page not found']\").should(\"not.exist\");\n  cy.xpath(\"//div[@class = 'date']\").should(\"exist\");\n  cy.wait(waitAfter);\n} else if (method == \"request\") {\n  // Assert URLs by request\n  cy.request(fullUrl, {\n    failOnStatusCode: false\n  }).should(response => {\n    expect(response.status).to.eq(200);\n  });\n}",
              "err": {},
              "uuid": "9c83f6af-28cf-48e7-b9ff-f4caa0ecfb38",
              "parentUUID": "9c51b7fe-6ae9-4c0e-939a-b1f42309f323",
              "isHook": false,
              "skipped": false
            },
            {
              "title": "/news/acrisure-launches-mid-atlantic-region",
              "fullTitle": "Newsroom /news/acrisure-launches-mid-atlantic-region",
              "timedOut": null,
              "duration": 5332,
              "state": "passed",
              "speed": "medium",
              "pass": true,
              "fail": false,
              "pending": false,
              "context": null,
              "code": "// Apply the app environment to the URL\nconst fullUrl = `${getAppUrl()}${url}`;\nif (method == \"visit\") {\n  // Assert URLs buy visiting (slower but more accurate)\n  cy.visitSite(\"app\", url.substring(1), {\n    skipOnetrust: true,\n    skipLogin: true\n  });\n  cy.xpath(\"//div[text() = 'Page not found']\").should(\"not.exist\");\n  cy.xpath(\"//div[@class = 'date']\").should(\"exist\");\n  cy.wait(waitAfter);\n} else if (method == \"request\") {\n  // Assert URLs by request\n  cy.request(fullUrl, {\n    failOnStatusCode: false\n  }).should(response => {\n    expect(response.status).to.eq(200);\n  });\n}",
              "err": {},
              "uuid": "3ab8631a-f11f-40c0-9a3c-b6fc9fdc7d2e",
              "parentUUID": "9c51b7fe-6ae9-4c0e-939a-b1f42309f323",
              "isHook": false,
              "skipped": false
            },
            {
              "title": "/news/acrisure-colleagues-give-back-during-the-holidays",
              "fullTitle": "Newsroom /news/acrisure-colleagues-give-back-during-the-holidays",
              "timedOut": null,
              "duration": 5346,
              "state": "passed",
              "speed": "medium",
              "pass": true,
              "fail": false,
              "pending": false,
              "context": null,
              "code": "// Apply the app environment to the URL\nconst fullUrl = `${getAppUrl()}${url}`;\nif (method == \"visit\") {\n  // Assert URLs buy visiting (slower but more accurate)\n  cy.visitSite(\"app\", url.substring(1), {\n    skipOnetrust: true,\n    skipLogin: true\n  });\n  cy.xpath(\"//div[text() = 'Page not found']\").should(\"not.exist\");\n  cy.xpath(\"//div[@class = 'date']\").should(\"exist\");\n  cy.wait(waitAfter);\n} else if (method == \"request\") {\n  // Assert URLs by request\n  cy.request(fullUrl, {\n    failOnStatusCode: false\n  }).should(response => {\n    expect(response.status).to.eq(200);\n  });\n}",
              "err": {},
              "uuid": "86936692-4a2a-477d-adf8-631be64c128f",
              "parentUUID": "9c51b7fe-6ae9-4c0e-939a-b1f42309f323",
              "isHook": false,
              "skipped": false
            },
            {
              "title": "/news/2023-a-year-that-was-anything-but-ordinary",
              "fullTitle": "Newsroom /news/2023-a-year-that-was-anything-but-ordinary",
              "timedOut": null,
              "duration": 5332,
              "state": "passed",
              "speed": "medium",
              "pass": true,
              "fail": false,
              "pending": false,
              "context": null,
              "code": "// Apply the app environment to the URL\nconst fullUrl = `${getAppUrl()}${url}`;\nif (method == \"visit\") {\n  // Assert URLs buy visiting (slower but more accurate)\n  cy.visitSite(\"app\", url.substring(1), {\n    skipOnetrust: true,\n    skipLogin: true\n  });\n  cy.xpath(\"//div[text() = 'Page not found']\").should(\"not.exist\");\n  cy.xpath(\"//div[@class = 'date']\").should(\"exist\");\n  cy.wait(waitAfter);\n} else if (method == \"request\") {\n  // Assert URLs by request\n  cy.request(fullUrl, {\n    failOnStatusCode: false\n  }).should(response => {\n    expect(response.status).to.eq(200);\n  });\n}",
              "err": {},
              "uuid": "52329296-ae8e-4b7a-9d27-665442129eef",
              "parentUUID": "9c51b7fe-6ae9-4c0e-939a-b1f42309f323",
              "isHook": false,
              "skipped": false
            },
            {
              "title": "/news/acrisure-to-open-office-in-san-joses-iconic-santana-row-neighborhood",
              "fullTitle": "Newsroom /news/acrisure-to-open-office-in-san-joses-iconic-santana-row-neighborhood",
              "timedOut": null,
              "duration": 5342,
              "state": "passed",
              "speed": "medium",
              "pass": true,
              "fail": false,
              "pending": false,
              "context": null,
              "code": "// Apply the app environment to the URL\nconst fullUrl = `${getAppUrl()}${url}`;\nif (method == \"visit\") {\n  // Assert URLs buy visiting (slower but more accurate)\n  cy.visitSite(\"app\", url.substring(1), {\n    skipOnetrust: true,\n    skipLogin: true\n  });\n  cy.xpath(\"//div[text() = 'Page not found']\").should(\"not.exist\");\n  cy.xpath(\"//div[@class = 'date']\").should(\"exist\");\n  cy.wait(waitAfter);\n} else if (method == \"request\") {\n  // Assert URLs by request\n  cy.request(fullUrl, {\n    failOnStatusCode: false\n  }).should(response => {\n    expect(response.status).to.eq(200);\n  });\n}",
              "err": {},
              "uuid": "7a678fcf-c2c8-47dd-8337-79bae356fa24",
              "parentUUID": "9c51b7fe-6ae9-4c0e-939a-b1f42309f323",
              "isHook": false,
              "skipped": false
            },
            {
              "title": "/news/greg-williams-appears-on-inc-founders-project-podcast",
              "fullTitle": "Newsroom /news/greg-williams-appears-on-inc-founders-project-podcast",
              "timedOut": null,
              "duration": 5295,
              "state": "passed",
              "speed": "medium",
              "pass": true,
              "fail": false,
              "pending": false,
              "context": null,
              "code": "// Apply the app environment to the URL\nconst fullUrl = `${getAppUrl()}${url}`;\nif (method == \"visit\") {\n  // Assert URLs buy visiting (slower but more accurate)\n  cy.visitSite(\"app\", url.substring(1), {\n    skipOnetrust: true,\n    skipLogin: true\n  });\n  cy.xpath(\"//div[text() = 'Page not found']\").should(\"not.exist\");\n  cy.xpath(\"//div[@class = 'date']\").should(\"exist\");\n  cy.wait(waitAfter);\n} else if (method == \"request\") {\n  // Assert URLs by request\n  cy.request(fullUrl, {\n    failOnStatusCode: false\n  }).should(response => {\n    expect(response.status).to.eq(200);\n  });\n}",
              "err": {},
              "uuid": "e167b212-97f1-4f7e-9396-19446fb97d5e",
              "parentUUID": "9c51b7fe-6ae9-4c0e-939a-b1f42309f323",
              "isHook": false,
              "skipped": false
            },
            {
              "title": "/news/impacting-childrens-health-with-helen-devos-childrens-hospital",
              "fullTitle": "Newsroom /news/impacting-childrens-health-with-helen-devos-childrens-hospital",
              "timedOut": null,
              "duration": 5384,
              "state": "passed",
              "speed": "medium",
              "pass": true,
              "fail": false,
              "pending": false,
              "context": null,
              "code": "// Apply the app environment to the URL\nconst fullUrl = `${getAppUrl()}${url}`;\nif (method == \"visit\") {\n  // Assert URLs buy visiting (slower but more accurate)\n  cy.visitSite(\"app\", url.substring(1), {\n    skipOnetrust: true,\n    skipLogin: true\n  });\n  cy.xpath(\"//div[text() = 'Page not found']\").should(\"not.exist\");\n  cy.xpath(\"//div[@class = 'date']\").should(\"exist\");\n  cy.wait(waitAfter);\n} else if (method == \"request\") {\n  // Assert URLs by request\n  cy.request(fullUrl, {\n    failOnStatusCode: false\n  }).should(response => {\n    expect(response.status).to.eq(200);\n  });\n}",
              "err": {},
              "uuid": "be172c79-2ffa-418d-8c41-fa101d1cbb8d",
              "parentUUID": "9c51b7fe-6ae9-4c0e-939a-b1f42309f323",
              "isHook": false,
              "skipped": false
            },
            {
              "title": "/news/inaugural-acrisure-classic-college-basketball-game-sets-viewership-record",
              "fullTitle": "Newsroom /news/inaugural-acrisure-classic-college-basketball-game-sets-viewership-record",
              "timedOut": null,
              "duration": 5342,
              "state": "passed",
              "speed": "medium",
              "pass": true,
              "fail": false,
              "pending": false,
              "context": null,
              "code": "// Apply the app environment to the URL\nconst fullUrl = `${getAppUrl()}${url}`;\nif (method == \"visit\") {\n  // Assert URLs buy visiting (slower but more accurate)\n  cy.visitSite(\"app\", url.substring(1), {\n    skipOnetrust: true,\n    skipLogin: true\n  });\n  cy.xpath(\"//div[text() = 'Page not found']\").should(\"not.exist\");\n  cy.xpath(\"//div[@class = 'date']\").should(\"exist\");\n  cy.wait(waitAfter);\n} else if (method == \"request\") {\n  // Assert URLs by request\n  cy.request(fullUrl, {\n    failOnStatusCode: false\n  }).should(response => {\n    expect(response.status).to.eq(200);\n  });\n}",
              "err": {},
              "uuid": "8cf464fe-4ce7-4ec1-b767-2dd8491bc7e8",
              "parentUUID": "9c51b7fe-6ae9-4c0e-939a-b1f42309f323",
              "isHook": false,
              "skipped": false
            },
            {
              "title": "/news/acrisure-is-all-in-on-brand",
              "fullTitle": "Newsroom /news/acrisure-is-all-in-on-brand",
              "timedOut": null,
              "duration": 5366,
              "state": "passed",
              "speed": "medium",
              "pass": true,
              "fail": false,
              "pending": false,
              "context": null,
              "code": "// Apply the app environment to the URL\nconst fullUrl = `${getAppUrl()}${url}`;\nif (method == \"visit\") {\n  // Assert URLs buy visiting (slower but more accurate)\n  cy.visitSite(\"app\", url.substring(1), {\n    skipOnetrust: true,\n    skipLogin: true\n  });\n  cy.xpath(\"//div[text() = 'Page not found']\").should(\"not.exist\");\n  cy.xpath(\"//div[@class = 'date']\").should(\"exist\");\n  cy.wait(waitAfter);\n} else if (method == \"request\") {\n  // Assert URLs by request\n  cy.request(fullUrl, {\n    failOnStatusCode: false\n  }).should(response => {\n    expect(response.status).to.eq(200);\n  });\n}",
              "err": {},
              "uuid": "ecd36841-d12a-40d6-b363-45ad10a949b3",
              "parentUUID": "9c51b7fe-6ae9-4c0e-939a-b1f42309f323",
              "isHook": false,
              "skipped": false
            },
            {
              "title": "/news/childrens-health-an-update-from-greg-williams-on-acrisures-continued-impact",
              "fullTitle": "Newsroom /news/childrens-health-an-update-from-greg-williams-on-acrisures-continued-impact",
              "timedOut": null,
              "duration": 5359,
              "state": "passed",
              "speed": "medium",
              "pass": true,
              "fail": false,
              "pending": false,
              "context": null,
              "code": "// Apply the app environment to the URL\nconst fullUrl = `${getAppUrl()}${url}`;\nif (method == \"visit\") {\n  // Assert URLs buy visiting (slower but more accurate)\n  cy.visitSite(\"app\", url.substring(1), {\n    skipOnetrust: true,\n    skipLogin: true\n  });\n  cy.xpath(\"//div[text() = 'Page not found']\").should(\"not.exist\");\n  cy.xpath(\"//div[@class = 'date']\").should(\"exist\");\n  cy.wait(waitAfter);\n} else if (method == \"request\") {\n  // Assert URLs by request\n  cy.request(fullUrl, {\n    failOnStatusCode: false\n  }).should(response => {\n    expect(response.status).to.eq(200);\n  });\n}",
              "err": {},
              "uuid": "faa90539-4b7f-49fb-bd12-ecf38fe40b02",
              "parentUUID": "9c51b7fe-6ae9-4c0e-939a-b1f42309f323",
              "isHook": false,
              "skipped": false
            },
            {
              "title": "/news/acrisure-forms-southwest-region",
              "fullTitle": "Newsroom /news/acrisure-forms-southwest-region",
              "timedOut": null,
              "duration": 5313,
              "state": "passed",
              "speed": "medium",
              "pass": true,
              "fail": false,
              "pending": false,
              "context": null,
              "code": "// Apply the app environment to the URL\nconst fullUrl = `${getAppUrl()}${url}`;\nif (method == \"visit\") {\n  // Assert URLs buy visiting (slower but more accurate)\n  cy.visitSite(\"app\", url.substring(1), {\n    skipOnetrust: true,\n    skipLogin: true\n  });\n  cy.xpath(\"//div[text() = 'Page not found']\").should(\"not.exist\");\n  cy.xpath(\"//div[@class = 'date']\").should(\"exist\");\n  cy.wait(waitAfter);\n} else if (method == \"request\") {\n  // Assert URLs by request\n  cy.request(fullUrl, {\n    failOnStatusCode: false\n  }).should(response => {\n    expect(response.status).to.eq(200);\n  });\n}",
              "err": {},
              "uuid": "27d5434e-d139-49f3-b7e9-401d7ca87962",
              "parentUUID": "9c51b7fe-6ae9-4c0e-939a-b1f42309f323",
              "isHook": false,
              "skipped": false
            },
            {
              "title": "/news/greg-williams-covers-acrisures-vision-in-new-interview",
              "fullTitle": "Newsroom /news/greg-williams-covers-acrisures-vision-in-new-interview",
              "timedOut": null,
              "duration": 5391,
              "state": "passed",
              "speed": "medium",
              "pass": true,
              "fail": false,
              "pending": false,
              "context": null,
              "code": "// Apply the app environment to the URL\nconst fullUrl = `${getAppUrl()}${url}`;\nif (method == \"visit\") {\n  // Assert URLs buy visiting (slower but more accurate)\n  cy.visitSite(\"app\", url.substring(1), {\n    skipOnetrust: true,\n    skipLogin: true\n  });\n  cy.xpath(\"//div[text() = 'Page not found']\").should(\"not.exist\");\n  cy.xpath(\"//div[@class = 'date']\").should(\"exist\");\n  cy.wait(waitAfter);\n} else if (method == \"request\") {\n  // Assert URLs by request\n  cy.request(fullUrl, {\n    failOnStatusCode: false\n  }).should(response => {\n    expect(response.status).to.eq(200);\n  });\n}",
              "err": {},
              "uuid": "ea5ae086-4540-4c47-8ea3-fa9c007a282c",
              "parentUUID": "9c51b7fe-6ae9-4c0e-939a-b1f42309f323",
              "isHook": false,
              "skipped": false
            },
            {
              "title": "/news/acrisure-pledges-30-million-lead-gift-in-campaign-for-riverfront-amphitheater",
              "fullTitle": "Newsroom /news/acrisure-pledges-30-million-lead-gift-in-campaign-for-riverfront-amphitheater",
              "timedOut": null,
              "duration": 5310,
              "state": "passed",
              "speed": "medium",
              "pass": true,
              "fail": false,
              "pending": false,
              "context": null,
              "code": "// Apply the app environment to the URL\nconst fullUrl = `${getAppUrl()}${url}`;\nif (method == \"visit\") {\n  // Assert URLs buy visiting (slower but more accurate)\n  cy.visitSite(\"app\", url.substring(1), {\n    skipOnetrust: true,\n    skipLogin: true\n  });\n  cy.xpath(\"//div[text() = 'Page not found']\").should(\"not.exist\");\n  cy.xpath(\"//div[@class = 'date']\").should(\"exist\");\n  cy.wait(waitAfter);\n} else if (method == \"request\") {\n  // Assert URLs by request\n  cy.request(fullUrl, {\n    failOnStatusCode: false\n  }).should(response => {\n    expect(response.status).to.eq(200);\n  });\n}",
              "err": {},
              "uuid": "355521e0-e0c9-4240-9fa9-60a40a9ded81",
              "parentUUID": "9c51b7fe-6ae9-4c0e-939a-b1f42309f323",
              "isHook": false,
              "skipped": false
            },
            {
              "title": "/news/acrisure-supports-families-of-veterans-and-first-responders",
              "fullTitle": "Newsroom /news/acrisure-supports-families-of-veterans-and-first-responders",
              "timedOut": null,
              "duration": 5335,
              "state": "passed",
              "speed": "medium",
              "pass": true,
              "fail": false,
              "pending": false,
              "context": null,
              "code": "// Apply the app environment to the URL\nconst fullUrl = `${getAppUrl()}${url}`;\nif (method == \"visit\") {\n  // Assert URLs buy visiting (slower but more accurate)\n  cy.visitSite(\"app\", url.substring(1), {\n    skipOnetrust: true,\n    skipLogin: true\n  });\n  cy.xpath(\"//div[text() = 'Page not found']\").should(\"not.exist\");\n  cy.xpath(\"//div[@class = 'date']\").should(\"exist\");\n  cy.wait(waitAfter);\n} else if (method == \"request\") {\n  // Assert URLs by request\n  cy.request(fullUrl, {\n    failOnStatusCode: false\n  }).should(response => {\n    expect(response.status).to.eq(200);\n  });\n}",
              "err": {},
              "uuid": "04160b3a-ea73-4185-87df-9d407875aac1",
              "parentUUID": "9c51b7fe-6ae9-4c0e-939a-b1f42309f323",
              "isHook": false,
              "skipped": false
            },
            {
              "title": "/news/acrisure-builds-on-upmc-childrens-impact-with-radiothon-donation",
              "fullTitle": "Newsroom /news/acrisure-builds-on-upmc-childrens-impact-with-radiothon-donation",
              "timedOut": null,
              "duration": 5315,
              "state": "passed",
              "speed": "medium",
              "pass": true,
              "fail": false,
              "pending": false,
              "context": null,
              "code": "// Apply the app environment to the URL\nconst fullUrl = `${getAppUrl()}${url}`;\nif (method == \"visit\") {\n  // Assert URLs buy visiting (slower but more accurate)\n  cy.visitSite(\"app\", url.substring(1), {\n    skipOnetrust: true,\n    skipLogin: true\n  });\n  cy.xpath(\"//div[text() = 'Page not found']\").should(\"not.exist\");\n  cy.xpath(\"//div[@class = 'date']\").should(\"exist\");\n  cy.wait(waitAfter);\n} else if (method == \"request\") {\n  // Assert URLs by request\n  cy.request(fullUrl, {\n    failOnStatusCode: false\n  }).should(response => {\n    expect(response.status).to.eq(200);\n  });\n}",
              "err": {},
              "uuid": "3415ace0-4b30-4fa5-a20e-b6f1619a4f5f",
              "parentUUID": "9c51b7fe-6ae9-4c0e-939a-b1f42309f323",
              "isHook": false,
              "skipped": false
            },
            {
              "title": "/news/arcas-expands-into-cat-bond-market-with-two-appointments-based-in-zurich",
              "fullTitle": "Newsroom /news/arcas-expands-into-cat-bond-market-with-two-appointments-based-in-zurich",
              "timedOut": null,
              "duration": 5339,
              "state": "passed",
              "speed": "medium",
              "pass": true,
              "fail": false,
              "pending": false,
              "context": null,
              "code": "// Apply the app environment to the URL\nconst fullUrl = `${getAppUrl()}${url}`;\nif (method == \"visit\") {\n  // Assert URLs buy visiting (slower but more accurate)\n  cy.visitSite(\"app\", url.substring(1), {\n    skipOnetrust: true,\n    skipLogin: true\n  });\n  cy.xpath(\"//div[text() = 'Page not found']\").should(\"not.exist\");\n  cy.xpath(\"//div[@class = 'date']\").should(\"exist\");\n  cy.wait(waitAfter);\n} else if (method == \"request\") {\n  // Assert URLs by request\n  cy.request(fullUrl, {\n    failOnStatusCode: false\n  }).should(response => {\n    expect(response.status).to.eq(200);\n  });\n}",
              "err": {},
              "uuid": "2d03e44c-69c4-49fe-a7f6-b90ec3abb104",
              "parentUUID": "9c51b7fe-6ae9-4c0e-939a-b1f42309f323",
              "isHook": false,
              "skipped": false
            },
            {
              "title": "/news/acrisure-the-fintech-thats-just-getting-started",
              "fullTitle": "Newsroom /news/acrisure-the-fintech-thats-just-getting-started",
              "timedOut": null,
              "duration": 5344,
              "state": "passed",
              "speed": "medium",
              "pass": true,
              "fail": false,
              "pending": false,
              "context": null,
              "code": "// Apply the app environment to the URL\nconst fullUrl = `${getAppUrl()}${url}`;\nif (method == \"visit\") {\n  // Assert URLs buy visiting (slower but more accurate)\n  cy.visitSite(\"app\", url.substring(1), {\n    skipOnetrust: true,\n    skipLogin: true\n  });\n  cy.xpath(\"//div[text() = 'Page not found']\").should(\"not.exist\");\n  cy.xpath(\"//div[@class = 'date']\").should(\"exist\");\n  cy.wait(waitAfter);\n} else if (method == \"request\") {\n  // Assert URLs by request\n  cy.request(fullUrl, {\n    failOnStatusCode: false\n  }).should(response => {\n    expect(response.status).to.eq(200);\n  });\n}",
              "err": {},
              "uuid": "00773252-a3f8-4594-8357-8d327c38947f",
              "parentUUID": "9c51b7fe-6ae9-4c0e-939a-b1f42309f323",
              "isHook": false,
              "skipped": false
            },
            {
              "title": "/news/acrisure-launches-fan-advantage-experience-for-2023-2024-steelers-season",
              "fullTitle": "Newsroom /news/acrisure-launches-fan-advantage-experience-for-2023-2024-steelers-season",
              "timedOut": null,
              "duration": 5294,
              "state": "passed",
              "speed": "medium",
              "pass": true,
              "fail": false,
              "pending": false,
              "context": null,
              "code": "// Apply the app environment to the URL\nconst fullUrl = `${getAppUrl()}${url}`;\nif (method == \"visit\") {\n  // Assert URLs buy visiting (slower but more accurate)\n  cy.visitSite(\"app\", url.substring(1), {\n    skipOnetrust: true,\n    skipLogin: true\n  });\n  cy.xpath(\"//div[text() = 'Page not found']\").should(\"not.exist\");\n  cy.xpath(\"//div[@class = 'date']\").should(\"exist\");\n  cy.wait(waitAfter);\n} else if (method == \"request\") {\n  // Assert URLs by request\n  cy.request(fullUrl, {\n    failOnStatusCode: false\n  }).should(response => {\n    expect(response.status).to.eq(200);\n  });\n}",
              "err": {},
              "uuid": "d79ab852-0779-4a8c-9036-e9f9e92546de",
              "parentUUID": "9c51b7fe-6ae9-4c0e-939a-b1f42309f323",
              "isHook": false,
              "skipped": false
            },
            {
              "title": "/news/acrisure-re-expands-corporate-advisory-solutions-with-two-appointments",
              "fullTitle": "Newsroom /news/acrisure-re-expands-corporate-advisory-solutions-with-two-appointments",
              "timedOut": null,
              "duration": 5348,
              "state": "passed",
              "speed": "medium",
              "pass": true,
              "fail": false,
              "pending": false,
              "context": null,
              "code": "// Apply the app environment to the URL\nconst fullUrl = `${getAppUrl()}${url}`;\nif (method == \"visit\") {\n  // Assert URLs buy visiting (slower but more accurate)\n  cy.visitSite(\"app\", url.substring(1), {\n    skipOnetrust: true,\n    skipLogin: true\n  });\n  cy.xpath(\"//div[text() = 'Page not found']\").should(\"not.exist\");\n  cy.xpath(\"//div[@class = 'date']\").should(\"exist\");\n  cy.wait(waitAfter);\n} else if (method == \"request\") {\n  // Assert URLs by request\n  cy.request(fullUrl, {\n    failOnStatusCode: false\n  }).should(response => {\n    expect(response.status).to.eq(200);\n  });\n}",
              "err": {},
              "uuid": "d968d02e-7f36-4acd-a138-272df57face0",
              "parentUUID": "9c51b7fe-6ae9-4c0e-939a-b1f42309f323",
              "isHook": false,
              "skipped": false
            },
            {
              "title": "/news/acrisure-community-impact-on-display-during-steelers-preseason-game",
              "fullTitle": "Newsroom /news/acrisure-community-impact-on-display-during-steelers-preseason-game",
              "timedOut": null,
              "duration": 5304,
              "state": "passed",
              "speed": "medium",
              "pass": true,
              "fail": false,
              "pending": false,
              "context": null,
              "code": "// Apply the app environment to the URL\nconst fullUrl = `${getAppUrl()}${url}`;\nif (method == \"visit\") {\n  // Assert URLs buy visiting (slower but more accurate)\n  cy.visitSite(\"app\", url.substring(1), {\n    skipOnetrust: true,\n    skipLogin: true\n  });\n  cy.xpath(\"//div[text() = 'Page not found']\").should(\"not.exist\");\n  cy.xpath(\"//div[@class = 'date']\").should(\"exist\");\n  cy.wait(waitAfter);\n} else if (method == \"request\") {\n  // Assert URLs by request\n  cy.request(fullUrl, {\n    failOnStatusCode: false\n  }).should(response => {\n    expect(response.status).to.eq(200);\n  });\n}",
              "err": {},
              "uuid": "56203446-c672-4c15-8577-dae43ccf96d1",
              "parentUUID": "9c51b7fe-6ae9-4c0e-939a-b1f42309f323",
              "isHook": false,
              "skipped": false
            },
            {
              "title": "/news/acrisures-new-york-businesses-unite-to-serve-clients-across-the-state",
              "fullTitle": "Newsroom /news/acrisures-new-york-businesses-unite-to-serve-clients-across-the-state",
              "timedOut": null,
              "duration": 5347,
              "state": "passed",
              "speed": "medium",
              "pass": true,
              "fail": false,
              "pending": false,
              "context": null,
              "code": "// Apply the app environment to the URL\nconst fullUrl = `${getAppUrl()}${url}`;\nif (method == \"visit\") {\n  // Assert URLs buy visiting (slower but more accurate)\n  cy.visitSite(\"app\", url.substring(1), {\n    skipOnetrust: true,\n    skipLogin: true\n  });\n  cy.xpath(\"//div[text() = 'Page not found']\").should(\"not.exist\");\n  cy.xpath(\"//div[@class = 'date']\").should(\"exist\");\n  cy.wait(waitAfter);\n} else if (method == \"request\") {\n  // Assert URLs by request\n  cy.request(fullUrl, {\n    failOnStatusCode: false\n  }).should(response => {\n    expect(response.status).to.eq(200);\n  });\n}",
              "err": {},
              "uuid": "973031cf-3ce4-44cb-aefe-2af92652d09c",
              "parentUUID": "9c51b7fe-6ae9-4c0e-939a-b1f42309f323",
              "isHook": false,
              "skipped": false
            },
            {
              "title": "/news/acrisures-fan-advantage-on-display-at-steelers-training-camp",
              "fullTitle": "Newsroom /news/acrisures-fan-advantage-on-display-at-steelers-training-camp",
              "timedOut": null,
              "duration": 5351,
              "state": "passed",
              "speed": "medium",
              "pass": true,
              "fail": false,
              "pending": false,
              "context": null,
              "code": "// Apply the app environment to the URL\nconst fullUrl = `${getAppUrl()}${url}`;\nif (method == \"visit\") {\n  // Assert URLs buy visiting (slower but more accurate)\n  cy.visitSite(\"app\", url.substring(1), {\n    skipOnetrust: true,\n    skipLogin: true\n  });\n  cy.xpath(\"//div[text() = 'Page not found']\").should(\"not.exist\");\n  cy.xpath(\"//div[@class = 'date']\").should(\"exist\");\n  cy.wait(waitAfter);\n} else if (method == \"request\") {\n  // Assert URLs by request\n  cy.request(fullUrl, {\n    failOnStatusCode: false\n  }).should(response => {\n    expect(response.status).to.eq(200);\n  });\n}",
              "err": {},
              "uuid": "a3b5eb87-6334-4141-8265-409e518b01c2",
              "parentUUID": "9c51b7fe-6ae9-4c0e-939a-b1f42309f323",
              "isHook": false,
              "skipped": false
            },
            {
              "title": "/news/acrisure-brand-roll-out-reaches-southern-united-states",
              "fullTitle": "Newsroom /news/acrisure-brand-roll-out-reaches-southern-united-states",
              "timedOut": null,
              "duration": 5332,
              "state": "passed",
              "speed": "medium",
              "pass": true,
              "fail": false,
              "pending": false,
              "context": null,
              "code": "// Apply the app environment to the URL\nconst fullUrl = `${getAppUrl()}${url}`;\nif (method == \"visit\") {\n  // Assert URLs buy visiting (slower but more accurate)\n  cy.visitSite(\"app\", url.substring(1), {\n    skipOnetrust: true,\n    skipLogin: true\n  });\n  cy.xpath(\"//div[text() = 'Page not found']\").should(\"not.exist\");\n  cy.xpath(\"//div[@class = 'date']\").should(\"exist\");\n  cy.wait(waitAfter);\n} else if (method == \"request\") {\n  // Assert URLs by request\n  cy.request(fullUrl, {\n    failOnStatusCode: false\n  }).should(response => {\n    expect(response.status).to.eq(200);\n  });\n}",
              "err": {},
              "uuid": "8386a168-b53a-4489-af85-2f97e054e00d",
              "parentUUID": "9c51b7fe-6ae9-4c0e-939a-b1f42309f323",
              "isHook": false,
              "skipped": false
            },
            {
              "title": "/news/acrisure-brand-roll-out-extends-to-the-west-coast",
              "fullTitle": "Newsroom /news/acrisure-brand-roll-out-extends-to-the-west-coast",
              "timedOut": null,
              "duration": 5340,
              "state": "passed",
              "speed": "medium",
              "pass": true,
              "fail": false,
              "pending": false,
              "context": null,
              "code": "// Apply the app environment to the URL\nconst fullUrl = `${getAppUrl()}${url}`;\nif (method == \"visit\") {\n  // Assert URLs buy visiting (slower but more accurate)\n  cy.visitSite(\"app\", url.substring(1), {\n    skipOnetrust: true,\n    skipLogin: true\n  });\n  cy.xpath(\"//div[text() = 'Page not found']\").should(\"not.exist\");\n  cy.xpath(\"//div[@class = 'date']\").should(\"exist\");\n  cy.wait(waitAfter);\n} else if (method == \"request\") {\n  // Assert URLs by request\n  cy.request(fullUrl, {\n    failOnStatusCode: false\n  }).should(response => {\n    expect(response.status).to.eq(200);\n  });\n}",
              "err": {},
              "uuid": "59f28624-0c51-4817-bbe7-546b5fa18f65",
              "parentUUID": "9c51b7fe-6ae9-4c0e-939a-b1f42309f323",
              "isHook": false,
              "skipped": false
            },
            {
              "title": "/news/empowering-youth-through-partnership-with-the-mel-blount-youth-leadership-initiative",
              "fullTitle": "Newsroom /news/empowering-youth-through-partnership-with-the-mel-blount-youth-leadership-initiative",
              "timedOut": null,
              "duration": 5342,
              "state": "passed",
              "speed": "medium",
              "pass": true,
              "fail": false,
              "pending": false,
              "context": null,
              "code": "// Apply the app environment to the URL\nconst fullUrl = `${getAppUrl()}${url}`;\nif (method == \"visit\") {\n  // Assert URLs buy visiting (slower but more accurate)\n  cy.visitSite(\"app\", url.substring(1), {\n    skipOnetrust: true,\n    skipLogin: true\n  });\n  cy.xpath(\"//div[text() = 'Page not found']\").should(\"not.exist\");\n  cy.xpath(\"//div[@class = 'date']\").should(\"exist\");\n  cy.wait(waitAfter);\n} else if (method == \"request\") {\n  // Assert URLs by request\n  cy.request(fullUrl, {\n    failOnStatusCode: false\n  }).should(response => {\n    expect(response.status).to.eq(200);\n  });\n}",
              "err": {},
              "uuid": "fcbc5d67-6971-47dc-8c44-ec4e72d6bcd8",
              "parentUUID": "9c51b7fe-6ae9-4c0e-939a-b1f42309f323",
              "isHook": false,
              "skipped": false
            },
            {
              "title": "/news/partnership-with-lionel-richie-to-bring-new-opportunities",
              "fullTitle": "Newsroom /news/partnership-with-lionel-richie-to-bring-new-opportunities",
              "timedOut": null,
              "duration": 5344,
              "state": "passed",
              "speed": "medium",
              "pass": true,
              "fail": false,
              "pending": false,
              "context": null,
              "code": "// Apply the app environment to the URL\nconst fullUrl = `${getAppUrl()}${url}`;\nif (method == \"visit\") {\n  // Assert URLs buy visiting (slower but more accurate)\n  cy.visitSite(\"app\", url.substring(1), {\n    skipOnetrust: true,\n    skipLogin: true\n  });\n  cy.xpath(\"//div[text() = 'Page not found']\").should(\"not.exist\");\n  cy.xpath(\"//div[@class = 'date']\").should(\"exist\");\n  cy.wait(waitAfter);\n} else if (method == \"request\") {\n  // Assert URLs by request\n  cy.request(fullUrl, {\n    failOnStatusCode: false\n  }).should(response => {\n    expect(response.status).to.eq(200);\n  });\n}",
              "err": {},
              "uuid": "f36f84b5-b4ab-4197-8c59-c50b02ff13a4",
              "parentUUID": "9c51b7fe-6ae9-4c0e-939a-b1f42309f323",
              "isHook": false,
              "skipped": false
            },
            {
              "title": "/news/creating-a-lasting-impact-with-upmc-childrens-hospital-partnership",
              "fullTitle": "Newsroom /news/creating-a-lasting-impact-with-upmc-childrens-hospital-partnership",
              "timedOut": null,
              "duration": 5347,
              "state": "passed",
              "speed": "medium",
              "pass": true,
              "fail": false,
              "pending": false,
              "context": null,
              "code": "// Apply the app environment to the URL\nconst fullUrl = `${getAppUrl()}${url}`;\nif (method == \"visit\") {\n  // Assert URLs buy visiting (slower but more accurate)\n  cy.visitSite(\"app\", url.substring(1), {\n    skipOnetrust: true,\n    skipLogin: true\n  });\n  cy.xpath(\"//div[text() = 'Page not found']\").should(\"not.exist\");\n  cy.xpath(\"//div[@class = 'date']\").should(\"exist\");\n  cy.wait(waitAfter);\n} else if (method == \"request\") {\n  // Assert URLs by request\n  cy.request(fullUrl, {\n    failOnStatusCode: false\n  }).should(response => {\n    expect(response.status).to.eq(200);\n  });\n}",
              "err": {},
              "uuid": "69021c51-ed0f-42f6-af32-8843bb31cb56",
              "parentUUID": "9c51b7fe-6ae9-4c0e-939a-b1f42309f323",
              "isHook": false,
              "skipped": false
            },
            {
              "title": "/news/lionel-richie-becomes-an-acrisure-brand-ambassador",
              "fullTitle": "Newsroom /news/lionel-richie-becomes-an-acrisure-brand-ambassador",
              "timedOut": null,
              "duration": 5340,
              "state": "passed",
              "speed": "medium",
              "pass": true,
              "fail": false,
              "pending": false,
              "context": null,
              "code": "// Apply the app environment to the URL\nconst fullUrl = `${getAppUrl()}${url}`;\nif (method == \"visit\") {\n  // Assert URLs buy visiting (slower but more accurate)\n  cy.visitSite(\"app\", url.substring(1), {\n    skipOnetrust: true,\n    skipLogin: true\n  });\n  cy.xpath(\"//div[text() = 'Page not found']\").should(\"not.exist\");\n  cy.xpath(\"//div[@class = 'date']\").should(\"exist\");\n  cy.wait(waitAfter);\n} else if (method == \"request\") {\n  // Assert URLs by request\n  cy.request(fullUrl, {\n    failOnStatusCode: false\n  }).should(response => {\n    expect(response.status).to.eq(200);\n  });\n}",
              "err": {},
              "uuid": "e71afa65-5a2b-4ef0-9b2e-1c63aad9ec4d",
              "parentUUID": "9c51b7fe-6ae9-4c0e-939a-b1f42309f323",
              "isHook": false,
              "skipped": false
            },
            {
              "title": "/news/acrisure-protection-group-to-provide-clients-with-auto-industry-expertise-and-services",
              "fullTitle": "Newsroom /news/acrisure-protection-group-to-provide-clients-with-auto-industry-expertise-and-services",
              "timedOut": null,
              "duration": 5338,
              "state": "passed",
              "speed": "medium",
              "pass": true,
              "fail": false,
              "pending": false,
              "context": null,
              "code": "// Apply the app environment to the URL\nconst fullUrl = `${getAppUrl()}${url}`;\nif (method == \"visit\") {\n  // Assert URLs buy visiting (slower but more accurate)\n  cy.visitSite(\"app\", url.substring(1), {\n    skipOnetrust: true,\n    skipLogin: true\n  });\n  cy.xpath(\"//div[text() = 'Page not found']\").should(\"not.exist\");\n  cy.xpath(\"//div[@class = 'date']\").should(\"exist\");\n  cy.wait(waitAfter);\n} else if (method == \"request\") {\n  // Assert URLs by request\n  cy.request(fullUrl, {\n    failOnStatusCode: false\n  }).should(response => {\n    expect(response.status).to.eq(200);\n  });\n}",
              "err": {},
              "uuid": "e4246ddd-e26c-4055-a106-48e90df065f2",
              "parentUUID": "9c51b7fe-6ae9-4c0e-939a-b1f42309f323",
              "isHook": false,
              "skipped": false
            },
            {
              "title": "/news/crains-highlights-acrisures-fintech-future",
              "fullTitle": "Newsroom /news/crains-highlights-acrisures-fintech-future",
              "timedOut": null,
              "duration": 5316,
              "state": "passed",
              "speed": "medium",
              "pass": true,
              "fail": false,
              "pending": false,
              "context": null,
              "code": "// Apply the app environment to the URL\nconst fullUrl = `${getAppUrl()}${url}`;\nif (method == \"visit\") {\n  // Assert URLs buy visiting (slower but more accurate)\n  cy.visitSite(\"app\", url.substring(1), {\n    skipOnetrust: true,\n    skipLogin: true\n  });\n  cy.xpath(\"//div[text() = 'Page not found']\").should(\"not.exist\");\n  cy.xpath(\"//div[@class = 'date']\").should(\"exist\");\n  cy.wait(waitAfter);\n} else if (method == \"request\") {\n  // Assert URLs by request\n  cy.request(fullUrl, {\n    failOnStatusCode: false\n  }).should(response => {\n    expect(response.status).to.eq(200);\n  });\n}",
              "err": {},
              "uuid": "f9c77408-60fb-4862-8be2-e7481b29e89f",
              "parentUUID": "9c51b7fe-6ae9-4c0e-939a-b1f42309f323",
              "isHook": false,
              "skipped": false
            },
            {
              "title": "/news/acrisure-donates-7-and-a-half-million-to-upmc-childrens-hospital-foundation",
              "fullTitle": "Newsroom /news/acrisure-donates-7-and-a-half-million-to-upmc-childrens-hospital-foundation",
              "timedOut": null,
              "duration": 5330,
              "state": "passed",
              "speed": "medium",
              "pass": true,
              "fail": false,
              "pending": false,
              "context": null,
              "code": "// Apply the app environment to the URL\nconst fullUrl = `${getAppUrl()}${url}`;\nif (method == \"visit\") {\n  // Assert URLs buy visiting (slower but more accurate)\n  cy.visitSite(\"app\", url.substring(1), {\n    skipOnetrust: true,\n    skipLogin: true\n  });\n  cy.xpath(\"//div[text() = 'Page not found']\").should(\"not.exist\");\n  cy.xpath(\"//div[@class = 'date']\").should(\"exist\");\n  cy.wait(waitAfter);\n} else if (method == \"request\") {\n  // Assert URLs by request\n  cy.request(fullUrl, {\n    failOnStatusCode: false\n  }).should(response => {\n    expect(response.status).to.eq(200);\n  });\n}",
              "err": {},
              "uuid": "343f2425-0a2b-4ccd-bc09-96743ea962d9",
              "parentUUID": "9c51b7fe-6ae9-4c0e-939a-b1f42309f323",
              "isHook": false,
              "skipped": false
            },
            {
              "title": "/news/acrisure-accelerates-fintech-model",
              "fullTitle": "Newsroom /news/acrisure-accelerates-fintech-model",
              "timedOut": null,
              "duration": 5381,
              "state": "passed",
              "speed": "medium",
              "pass": true,
              "fail": false,
              "pending": false,
              "context": null,
              "code": "// Apply the app environment to the URL\nconst fullUrl = `${getAppUrl()}${url}`;\nif (method == \"visit\") {\n  // Assert URLs buy visiting (slower but more accurate)\n  cy.visitSite(\"app\", url.substring(1), {\n    skipOnetrust: true,\n    skipLogin: true\n  });\n  cy.xpath(\"//div[text() = 'Page not found']\").should(\"not.exist\");\n  cy.xpath(\"//div[@class = 'date']\").should(\"exist\");\n  cy.wait(waitAfter);\n} else if (method == \"request\") {\n  // Assert URLs by request\n  cy.request(fullUrl, {\n    failOnStatusCode: false\n  }).should(response => {\n    expect(response.status).to.eq(200);\n  });\n}",
              "err": {},
              "uuid": "163b1a92-4046-467e-a521-d0fbc77823cb",
              "parentUUID": "9c51b7fe-6ae9-4c0e-939a-b1f42309f323",
              "isHook": false,
              "skipped": false
            },
            {
              "title": "/news/john-sutton-and-jonathan-tritton-featured-on-insurer-tv-part-two",
              "fullTitle": "Newsroom /news/john-sutton-and-jonathan-tritton-featured-on-insurer-tv-part-two",
              "timedOut": null,
              "duration": 5306,
              "state": "passed",
              "speed": "medium",
              "pass": true,
              "fail": false,
              "pending": false,
              "context": null,
              "code": "// Apply the app environment to the URL\nconst fullUrl = `${getAppUrl()}${url}`;\nif (method == \"visit\") {\n  // Assert URLs buy visiting (slower but more accurate)\n  cy.visitSite(\"app\", url.substring(1), {\n    skipOnetrust: true,\n    skipLogin: true\n  });\n  cy.xpath(\"//div[text() = 'Page not found']\").should(\"not.exist\");\n  cy.xpath(\"//div[@class = 'date']\").should(\"exist\");\n  cy.wait(waitAfter);\n} else if (method == \"request\") {\n  // Assert URLs by request\n  cy.request(fullUrl, {\n    failOnStatusCode: false\n  }).should(response => {\n    expect(response.status).to.eq(200);\n  });\n}",
              "err": {},
              "uuid": "15e524b8-8104-44f7-9d24-7c6e4bd7694d",
              "parentUUID": "9c51b7fe-6ae9-4c0e-939a-b1f42309f323",
              "isHook": false,
              "skipped": false
            },
            {
              "title": "/news/greg-williams-and-acrisure-honored-for-trailblazing-charitable-efforts",
              "fullTitle": "Newsroom /news/greg-williams-and-acrisure-honored-for-trailblazing-charitable-efforts",
              "timedOut": null,
              "duration": 5342,
              "state": "passed",
              "speed": "medium",
              "pass": true,
              "fail": false,
              "pending": false,
              "context": null,
              "code": "// Apply the app environment to the URL\nconst fullUrl = `${getAppUrl()}${url}`;\nif (method == \"visit\") {\n  // Assert URLs buy visiting (slower but more accurate)\n  cy.visitSite(\"app\", url.substring(1), {\n    skipOnetrust: true,\n    skipLogin: true\n  });\n  cy.xpath(\"//div[text() = 'Page not found']\").should(\"not.exist\");\n  cy.xpath(\"//div[@class = 'date']\").should(\"exist\");\n  cy.wait(waitAfter);\n} else if (method == \"request\") {\n  // Assert URLs by request\n  cy.request(fullUrl, {\n    failOnStatusCode: false\n  }).should(response => {\n    expect(response.status).to.eq(200);\n  });\n}",
              "err": {},
              "uuid": "6fe073f2-0623-43e6-865e-68f32615bbf7",
              "parentUUID": "9c51b7fe-6ae9-4c0e-939a-b1f42309f323",
              "isHook": false,
              "skipped": false
            },
            {
              "title": "/news/acrisure-expands-global-footprint-to-portugal-with-acquisition-of-universalis",
              "fullTitle": "Newsroom /news/acrisure-expands-global-footprint-to-portugal-with-acquisition-of-universalis",
              "timedOut": null,
              "duration": 5355,
              "state": "passed",
              "speed": "medium",
              "pass": true,
              "fail": false,
              "pending": false,
              "context": null,
              "code": "// Apply the app environment to the URL\nconst fullUrl = `${getAppUrl()}${url}`;\nif (method == \"visit\") {\n  // Assert URLs buy visiting (slower but more accurate)\n  cy.visitSite(\"app\", url.substring(1), {\n    skipOnetrust: true,\n    skipLogin: true\n  });\n  cy.xpath(\"//div[text() = 'Page not found']\").should(\"not.exist\");\n  cy.xpath(\"//div[@class = 'date']\").should(\"exist\");\n  cy.wait(waitAfter);\n} else if (method == \"request\") {\n  // Assert URLs by request\n  cy.request(fullUrl, {\n    failOnStatusCode: false\n  }).should(response => {\n    expect(response.status).to.eq(200);\n  });\n}",
              "err": {},
              "uuid": "de8e5a54-e4df-48ff-aca4-9c8c72fac83c",
              "parentUUID": "9c51b7fe-6ae9-4c0e-939a-b1f42309f323",
              "isHook": false,
              "skipped": false
            },
            {
              "title": "/news/john-sutton-and-jonathan-tritton-featured-on-insurer-tv",
              "fullTitle": "Newsroom /news/john-sutton-and-jonathan-tritton-featured-on-insurer-tv",
              "timedOut": null,
              "duration": 5314,
              "state": "passed",
              "speed": "medium",
              "pass": true,
              "fail": false,
              "pending": false,
              "context": null,
              "code": "// Apply the app environment to the URL\nconst fullUrl = `${getAppUrl()}${url}`;\nif (method == \"visit\") {\n  // Assert URLs buy visiting (slower but more accurate)\n  cy.visitSite(\"app\", url.substring(1), {\n    skipOnetrust: true,\n    skipLogin: true\n  });\n  cy.xpath(\"//div[text() = 'Page not found']\").should(\"not.exist\");\n  cy.xpath(\"//div[@class = 'date']\").should(\"exist\");\n  cy.wait(waitAfter);\n} else if (method == \"request\") {\n  // Assert URLs by request\n  cy.request(fullUrl, {\n    failOnStatusCode: false\n  }).should(response => {\n    expect(response.status).to.eq(200);\n  });\n}",
              "err": {},
              "uuid": "5c42a5ff-16d0-43d3-b746-da8f3c3cfdf6",
              "parentUUID": "9c51b7fe-6ae9-4c0e-939a-b1f42309f323",
              "isHook": false,
              "skipped": false
            },
            {
              "title": "/news/acrisures-record-breaking-growth-wins-award",
              "fullTitle": "Newsroom /news/acrisures-record-breaking-growth-wins-award",
              "timedOut": null,
              "duration": 5386,
              "state": "passed",
              "speed": "medium",
              "pass": true,
              "fail": false,
              "pending": false,
              "context": null,
              "code": "// Apply the app environment to the URL\nconst fullUrl = `${getAppUrl()}${url}`;\nif (method == \"visit\") {\n  // Assert URLs buy visiting (slower but more accurate)\n  cy.visitSite(\"app\", url.substring(1), {\n    skipOnetrust: true,\n    skipLogin: true\n  });\n  cy.xpath(\"//div[text() = 'Page not found']\").should(\"not.exist\");\n  cy.xpath(\"//div[@class = 'date']\").should(\"exist\");\n  cy.wait(waitAfter);\n} else if (method == \"request\") {\n  // Assert URLs by request\n  cy.request(fullUrl, {\n    failOnStatusCode: false\n  }).should(response => {\n    expect(response.status).to.eq(200);\n  });\n}",
              "err": {},
              "uuid": "3eaa755f-6565-46ba-a679-3846a43cc794",
              "parentUUID": "9c51b7fe-6ae9-4c0e-939a-b1f42309f323",
              "isHook": false,
              "skipped": false
            },
            {
              "title": "/news/acrisure-cyber-services-wins-industry-award",
              "fullTitle": "Newsroom /news/acrisure-cyber-services-wins-industry-award",
              "timedOut": null,
              "duration": 5367,
              "state": "passed",
              "speed": "medium",
              "pass": true,
              "fail": false,
              "pending": false,
              "context": null,
              "code": "// Apply the app environment to the URL\nconst fullUrl = `${getAppUrl()}${url}`;\nif (method == \"visit\") {\n  // Assert URLs buy visiting (slower but more accurate)\n  cy.visitSite(\"app\", url.substring(1), {\n    skipOnetrust: true,\n    skipLogin: true\n  });\n  cy.xpath(\"//div[text() = 'Page not found']\").should(\"not.exist\");\n  cy.xpath(\"//div[@class = 'date']\").should(\"exist\");\n  cy.wait(waitAfter);\n} else if (method == \"request\") {\n  // Assert URLs by request\n  cy.request(fullUrl, {\n    failOnStatusCode: false\n  }).should(response => {\n    expect(response.status).to.eq(200);\n  });\n}",
              "err": {},
              "uuid": "f8a8545f-8a0e-4ba8-b6d8-e1884869c2af",
              "parentUUID": "9c51b7fe-6ae9-4c0e-939a-b1f42309f323",
              "isHook": false,
              "skipped": false
            },
            {
              "title": "/news/acrisure-enters-central-and-eastern-europe-with-acquisition-of-unilink-group",
              "fullTitle": "Newsroom /news/acrisure-enters-central-and-eastern-europe-with-acquisition-of-unilink-group",
              "timedOut": null,
              "duration": 5376,
              "state": "passed",
              "speed": "medium",
              "pass": true,
              "fail": false,
              "pending": false,
              "context": null,
              "code": "// Apply the app environment to the URL\nconst fullUrl = `${getAppUrl()}${url}`;\nif (method == \"visit\") {\n  // Assert URLs buy visiting (slower but more accurate)\n  cy.visitSite(\"app\", url.substring(1), {\n    skipOnetrust: true,\n    skipLogin: true\n  });\n  cy.xpath(\"//div[text() = 'Page not found']\").should(\"not.exist\");\n  cy.xpath(\"//div[@class = 'date']\").should(\"exist\");\n  cy.wait(waitAfter);\n} else if (method == \"request\") {\n  // Assert URLs by request\n  cy.request(fullUrl, {\n    failOnStatusCode: false\n  }).should(response => {\n    expect(response.status).to.eq(200);\n  });\n}",
              "err": {},
              "uuid": "5f0f7611-c2e4-460f-a76d-f1f7b95cc9fb",
              "parentUUID": "9c51b7fe-6ae9-4c0e-939a-b1f42309f323",
              "isHook": false,
              "skipped": false
            },
            {
              "title": "/news/acrisure-chief-digital-officer-named-top-100-women-in-fintech",
              "fullTitle": "Newsroom /news/acrisure-chief-digital-officer-named-top-100-women-in-fintech",
              "timedOut": null,
              "duration": 5347,
              "state": "passed",
              "speed": "medium",
              "pass": true,
              "fail": false,
              "pending": false,
              "context": null,
              "code": "// Apply the app environment to the URL\nconst fullUrl = `${getAppUrl()}${url}`;\nif (method == \"visit\") {\n  // Assert URLs buy visiting (slower but more accurate)\n  cy.visitSite(\"app\", url.substring(1), {\n    skipOnetrust: true,\n    skipLogin: true\n  });\n  cy.xpath(\"//div[text() = 'Page not found']\").should(\"not.exist\");\n  cy.xpath(\"//div[@class = 'date']\").should(\"exist\");\n  cy.wait(waitAfter);\n} else if (method == \"request\") {\n  // Assert URLs by request\n  cy.request(fullUrl, {\n    failOnStatusCode: false\n  }).should(response => {\n    expect(response.status).to.eq(200);\n  });\n}",
              "err": {},
              "uuid": "66412573-8825-479e-859e-307505481bb4",
              "parentUUID": "9c51b7fe-6ae9-4c0e-939a-b1f42309f323",
              "isHook": false,
              "skipped": false
            },
            {
              "title": "/news/acrisure-colleagues-making-an-impact-in-their-communities",
              "fullTitle": "Newsroom /news/acrisure-colleagues-making-an-impact-in-their-communities",
              "timedOut": null,
              "duration": 5346,
              "state": "passed",
              "speed": "medium",
              "pass": true,
              "fail": false,
              "pending": false,
              "context": null,
              "code": "// Apply the app environment to the URL\nconst fullUrl = `${getAppUrl()}${url}`;\nif (method == \"visit\") {\n  // Assert URLs buy visiting (slower but more accurate)\n  cy.visitSite(\"app\", url.substring(1), {\n    skipOnetrust: true,\n    skipLogin: true\n  });\n  cy.xpath(\"//div[text() = 'Page not found']\").should(\"not.exist\");\n  cy.xpath(\"//div[@class = 'date']\").should(\"exist\");\n  cy.wait(waitAfter);\n} else if (method == \"request\") {\n  // Assert URLs by request\n  cy.request(fullUrl, {\n    failOnStatusCode: false\n  }).should(response => {\n    expect(response.status).to.eq(200);\n  });\n}",
              "err": {},
              "uuid": "aaa3b2b0-c51d-44f8-a4f4-4690f0d7be2d",
              "parentUUID": "9c51b7fe-6ae9-4c0e-939a-b1f42309f323",
              "isHook": false,
              "skipped": false
            },
            {
              "title": "/news/acrisure-in-the-news-greg-williams-talks-acrisures-history-of-transformation-to-pa-tech-leaders",
[...]
              "err": {},
              "uuid": "07a0be55-9528-4616-9191-b8206e12361a",
              "parentUUID": "8214159c-00e7-4959-a7bb-3fd45327f69b",
              "isHook": false,
              "skipped": false
            },
            {
              "title": "/blog/what-is-personal-property-insurance",
              "fullTitle": "Blog /blog/what-is-personal-property-insurance",
              "timedOut": null,
              "duration": 5390,
              "state": "passed",
              "speed": "medium",
              "pass": true,
              "fail": false,
              "pending": false,
              "context": null,
              "code": "// Apply the app environment to the URL\nconst fullUrl = `${getAppUrl()}${url}`;\nif (method == \"visit\") {\n  // Assert URLs buy visiting (slower but more accurate)\n  cy.visitSite(\"app\", url.substring(1), {\n    skipOnetrust: true,\n    skipLogin: true\n  });\n  cy.xpath(\"//div[text() = 'Page not found']\").should(\"not.exist\");\n  cy.xpath(\"//div[@class = 'date']\").should(\"exist\");\n  cy.wait(waitAfter);\n} else if (method == \"request\") {\n  // Assert URLs by request\n  cy.request(fullUrl, {\n    failOnStatusCode: false\n  }).should(response => {\n    expect(response.status).to.eq(200);\n  });\n}",
              "err": {},
              "uuid": "3026dc51-1a17-49c2-8e00-1881776e4a5e",
              "parentUUID": "8214159c-00e7-4959-a7bb-3fd45327f69b",
              "isHook": false,
              "skipped": false
            },
            {
              "title": "/blog/cyber-insurance-checklist",
              "fullTitle": "Blog /blog/cyber-insurance-checklist",
              "timedOut": null,
              "duration": 5345,
              "state": "passed",
              "speed": "medium",
              "pass": true,
              "fail": false,
              "pending": false,
              "context": null,
              "code": "// Apply the app environment to the URL\nconst fullUrl = `${getAppUrl()}${url}`;\nif (method == \"visit\") {\n  // Assert URLs buy visiting (slower but more accurate)\n  cy.visitSite(\"app\", url.substring(1), {\n    skipOnetrust: true,\n    skipLogin: true\n  });\n  cy.xpath(\"//div[text() = 'Page not found']\").should(\"not.exist\");\n  cy.xpath(\"//div[@class = 'date']\").should(\"exist\");\n  cy.wait(waitAfter);\n} else if (method == \"request\") {\n  // Assert URLs by request\n  cy.request(fullUrl, {\n    failOnStatusCode: false\n  }).should(response => {\n    expect(response.status).to.eq(200);\n  });\n}",
              "err": {},
              "uuid": "1a8cc5ee-642b-4d96-b3cc-47fb6c89ccfd",
              "parentUUID": "8214159c-00e7-4959-a7bb-3fd45327f69b",
              "isHook": false,
              "skipped": false
            },
            {
              "title": "/blog/2-types-of-commercial-insurance-designed-to-protect-your-business-your-employees",
              "fullTitle": "Blog /blog/2-types-of-commercial-insurance-designed-to-protect-your-business-your-employees",
              "timedOut": null,
              "duration": 5386,
              "state": "passed",
              "speed": "medium",
              "pass": true,
              "fail": false,
              "pending": false,
              "context": null,
              "code": "// Apply the app environment to the URL\nconst fullUrl = `${getAppUrl()}${url}`;\nif (method == \"visit\") {\n  // Assert URLs buy visiting (slower but more accurate)\n  cy.visitSite(\"app\", url.substring(1), {\n    skipOnetrust: true,\n    skipLogin: true\n  });\n  cy.xpath(\"//div[text() = 'Page not found']\").should(\"not.exist\");\n  cy.xpath(\"//div[@class = 'date']\").should(\"exist\");\n  cy.wait(waitAfter);\n} else if (method == \"request\") {\n  // Assert URLs by request\n  cy.request(fullUrl, {\n    failOnStatusCode: false\n  }).should(response => {\n    expect(response.status).to.eq(200);\n  });\n}",
              "err": {},
              "uuid": "eb102292-ed27-4949-a8c8-398f74a4c207",
              "parentUUID": "8214159c-00e7-4959-a7bb-3fd45327f69b",
              "isHook": false,
              "skipped": false
            },
            {
              "title": "/blog/an-unexpected-link-to-potentially-fewer-workers-compensation-claims",
              "fullTitle": "Blog /blog/an-unexpected-link-to-potentially-fewer-workers-compensation-claims",
              "timedOut": null,
              "duration": 5346,
              "state": "passed",
              "speed": "medium",
              "pass": true,
              "fail": false,
              "pending": false,
              "context": null,
              "code": "// Apply the app environment to the URL\nconst fullUrl = `${getAppUrl()}${url}`;\nif (method == \"visit\") {\n  // Assert URLs buy visiting (slower but more accurate)\n  cy.visitSite(\"app\", url.substring(1), {\n    skipOnetrust: true,\n    skipLogin: true\n  });\n  cy.xpath(\"//div[text() = 'Page not found']\").should(\"not.exist\");\n  cy.xpath(\"//div[@class = 'date']\").should(\"exist\");\n  cy.wait(waitAfter);\n} else if (method == \"request\") {\n  // Assert URLs by request\n  cy.request(fullUrl, {\n    failOnStatusCode: false\n  }).should(response => {\n    expect(response.status).to.eq(200);\n  });\n}",
              "err": {},
              "uuid": "c54e91a6-2b9a-43a8-a6be-b2c740976de6",
              "parentUUID": "8214159c-00e7-4959-a7bb-3fd45327f69b",
              "isHook": false,
              "skipped": false
            },
            {
              "title": "/blog/acrisure-answers-common-life-insurance-questions",
              "fullTitle": "Blog /blog/acrisure-answers-common-life-insurance-questions",
              "timedOut": null,
              "duration": 5309,
              "state": "passed",
              "speed": "medium",
              "pass": true,
              "fail": false,
              "pending": false,
              "context": null,
              "code": "// Apply the app environment to the URL\nconst fullUrl = `${getAppUrl()}${url}`;\nif (method == \"visit\") {\n  // Assert URLs buy visiting (slower but more accurate)\n  cy.visitSite(\"app\", url.substring(1), {\n    skipOnetrust: true,\n    skipLogin: true\n  });\n  cy.xpath(\"//div[text() = 'Page not found']\").should(\"not.exist\");\n  cy.xpath(\"//div[@class = 'date']\").should(\"exist\");\n  cy.wait(waitAfter);\n} else if (method == \"request\") {\n  // Assert URLs by request\n  cy.request(fullUrl, {\n    failOnStatusCode: false\n  }).should(response => {\n    expect(response.status).to.eq(200);\n  });\n}",
              "err": {},
              "uuid": "4e0dc1bb-d766-4303-af5c-e2a3162f7612",
              "parentUUID": "8214159c-00e7-4959-a7bb-3fd45327f69b",
              "isHook": false,
              "skipped": false
            },
            {
              "title": "/blog/employee-benefits-attract-talent-improve-employee-loyalty-using-benchmarking",
              "fullTitle": "Blog /blog/employee-benefits-attract-talent-improve-employee-loyalty-using-benchmarking",
              "timedOut": null,
              "duration": 5305,
              "state": "passed",
              "speed": "medium",
              "pass": true,
              "fail": false,
              "pending": false,
              "context": null,
              "code": "// Apply the app environment to the URL\nconst fullUrl = `${getAppUrl()}${url}`;\nif (method == \"visit\") {\n  // Assert URLs buy visiting (slower but more accurate)\n  cy.visitSite(\"app\", url.substring(1), {\n    skipOnetrust: true,\n    skipLogin: true\n  });\n  cy.xpath(\"//div[text() = 'Page not found']\").should(\"not.exist\");\n  cy.xpath(\"//div[@class = 'date']\").should(\"exist\");\n  cy.wait(waitAfter);\n} else if (method == \"request\") {\n  // Assert URLs by request\n  cy.request(fullUrl, {\n    failOnStatusCode: false\n  }).should(response => {\n    expect(response.status).to.eq(200);\n  });\n}",
              "err": {},
              "uuid": "622eb6fe-f47e-426a-b419-7d22918b6f3d",
              "parentUUID": "8214159c-00e7-4959-a7bb-3fd45327f69b",
              "isHook": false,
              "skipped": false
            },
            {
              "title": "/blog/9-ways-to-prevent-cyber-attacks",
              "fullTitle": "Blog /blog/9-ways-to-prevent-cyber-attacks",
              "timedOut": null,
              "duration": 5360,
              "state": "passed",
              "speed": "medium",
              "pass": true,
              "fail": false,
              "pending": false,
              "context": null,
              "code": "// Apply the app environment to the URL\nconst fullUrl = `${getAppUrl()}${url}`;\nif (method == \"visit\") {\n  // Assert URLs buy visiting (slower but more accurate)\n  cy.visitSite(\"app\", url.substring(1), {\n    skipOnetrust: true,\n    skipLogin: true\n  });\n  cy.xpath(\"//div[text() = 'Page not found']\").should(\"not.exist\");\n  cy.xpath(\"//div[@class = 'date']\").should(\"exist\");\n  cy.wait(waitAfter);\n} else if (method == \"request\") {\n  // Assert URLs by request\n  cy.request(fullUrl, {\n    failOnStatusCode: false\n  }).should(response => {\n    expect(response.status).to.eq(200);\n  });\n}",
              "err": {},
              "uuid": "7677d976-1f57-4f93-b7d2-9e7b860e217e",
              "parentUUID": "8214159c-00e7-4959-a7bb-3fd45327f69b",
              "isHook": false,
              "skipped": false
            },
            {
              "title": "/blog/reduce-workers-compensation-claims-by-focusing-on-fleet-safety",
              "fullTitle": "Blog /blog/reduce-workers-compensation-claims-by-focusing-on-fleet-safety",
              "timedOut": null,
              "duration": 5368,
              "state": "passed",
              "speed": "medium",
              "pass": true,
              "fail": false,
              "pending": false,
              "context": null,
              "code": "// Apply the app environment to the URL\nconst fullUrl = `${getAppUrl()}${url}`;\nif (method == \"visit\") {\n  // Assert URLs buy visiting (slower but more accurate)\n  cy.visitSite(\"app\", url.substring(1), {\n    skipOnetrust: true,\n    skipLogin: true\n  });\n  cy.xpath(\"//div[text() = 'Page not found']\").should(\"not.exist\");\n  cy.xpath(\"//div[@class = 'date']\").should(\"exist\");\n  cy.wait(waitAfter);\n} else if (method == \"request\") {\n  // Assert URLs by request\n  cy.request(fullUrl, {\n    failOnStatusCode: false\n  }).should(response => {\n    expect(response.status).to.eq(200);\n  });\n}",
              "err": {},
              "uuid": "0f524588-b28c-4d20-af70-ee869a74686a",
              "parentUUID": "8214159c-00e7-4959-a7bb-3fd45327f69b",
              "isHook": false,
              "skipped": false
            },
            {
              "title": "/blog/insurance-101-coverage-for-college-students",
              "fullTitle": "Blog /blog/insurance-101-coverage-for-college-students",
              "timedOut": null,
              "duration": 5353,
              "state": "passed",
              "speed": "medium",
              "pass": true,
              "fail": false,
              "pending": false,
              "context": null,
              "code": "// Apply the app environment to the URL\nconst fullUrl = `${getAppUrl()}${url}`;\nif (method == \"visit\") {\n  // Assert URLs buy visiting (slower but more accurate)\n  cy.visitSite(\"app\", url.substring(1), {\n    skipOnetrust: true,\n    skipLogin: true\n  });\n  cy.xpath(\"//div[text() = 'Page not found']\").should(\"not.exist\");\n  cy.xpath(\"//div[@class = 'date']\").should(\"exist\");\n  cy.wait(waitAfter);\n} else if (method == \"request\") {\n  // Assert URLs by request\n  cy.request(fullUrl, {\n    failOnStatusCode: false\n  }).should(response => {\n    expect(response.status).to.eq(200);\n  });\n}",
              "err": {},
              "uuid": "39f285a2-1a2d-402a-9af0-659370ec162c",
              "parentUUID": "8214159c-00e7-4959-a7bb-3fd45327f69b",
              "isHook": false,
              "skipped": false
            },
            {
              "title": "/blog/how-to-attract-and-retain-employees-with-voluntary-benefits",
              "fullTitle": "Blog /blog/how-to-attract-and-retain-employees-with-voluntary-benefits",
              "timedOut": null,
              "duration": 5332,
              "state": "passed",
              "speed": "medium",
              "pass": true,
              "fail": false,
              "pending": false,
              "context": null,
              "code": "// Apply the app environment to the URL\nconst fullUrl = `${getAppUrl()}${url}`;\nif (method == \"visit\") {\n  // Assert URLs buy visiting (slower but more accurate)\n  cy.visitSite(\"app\", url.substring(1), {\n    skipOnetrust: true,\n    skipLogin: true\n  });\n  cy.xpath(\"//div[text() = 'Page not found']\").should(\"not.exist\");\n  cy.xpath(\"//div[@class = 'date']\").should(\"exist\");\n  cy.wait(waitAfter);\n} else if (method == \"request\") {\n  // Assert URLs by request\n  cy.request(fullUrl, {\n    failOnStatusCode: false\n  }).should(response => {\n    expect(response.status).to.eq(200);\n  });\n}",
              "err": {},
              "uuid": "6090289e-e010-4d05-9786-750b62e36f96",
              "parentUUID": "8214159c-00e7-4959-a7bb-3fd45327f69b",
              "isHook": false,
              "skipped": false
            },
            {
              "title": "/blog/how-to-reduce-workers-compensation-claims",
              "fullTitle": "Blog /blog/how-to-reduce-workers-compensation-claims",
              "timedOut": null,
              "duration": 5343,
              "state": "passed",
              "speed": "medium",
              "pass": true,
              "fail": false,
              "pending": false,
              "context": null,
              "code": "// Apply the app environment to the URL\nconst fullUrl = `${getAppUrl()}${url}`;\nif (method == \"visit\") {\n  // Assert URLs buy visiting (slower but more accurate)\n  cy.visitSite(\"app\", url.substring(1), {\n    skipOnetrust: true,\n    skipLogin: true\n  });\n  cy.xpath(\"//div[text() = 'Page not found']\").should(\"not.exist\");\n  cy.xpath(\"//div[@class = 'date']\").should(\"exist\");\n  cy.wait(waitAfter);\n} else if (method == \"request\") {\n  // Assert URLs by request\n  cy.request(fullUrl, {\n    failOnStatusCode: false\n  }).should(response => {\n    expect(response.status).to.eq(200);\n  });\n}",
              "err": {},
              "uuid": "7a2f2276-4973-4d1c-a727-b0492227040d",
              "parentUUID": "8214159c-00e7-4959-a7bb-3fd45327f69b",
              "isHook": false,
              "skipped": false
            }
          ],
          "suites": [],
          "passes": [
            "d6651fc4-5fa5-4630-9efe-22f78bd597c0",
            "1ef82560-9987-4e6a-91d9-1581e8fe7127",
            "ede03e44-7b0a-4e66-93be-015013864143",
            "2be6a859-8f16-4887-929e-f78f282bc56a",
            "aeaf6730-b37b-4344-8785-51fa3fa218e1",
            "ec097576-ad3f-4b6c-a846-c852df42fef2",
            "19477a41-fc5b-4588-af2d-206e57e05dcc",
            "2fb818e9-5b51-4b2a-97f9-41293d588002",
            "7e0ad65a-dbba-4960-9e08-66e9fbc5e4d7",
            "0c7b4684-df28-42f4-a535-046dc78306fc",
            "53e5872f-68fc-4a70-94f1-d68e77e0a99c",
            "83aed6eb-a9d3-452b-ab93-9c1b47ddf241",
            "1c153a2b-2774-46ea-880b-702347e3a222",
            "9e64a9d5-2aef-4a4b-8250-adafa7271e3d",
            "53479c50-0997-4b70-b5f9-be79ada5cea1",
            "86c7a63c-b5c7-4270-bff8-8ed31cd434cb",
            "cb634a2e-1b15-4fe6-bd09-525005417f34",
            "f49c6366-8e4a-4917-84d2-2230907a854e",
            "8435046f-3c98-4b8d-9709-1b2fb1380d71",
            "5b248902-2277-4489-ab32-d42573eacbf4",
            "ba914c11-d0bb-4f6c-875f-5e784248012c",
            "8d18fc63-32d7-4791-9e63-fbf8347a3f6f",
            "854ee746-a948-494b-adfa-1532f436dbbd",
            "0e69531c-c0aa-4539-bcd0-fbbe1b2e2f17",
            "8adc0fb3-4cd5-4258-9627-a84f9cdbfc8b",
            "c10eac01-a70e-4e98-a5a3-c317ccfe9dc7",
            "d4dc61e4-c348-47e7-9d53-182e899228cd",
            "bc8567e2-294b-46d9-b7de-26cea5d2ffd0",
            "39e45d76-1e83-4729-a1aa-44c3e6b3cc12",
            "1e465be9-21f9-4455-b0d4-0aa9f28a7275",
            "204e7d6e-1518-41a0-a149-a3f0d79f50e0",
            "0099231e-d537-4054-a55e-9de7b3999bf2",
            "7930d097-333c-47d9-881e-22e0751f6ebf",
            "6532c318-adf0-4ecd-ace6-3c6d1a00e641",
            "8584b27d-5229-47b8-82fe-f43eb32393ec",
            "0f7f981e-b791-4b23-b569-647c624f01ed",
            "b0ecdacb-af18-44e1-bbb9-aec9a111f584",
            "51983a42-239b-48e4-9c6b-82d59ac56949",
            "35ad16b8-042c-45a6-8261-2c701b92d809",
            "649fce7b-ebda-44a0-b44d-3bdd7cdc51fd",
            "03e2f147-8eb9-4030-862f-fafb3b42f595",
            "2beacd4b-454b-4bbe-a984-237369795411",
            "20b404b7-2149-4b73-b512-0690bcc95b14",
            "37dc647a-ce17-4bbd-85fe-ceba6dbd0617",
            "ae17fd39-95bd-4c24-8da2-50761c45cbdd",
            "a1b4d888-9b35-4189-8bde-43cfb99abd0e",
            "ce485696-6de7-40ce-a6d9-8044abe5d348",
            "9b0b1ab9-f451-45ea-b691-080b27851644",
            "41b0851d-7f25-4e3e-923f-bce320294593",
            "902bb933-55cf-4dae-924b-a5825fdc77c7",
            "bdacf52a-b76c-4148-8829-de80c13a3f97",
            "99726e9b-baa1-493b-b4d1-1470ca4358d8",
            "607d341f-5670-4ec4-8911-cdfb01fb8753",
            "5470d558-41c1-4a97-b062-617f79e44c9f",
            "6468b470-4364-488e-b763-32b1bda1dd12",
            "68c79fcc-baa7-462f-bd9a-a7345b3602cc",
            "7bececab-dd92-4cd5-8402-e81120281c87",
            "e18e5be5-549a-492c-886d-b6810fcac195",
            "07a0be55-9528-4616-9191-b8206e12361a",
            "3026dc51-1a17-49c2-8e00-1881776e4a5e",
            "1a8cc5ee-642b-4d96-b3cc-47fb6c89ccfd",
            "eb102292-ed27-4949-a8c8-398f74a4c207",
            "c54e91a6-2b9a-43a8-a6be-b2c740976de6",
            "4e0dc1bb-d766-4303-af5c-e2a3162f7612",
            "622eb6fe-f47e-426a-b419-7d22918b6f3d",
            "7677d976-1f57-4f93-b7d2-9e7b860e217e",
            "0f524588-b28c-4d20-af70-ee869a74686a",
            "39f285a2-1a2d-402a-9af0-659370ec162c",
            "6090289e-e010-4d05-9786-750b62e36f96",
            "7a2f2276-4973-4d1c-a727-b0492227040d"
          ],
          "failures": [],
          "pending": [],
          "skipped": [],
          "duration": 374783,
          "root": false,
          "rootEmpty": false,
          "_timeout": 2000
        }
      ],
      "passes": [],
      "failures": [],
      "pending": [],
      "skipped": [],
      "duration": 0,
      "root": true,
      "rootEmpty": true,
      "_timeout": 2000
    }
  ],
  "meta": {
    "mocha": {
      "version": "7.2.0"
    },
    "mochawesome": {
      "options": {
        "quiet": false,
        "reportFilename": "mochawesome",
        "saveHtml": false,
        "saveJson": true,
        "consoleReporter": "spec",
        "useInlineDiffs": false,
        "code": true
      },
      "version": "7.1.3"
    },
    "marge": {
      "options": {
        "reportDir": "cypress/results/report-chrome-1920x1080",
        "overwrite": false,
        "html": false,
        "json": true
      },
      "version": "6.2.0"
    }
  }
}