{
  "stats": {
    "suites": 2,
    "tests": 52,
    "passes": 52,
    "pending": 0,
    "failures": 0,
    "start": "2025-05-14T13:02:01.966Z",
    "end": "2025-05-14T13:09:36.066Z",
    "duration": 454100,
    "testsRegistered": 52,
    "passPercent": 100,
    "pendingPercent": 0,
    "other": 0,
    "hasOther": false,
    "skipped": 0,
    "hasSkipped": false
  },
  "results": [
    {
      "uuid": "426c4c4e-90a4-4244-8be7-12f2efdcb579",
      "title": "",
      "fullFile": "cypress/e2e/app/auto.cy.js",
      "file": "cypress/e2e/app/auto.cy.js",
      "beforeHooks": [],
      "afterHooks": [],
      "tests": [],
      "suites": [
        {
          "uuid": "8359c650-12a1-43c1-989a-5047d9d32d66",
          "title": "Auto Insurance",
          "fullFile": "",
          "file": "",
          "beforeHooks": [],
          "afterHooks": [],
          "tests": [
            {
              "title": "Validate Auto Insurance page components",
              "fullTitle": "Auto Insurance Validate Auto Insurance page components",
              "timedOut": null,
              "duration": 20045,
              "state": "passed",
              "speed": "slow",
              "pass": true,
              "fail": false,
              "pending": false,
              "context": null,
              "code": "const isLargeDesktop = Cypress.config().viewportWidth < 2000 && Cypress.config().viewportWidth >= 1441;\nconst isTablet = Cypress.config().viewportWidth < 1441 && Cypress.config().viewportWidth >= 768;\nconst isMobile = Cypress.config().viewportWidth < 768;\ncy.visitSite(\"app\", \"auto-insurance\");\n// Main section\ncy.xpath(selectors.auto.heading_sm).should(\"be.visible\");\ncy.xpath(selectors.auto.heading_lg).should(\"be.visible\");\ncy.xpath(selectors.auto.caption).should(\"be.visible\");\ncy.xpath(selectors.auto.pill_personalized).should(\"be.visible\");\ncy.xpath(selectors.auto.pill_coverage).should(\"be.visible\");\n// Quick Quotes\ncy.xpath(selectors.auto.get_a_quote).scrollIntoView({\n  offset: {\n    top: -1000,\n    left: 0\n  }\n});\ncy.xpath(selectors.auto.quick_quote_sm).should(\"be.visible\");\ncy.xpath(selectors.auto.quick_quote_lg).should(\"be.visible\");\ncy.xpath(selectors.auto.address_label).should(\"be.visible\");\ncy.xpath(selectors.auto.state_combobox).should(\"be.visible\");\ncy.xpath(selectors.auto.get_a_quote).should(\"be.visible\");\ncy.xpath(selectors.common.onetrust1).click({\n  force: true\n});\n// Auto Coverage\nif (isMobile) {\n  cy.xpath(selectors.auto.coverage_heading_lg).scrollIntoView({\n    offset: {\n      top: -200,\n      left: 0\n    }\n  });\n  cy.xpath(selectors.auto.coverage_heading_sm).should(\"be.visible\");\n  cy.xpath(selectors.auto.coverage_heading_lg).should(\"be.visible\");\n  cy.xpath(selectors.auto.coverage_caption).should(\"be.visible\");\n  cy.xpath(selectors.auto.coverage_uninsured_heading).should(\"be.visible\");\n  cy.xpath(selectors.auto.coverage_uninsured_caption).should(\"be.visible\");\n  cy.xpath(selectors.auto.coverage_uninsured_button).click({\n    force: true\n  });\n  cy.xpath(selectors.auto.coverage_roadside_heading).should(\"be.visible\");\n  cy.xpath(selectors.auto.coverage_roadside_button).click({\n    force: true\n  });\n  cy.xpath(selectors.auto.coverage_roadside_caption).should(\"be.visible\");\n  cy.xpath(selectors.auto.coverage_personalinjury_heading).should(\"be.visible\");\n  cy.xpath(selectors.auto.coverage_personalinjury_button).click({\n    force: true\n  });\n  cy.xpath(selectors.auto.coverage_personalinjury_caption).should(\"be.visible\");\n  cy.xpath(selectors.auto.coverage_medicalpayments_heading).should(\"be.visible\");\n  cy.xpath(selectors.auto.coverage_medicalpayments_button).click({\n    force: true\n  });\n  cy.xpath(selectors.auto.coverage_medicalpayments_caption).should(\"be.visible\");\n  cy.xpath(selectors.auto.coverage_liability_heading).should(\"be.visible\");\n  cy.xpath(selectors.auto.coverage_liability_button).click({\n    force: true\n  });\n  cy.xpath(selectors.auto.coverage_liability_caption).should(\"be.visible\");\n  cy.xpath(selectors.auto.coverage_expertadvice_heading).should(\"be.visible\");\n  cy.xpath(selectors.auto.coverage_expertadvice_button).click({\n    force: true\n  });\n  cy.xpath(selectors.auto.coverage_expertadvice_caption).should(\"be.visible\");\n}\nif (!isMobile) {\n  cy.xpath(selectors.auto.coverage_heading_lg1).scrollIntoView({\n    offset: {\n      top: -200,\n      left: 0\n    }\n  });\n  cy.xpath(selectors.auto.coverage_heading_sm).should(\"be.visible\");\n  cy.xpath(selectors.auto.coverage_heading_lg1).should(\"be.visible\");\n  cy.xpath(selectors.auto.coverage_caption1).should(\"be.visible\");\n  cy.xpath(selectors.auto.coverage_uninsured_heading1).should(\"be.visible\");\n  cy.xpath(selectors.auto.coverage_uninsured_caption1).should(\"be.visible\");\n  cy.xpath(selectors.auto.coverage_uninsured_button1).click({\n    force: true\n  });\n  cy.xpath(selectors.auto.coverage_roadside_heading1).should(\"be.visible\");\n  cy.xpath(selectors.auto.coverage_roadside_button1).click({\n    force: true\n  });\n  cy.xpath(selectors.auto.coverage_roadside_caption1).should(\"be.visible\");\n  cy.xpath(selectors.auto.coverage_personalinjury_heading1).should(\"be.visible\");\n  cy.xpath(selectors.auto.coverage_personalinjury_button1).click({\n    force: true\n  });\n  cy.xpath(selectors.auto.coverage_personalinjury_caption1).should(\"be.visible\");\n  cy.xpath(selectors.auto.coverage_medicalpayments_heading1).should(\"be.visible\");\n  cy.xpath(selectors.auto.coverage_medicalpayments_button1).click({\n    force: true\n  });\n  cy.xpath(selectors.auto.coverage_medicalpayments_caption1).should(\"be.visible\");\n  cy.xpath(selectors.auto.coverage_liability_heading1).should(\"be.visible\");\n  cy.xpath(selectors.auto.coverage_liability_button1).click({\n    force: true\n  });\n  cy.xpath(selectors.auto.coverage_liability_caption1).should(\"be.visible\");\n  cy.xpath(selectors.auto.coverage_expertadvice_heading1).should(\"be.visible\");\n  cy.xpath(selectors.auto.coverage_expertadvice_button1).click({\n    force: true\n  });\n  cy.xpath(selectors.auto.coverage_expertadvice_caption1).should(\"be.visible\");\n}\n// Compare\ncy.xpath(selectors.common.card_logos).scrollIntoView();\ncy.xpath(selectors.common.compare_heading).should(\"be.visible\");\n// Why Acrisure\ncy.xpath(selectors.common.card_why1).scrollIntoView();\ncy.xpath(selectors.common.pill_options).should(\"be.visible\");\ncy.xpath(selectors.common.pill_easy).should(\"be.visible\");\ncy.xpath(selectors.common.why_acrisure).should(\"be.visible\");\ncy.xpath(selectors.common.why_acrisure1).should(\"exist\");\ncy.xpath(selectors.auto.why_caption_1).should(\"exist\");\ncy.xpath(selectors.common.why_acrisure2).should(\"exist\");\ncy.xpath(selectors.auto.why_caption_2).should(\"exist\");\ncy.xpath(selectors.common.why_acrisure3).should(\"exist\");\ncy.xpath(selectors.auto.why_caption_3).should(\"exist\");\n// FAQ\ncy.xpath(selectors.common.card_faq).scrollIntoView();\ncy.xpath(selectors.common.faq_header_sm).should(\"be.visible\");\ncy.xpath(selectors.common.faq_header).should(\"be.visible\");\ncy.xpath(selectors.auto.faq_question_1).should(\"be.visible\");\ncy.xpath(selectors.auto.faq_bullet_1).should(\"be.visible\");\ncy.xpath(selectors.auto.faq_bullet_2).should(\"be.visible\");\ncy.xpath(selectors.auto.faq_bullet_3).should(\"be.visible\");\ncy.xpath(selectors.auto.faq_bullet_4).should(\"be.visible\");\ncy.xpath(selectors.auto.faq_bullet_5).should(\"be.visible\");\ncy.xpath(selectors.auto.faq_bullet_5a).should(\"be.visible\");\ncy.xpath(selectors.auto.faq_bullet_6).should(\"be.visible\");\ncy.xpath(selectors.auto.faq_bullet_6a).should(\"be.visible\");\ncy.xpath(selectors.auto.faq_question_2).should(\"be.visible\");\ncy.xpath(selectors.auto.faq_question_3).should(\"be.visible\");\ncy.xpath(selectors.auto.faq_question_4).should(\"be.visible\");\ncy.xpath(selectors.auto.faq_question_5).should(\"be.visible\");\ncy.xpath(selectors.auto.faq_question_6).should(\"be.visible\");\ncy.xpath(selectors.common.faq_load_more_btn).should(\"be.visible\");\ncy.xpath(selectors.common.faq_load_more_btn).click({\n  force: true\n});\ncy.xpath(selectors.auto.faq_question_7).should(\"be.visible\");\ncy.xpath(selectors.auto.faq_question_8).should(\"be.visible\");\ncy.xpath(selectors.auto.faq_question_9).should(\"be.visible\");\ncy.xpath(selectors.auto.faq_question_10).should(\"be.visible\");\ncy.xpath(selectors.auto.faq_question_11).should(\"be.visible\");\ncy.xpath(selectors.auto.faq_question_12).should(\"be.visible\");\ncy.xpath(selectors.auto.faq_question_13).should(\"be.visible\");\nif (isMobile) {\n  // More Resources\n  cy.xpath(selectors.common.card_insights).scrollIntoView();\n  cy.xpath(selectors.common.insights_sm).should(\"be.visible\");\n  cy.xpath(selectors.common.more_resources).should(\"be.visible\");\n  cy.xpath(selectors.common.insights_caption).should(\"be.visible\");\n  cy.xpath(selectors.auto.card_carinsurance).should(\"be.visible\");\n  cy.xpath(selectors.auto.nextbutton).click({\n    force: true\n  });\n  cy.xpath(selectors.auto.card_agent).should(\"be.visible\");\n  cy.xpath(selectors.auto.nextbutton).click({\n    force: true\n  });\n  cy.xpath(selectors.auto.card_broker1).should(\"be.visible\");\n  cy.xpath(selectors.auto.nextbutton).click({\n    force: true\n  });\n  cy.xpath(selectors.auto.card_broker).should(\"be.visible\");\n  cy.xpath(selectors.auto.nextbutton).click({\n    force: true\n  });\n  cy.xpath(selectors.auto.card_types).should(\"be.visible\");\n}\nif (isTablet) {\n  // More Resources\n  cy.xpath(selectors.common.card_insights).scrollIntoView();\n  cy.xpath(selectors.common.insights_sm).should(\"be.visible\");\n  cy.xpath(selectors.common.more_resources).should(\"be.visible\");\n  cy.xpath(selectors.common.insights_caption).should(\"be.visible\");\n  cy.xpath(selectors.auto.card_carinsurance).should(\"be.visible\");\n  cy.xpath(selectors.auto.card_agent).should(\"be.visible\");\n  cy.xpath(selectors.auto.card_broker1).should(\"be.visible\");\n  cy.xpath(selectors.auto.card_broker).should(\"be.visible\");\n  cy.xpath(selectors.auto.nextbutton).click({\n    force: true\n  });\n  cy.xpath(selectors.auto.card_types).should(\"be.visible\");\n}\nif (isLargeDesktop) {\n  // More Resources\n  cy.xpath(selectors.common.card_insights).scrollIntoView();\n  cy.xpath(selectors.common.insights_sm).should(\"be.visible\");\n  cy.xpath(selectors.common.more_resources).should(\"be.visible\");\n  cy.xpath(selectors.common.insights_caption).should(\"be.visible\");\n  cy.xpath(selectors.auto.card_carinsurance).should(\"be.visible\");\n  //cy.xpath(selectors.auto.nextbutton).click({ force: true });\n  cy.xpath(selectors.auto.card_agent).should(\"be.visible\");\n  cy.xpath(selectors.auto.card_broker1).should(\"be.visible\");\n  cy.xpath(selectors.auto.card_broker).should(\"be.visible\");\n  cy.xpath(selectors.auto.card_types).should(\"be.visible\");\n  //cy.xpath(selectors.auto.card_broker1).scrollIntoView(); \n}\nif (!isMobile) {\n  cy.xpath(selectors.auto.card_types).should(\"exist\");\n}\ncy.xpath(selectors.auto.read_more).should(\"be.visible\");\n// Explore\ncy.xpath(selectors.common.card_explore).scrollIntoView();\nif (isMobile) {\n  cy.scrollTo(0, 50);\n  cy.xpath(selectors.auto.explore_home_header).scrollIntoView();\n}\ncy.xpath(selectors.auto.explore_home_header).should(\"be.visible\");\ncy.xpath(selectors.auto.explore_home_link).should(\"be.visible\");\ncy.xpath(selectors.auto.explore_home_btn).click({\n  force: true\n});\ncy.title().should('eq', 'Homeowners Insurance | Get Your Personalized Quote');\ncy.go('back');\ncy.wait(2000);\ncy.xpath(selectors.auto.explore_home_header).scrollIntoView();\ncy.xpath(selectors.auto.explore_life_header).should(\"be.visible\");\ncy.xpath(selectors.auto.explore_life_link).should(\"be.visible\");\ncy.xpath(selectors.auto.explore_life_btn).click({\n  force: true\n});\ncy.title().should('eq', 'Term Life Insurance | Get Your Personalized Quote');\ncy.go('back');\ncy.wait(2000);",
              "err": {},
              "uuid": "9976c9bc-38b9-46a7-8492-a9a9a77f63d7",
              "parentUUID": "8359c650-12a1-43c1-989a-5047d9d32d66",
              "isHook": false,
              "skipped": false
            }
          ],
          "suites": [],
          "passes": [
            "9976c9bc-38b9-46a7-8492-a9a9a77f63d7"
          ],
          "failures": [],
          "pending": [],
          "skipped": [],
          "duration": 20045,
          "root": false,
          "rootEmpty": false,
          "_timeout": 2000
        },
        {
          "uuid": "7a66b1a2-7bba-4da6-ba2f-5a550a45cda8",
          "title": "Auto Insurance",
          "fullFile": "",
          "file": "",
          "beforeHooks": [],
          "afterHooks": [],
          "tests": [
            {
              "title": "Validate form: Alabama",
              "fullTitle": "Auto Insurance Validate form: Alabama",
              "timedOut": null,
              "duration": 15583,
              "state": "passed",
              "speed": "slow",
              "pass": true,
              "fail": false,
              "pending": false,
              "context": null,
              "code": "assertAutoForm({\n  stateAbbreviation,\n  stateName\n});",
              "err": {},
              "uuid": "e7b422d3-3225-4a79-9200-59e83d7ca0ab",
              "parentUUID": "7a66b1a2-7bba-4da6-ba2f-5a550a45cda8",
              "isHook": false,
              "skipped": false
            },
            {
              "title": "Validate form: Alaska",
              "fullTitle": "Auto Insurance Validate form: Alaska",
              "timedOut": null,
              "duration": 8015,
              "state": "passed",
              "speed": "medium",
              "pass": true,
              "fail": false,
              "pending": false,
              "context": null,
              "code": "assertAutoForm({\n  stateAbbreviation,\n  stateName\n});",
              "err": {},
              "uuid": "2521e80d-f95a-4174-8c1a-5dd93a32b08f",
              "parentUUID": "7a66b1a2-7bba-4da6-ba2f-5a550a45cda8",
              "isHook": false,
              "skipped": false
            },
            {
              "title": "Validate form: Arizona",
              "fullTitle": "Auto Insurance Validate form: Arizona",
              "timedOut": null,
              "duration": 8477,
              "state": "passed",
              "speed": "medium",
              "pass": true,
              "fail": false,
              "pending": false,
              "context": null,
              "code": "assertAutoForm({\n  stateAbbreviation,\n  stateName\n});",
              "err": {},
              "uuid": "bb8c2f31-5496-4a63-b219-ec6abb8fa62c",
              "parentUUID": "7a66b1a2-7bba-4da6-ba2f-5a550a45cda8",
              "isHook": false,
              "skipped": false
            },
            {
              "title": "Validate form: Arkansas",
              "fullTitle": "Auto Insurance Validate form: Arkansas",
              "timedOut": null,
              "duration": 8241,
              "state": "passed",
              "speed": "medium",
              "pass": true,
              "fail": false,
              "pending": false,
              "context": null,
              "code": "assertAutoForm({\n  stateAbbreviation,\n  stateName\n});",
              "err": {},
              "uuid": "15453df2-7fd9-4771-a844-8c0008382e39",
              "parentUUID": "7a66b1a2-7bba-4da6-ba2f-5a550a45cda8",
              "isHook": false,
              "skipped": false
            },
            {
              "title": "Validate form: California",
              "fullTitle": "Auto Insurance Validate form: California",
              "timedOut": null,
              "duration": 8520,
              "state": "passed",
              "speed": "medium",
              "pass": true,
              "fail": false,
              "pending": false,
              "context": null,
              "code": "assertAutoForm({\n  stateAbbreviation,\n  stateName\n});",
              "err": {},
              "uuid": "1aef7c83-02ee-4239-a2d1-d992b59ae642",
              "parentUUID": "7a66b1a2-7bba-4da6-ba2f-5a550a45cda8",
              "isHook": false,
              "skipped": false
            },
            {
              "title": "Validate form: Colorado",
              "fullTitle": "Auto Insurance Validate form: Colorado",
              "timedOut": null,
              "duration": 8225,
              "state": "passed",
              "speed": "medium",
              "pass": true,
              "fail": false,
              "pending": false,
              "context": null,
              "code": "assertAutoForm({\n  stateAbbreviation,\n  stateName\n});",
              "err": {},
              "uuid": "1613ad2f-9d40-4df8-a6fd-83a8b626d26a",
              "parentUUID": "7a66b1a2-7bba-4da6-ba2f-5a550a45cda8",
              "isHook": false,
              "skipped": false
            },
            {
              "title": "Validate form: Connecticut",
              "fullTitle": "Auto Insurance Validate form: Connecticut",
              "timedOut": null,
              "duration": 8114,
              "state": "passed",
              "speed": "medium",
              "pass": true,
              "fail": false,
              "pending": false,
              "context": null,
              "code": "assertAutoForm({\n  stateAbbreviation,\n  stateName\n});",
              "err": {},
              "uuid": "ba23920b-09c3-4ccd-bc42-18e26b103374",
              "parentUUID": "7a66b1a2-7bba-4da6-ba2f-5a550a45cda8",
              "isHook": false,
              "skipped": false
            },
            {
              "title": "Validate form: Delaware",
              "fullTitle": "Auto Insurance Validate form: Delaware",
              "timedOut": null,
              "duration": 8112,
              "state": "passed",
              "speed": "medium",
              "pass": true,
              "fail": false,
              "pending": false,
              "context": null,
              "code": "assertAutoForm({\n  stateAbbreviation,\n  stateName\n});",
              "err": {},
              "uuid": "e5cc773a-d771-4362-b493-17c007b75ee6",
              "parentUUID": "7a66b1a2-7bba-4da6-ba2f-5a550a45cda8",
              "isHook": false,
              "skipped": false
            },
            {
              "title": "Validate form: District of Columbia",
              "fullTitle": "Auto Insurance Validate form: District of Columbia",
              "timedOut": null,
              "duration": 8278,
              "state": "passed",
              "speed": "medium",
              "pass": true,
              "fail": false,
              "pending": false,
              "context": null,
              "code": "assertAutoForm({\n  stateAbbreviation,\n  stateName\n});",
              "err": {},
              "uuid": "962ad941-867e-4c1c-8b5a-ecd309484dab",
              "parentUUID": "7a66b1a2-7bba-4da6-ba2f-5a550a45cda8",
              "isHook": false,
              "skipped": false
            },
            {
              "title": "Validate form: Florida",
              "fullTitle": "Auto Insurance Validate form: Florida",
              "timedOut": null,
              "duration": 7949,
              "state": "passed",
              "speed": "medium",
              "pass": true,
              "fail": false,
              "pending": false,
              "context": null,
              "code": "assertAutoForm({\n  stateAbbreviation,\n  stateName\n});",
              "err": {},
              "uuid": "56cef1a0-e599-4293-b49b-e4bc02ecd27d",
              "parentUUID": "7a66b1a2-7bba-4da6-ba2f-5a550a45cda8",
              "isHook": false,
              "skipped": false
            },
            {
              "title": "Validate form: Georgia",
              "fullTitle": "Auto Insurance Validate form: Georgia",
              "timedOut": null,
              "duration": 8102,
              "state": "passed",
              "speed": "medium",
              "pass": true,
              "fail": false,
              "pending": false,
              "context": null,
              "code": "assertAutoForm({\n  stateAbbreviation,\n  stateName\n});",
              "err": {},
              "uuid": "d0f01d21-57d8-4ed7-a215-86700312371a",
              "parentUUID": "7a66b1a2-7bba-4da6-ba2f-5a550a45cda8",
              "isHook": false,
              "skipped": false
            },
            {
              "title": "Validate form: Hawaii",
              "fullTitle": "Auto Insurance Validate form: Hawaii",
              "timedOut": null,
              "duration": 8216,
              "state": "passed",
              "speed": "medium",
              "pass": true,
              "fail": false,
              "pending": false,
              "context": null,
              "code": "assertAutoForm({\n  stateAbbreviation,\n  stateName\n});",
              "err": {},
              "uuid": "d67e5bd2-9492-4411-99cb-063249583cbc",
              "parentUUID": "7a66b1a2-7bba-4da6-ba2f-5a550a45cda8",
              "isHook": false,
              "skipped": false
            },
            {
              "title": "Validate form: Idaho",
              "fullTitle": "Auto Insurance Validate form: Idaho",
              "timedOut": null,
              "duration": 7977,
              "state": "passed",
              "speed": "medium",
              "pass": true,
              "fail": false,
              "pending": false,
              "context": null,
              "code": "assertAutoForm({\n  stateAbbreviation,\n  stateName\n});",
              "err": {},
              "uuid": "080c9709-e879-4952-b4cf-8a6152a3db47",
              "parentUUID": "7a66b1a2-7bba-4da6-ba2f-5a550a45cda8",
              "isHook": false,
              "skipped": false
            },
            {
              "title": "Validate form: Illinois",
              "fullTitle": "Auto Insurance Validate form: Illinois",
              "timedOut": null,
              "duration": 8130,
              "state": "passed",
              "speed": "medium",
              "pass": true,
              "fail": false,
              "pending": false,
              "context": null,
              "code": "assertAutoForm({\n  stateAbbreviation,\n  stateName\n});",
              "err": {},
              "uuid": "cd77e7ab-73e7-4d04-9030-d6b297e8a850",
              "parentUUID": "7a66b1a2-7bba-4da6-ba2f-5a550a45cda8",
              "isHook": false,
              "skipped": false
            },
            {
              "title": "Validate form: Indiana",
              "fullTitle": "Auto Insurance Validate form: Indiana",
              "timedOut": null,
              "duration": 8087,
              "state": "passed",
              "speed": "medium",
              "pass": true,
              "fail": false,
              "pending": false,
              "context": null,
              "code": "assertAutoForm({\n  stateAbbreviation,\n  stateName\n});",
              "err": {},
              "uuid": "2e79b11f-c884-4abb-b276-75566fad076e",
              "parentUUID": "7a66b1a2-7bba-4da6-ba2f-5a550a45cda8",
              "isHook": false,
              "skipped": false
            },
            {
              "title": "Validate form: Iowa",
              "fullTitle": "Auto Insurance Validate form: Iowa",
              "timedOut": null,
              "duration": 8357,
              "state": "passed",
              "speed": "medium",
              "pass": true,
              "fail": false,
              "pending": false,
              "context": null,
              "code": "assertAutoForm({\n  stateAbbreviation,\n  stateName\n});",
              "err": {},
              "uuid": "4cdf30b4-8f3f-4bc8-b391-1c7e4c905e07",
              "parentUUID": "7a66b1a2-7bba-4da6-ba2f-5a550a45cda8",
              "isHook": false,
              "skipped": false
            },
            {
              "title": "Validate form: Kansas",
              "fullTitle": "Auto Insurance Validate form: Kansas",
              "timedOut": null,
              "duration": 8276,
              "state": "passed",
              "speed": "medium",
              "pass": true,
              "fail": false,
              "pending": false,
              "context": null,
              "code": "assertAutoForm({\n  stateAbbreviation,\n  stateName\n});",
              "err": {},
              "uuid": "433d5e04-8408-4804-9fed-e0b42b4b7ca0",
              "parentUUID": "7a66b1a2-7bba-4da6-ba2f-5a550a45cda8",
              "isHook": false,
              "skipped": false
            },
            {
              "title": "Validate form: Kentucky",
              "fullTitle": "Auto Insurance Validate form: Kentucky",
              "timedOut": null,
              "duration": 8138,
              "state": "passed",
              "speed": "medium",
              "pass": true,
              "fail": false,
              "pending": false,
              "context": null,
              "code": "assertAutoForm({\n  stateAbbreviation,\n  stateName\n});",
              "err": {},
              "uuid": "d8e04d28-46ad-4633-ad41-da54cc2528ce",
              "parentUUID": "7a66b1a2-7bba-4da6-ba2f-5a550a45cda8",
              "isHook": false,
              "skipped": false
            },
            {
              "title": "Validate form: Louisiana",
              "fullTitle": "Auto Insurance Validate form: Louisiana",
              "timedOut": null,
              "duration": 8451,
              "state": "passed",
              "speed": "medium",
              "pass": true,
              "fail": false,
              "pending": false,
              "context": null,
              "code": "assertAutoForm({\n  stateAbbreviation,\n  stateName\n});",
              "err": {},
              "uuid": "95fa84b7-a61c-43aa-88fd-cc57b3bcdf96",
              "parentUUID": "7a66b1a2-7bba-4da6-ba2f-5a550a45cda8",
              "isHook": false,
              "skipped": false
            },
            {
              "title": "Validate form: Maine",
              "fullTitle": "Auto Insurance Validate form: Maine",
              "timedOut": null,
              "duration": 8278,
              "state": "passed",
              "speed": "medium",
              "pass": true,
              "fail": false,
              "pending": false,
              "context": null,
              "code": "assertAutoForm({\n  stateAbbreviation,\n  stateName\n});",
              "err": {},
              "uuid": "d25aa8a7-1b57-4999-9081-fb176ccce724",
              "parentUUID": "7a66b1a2-7bba-4da6-ba2f-5a550a45cda8",
              "isHook": false,
              "skipped": false
            },
            {
              "title": "Validate form: Maryland",
              "fullTitle": "Auto Insurance Validate form: Maryland",
              "timedOut": null,
              "duration": 7874,
              "state": "passed",
              "speed": "medium",
              "pass": true,
              "fail": false,
              "pending": false,
              "context": null,
              "code": "assertAutoForm({\n  stateAbbreviation,\n  stateName\n});",
              "err": {},
              "uuid": "d077ac9f-18fc-4151-b7f3-c50eac8b4afb",
              "parentUUID": "7a66b1a2-7bba-4da6-ba2f-5a550a45cda8",
              "isHook": false,
              "skipped": false
            },
            {
              "title": "Validate form: Massachusetts",
              "fullTitle": "Auto Insurance Validate form: Massachusetts",
              "timedOut": null,
              "duration": 8561,
              "state": "passed",
              "speed": "medium",
              "pass": true,
              "fail": false,
              "pending": false,
              "context": null,
              "code": "assertAutoForm({\n  stateAbbreviation,\n  stateName\n});",
              "err": {},
              "uuid": "fe873290-a031-4d16-b730-f7ed9888fd2d",
              "parentUUID": "7a66b1a2-7bba-4da6-ba2f-5a550a45cda8",
              "isHook": false,
              "skipped": false
            },
            {
              "title": "Validate form: Michigan",
              "fullTitle": "Auto Insurance Validate form: Michigan",
              "timedOut": null,
              "duration": 8217,
              "state": "passed",
              "speed": "medium",
              "pass": true,
              "fail": false,
              "pending": false,
              "context": null,
              "code": "assertAutoForm({\n  stateAbbreviation,\n  stateName\n});",
              "err": {},
              "uuid": "f868993c-1a1b-41c8-a242-ec0222e0e87f",
              "parentUUID": "7a66b1a2-7bba-4da6-ba2f-5a550a45cda8",
              "isHook": false,
              "skipped": false
            },
            {
              "title": "Validate form: Minnesota",
              "fullTitle": "Auto Insurance Validate form: Minnesota",
              "timedOut": null,
              "duration": 8365,
              "state": "passed",
              "speed": "medium",
              "pass": true,
              "fail": false,
              "pending": false,
              "context": null,
              "code": "assertAutoForm({\n  stateAbbreviation,\n  stateName\n});",
              "err": {},
              "uuid": "57e009fd-170c-4c1c-8792-49af985acf9e",
              "parentUUID": "7a66b1a2-7bba-4da6-ba2f-5a550a45cda8",
              "isHook": false,
              "skipped": false
            },
            {
              "title": "Validate form: Mississippi",
              "fullTitle": "Auto Insurance Validate form: Mississippi",
              "timedOut": null,
              "duration": 8524,
              "state": "passed",
              "speed": "medium",
              "pass": true,
              "fail": false,
              "pending": false,
              "context": null,
              "code": "assertAutoForm({\n  stateAbbreviation,\n  stateName\n});",
              "err": {},
              "uuid": "6dbb228b-3fa5-4b16-b3fa-2050bc121c7a",
              "parentUUID": "7a66b1a2-7bba-4da6-ba2f-5a550a45cda8",
              "isHook": false,
              "skipped": false
            },
            {
              "title": "Validate form: Missouri",
              "fullTitle": "Auto Insurance Validate form: Missouri",
              "timedOut": null,
              "duration": 8008,
              "state": "passed",
              "speed": "medium",
              "pass": true,
              "fail": false,
              "pending": false,
              "context": null,
              "code": "assertAutoForm({\n  stateAbbreviation,\n  stateName\n});",
              "err": {},
              "uuid": "6bbf1330-695b-4194-a186-729fb53a9fa1",
              "parentUUID": "7a66b1a2-7bba-4da6-ba2f-5a550a45cda8",
              "isHook": false,
              "skipped": false
            },
            {
              "title": "Validate form: Montana",
              "fullTitle": "Auto Insurance Validate form: Montana",
              "timedOut": null,
              "duration": 8062,
              "state": "passed",
              "speed": "medium",
              "pass": true,
              "fail": false,
              "pending": false,
              "context": null,
              "code": "assertAutoForm({\n  stateAbbreviation,\n  stateName\n});",
              "err": {},
              "uuid": "dff25d76-3f42-4fa1-9619-646263716718",
              "parentUUID": "7a66b1a2-7bba-4da6-ba2f-5a550a45cda8",
              "isHook": false,
              "skipped": false
            },
            {
              "title": "Validate form: Nebraska",
              "fullTitle": "Auto Insurance Validate form: Nebraska",
              "timedOut": null,
              "duration": 8010,
              "state": "passed",
              "speed": "medium",
              "pass": true,
              "fail": false,
              "pending": false,
              "context": null,
              "code": "assertAutoForm({\n  stateAbbreviation,\n  stateName\n});",
              "err": {},
              "uuid": "d5defd35-1011-4e5f-b38a-3ce825986ca9",
              "parentUUID": "7a66b1a2-7bba-4da6-ba2f-5a550a45cda8",
              "isHook": false,
              "skipped": false
            },
            {
              "title": "Validate form: Nevada",
              "fullTitle": "Auto Insurance Validate form: Nevada",
              "timedOut": null,
              "duration": 8386,
              "state": "passed",
              "speed": "medium",
              "pass": true,
              "fail": false,
              "pending": false,
              "context": null,
              "code": "assertAutoForm({\n  stateAbbreviation,\n  stateName\n});",
              "err": {},
              "uuid": "f4d8ce22-62af-4c10-94eb-e292bac2bca7",
              "parentUUID": "7a66b1a2-7bba-4da6-ba2f-5a550a45cda8",
              "isHook": false,
              "skipped": false
            },
            {
              "title": "Validate form: New Hampshire",
              "fullTitle": "Auto Insurance Validate form: New Hampshire",
              "timedOut": null,
              "duration": 8062,
              "state": "passed",
              "speed": "medium",
              "pass": true,
              "fail": false,
              "pending": false,
              "context": null,
              "code": "assertAutoForm({\n  stateAbbreviation,\n  stateName\n});",
              "err": {},
              "uuid": "205b1465-baf2-4894-8f6a-de49746ae8e9",
              "parentUUID": "7a66b1a2-7bba-4da6-ba2f-5a550a45cda8",
              "isHook": false,
              "skipped": false
            },
            {
              "title": "Validate form: New Jersey",
              "fullTitle": "Auto Insurance Validate form: New Jersey",
              "timedOut": null,
              "duration": 8108,
              "state": "passed",
              "speed": "medium",
              "pass": true,
              "fail": false,
              "pending": false,
              "context": null,
              "code": "assertAutoForm({\n  stateAbbreviation,\n  stateName\n});",
              "err": {},
              "uuid": "da459677-e547-4dcd-afff-386aa7697493",
              "parentUUID": "7a66b1a2-7bba-4da6-ba2f-5a550a45cda8",
              "isHook": false,
              "skipped": false
            },
            {
              "title": "Validate form: New Mexico",
              "fullTitle": "Auto Insurance Validate form: New Mexico",
              "timedOut": null,
              "duration": 7856,
              "state": "passed",
              "speed": "medium",
              "pass": true,
              "fail": false,
              "pending": false,
              "context": null,
              "code": "assertAutoForm({\n  stateAbbreviation,\n  stateName\n});",
              "err": {},
              "uuid": "7782e995-5150-47f6-859a-5d544e01de10",
              "parentUUID": "7a66b1a2-7bba-4da6-ba2f-5a550a45cda8",
              "isHook": false,
              "skipped": false
            },
            {
              "title": "Validate form: New York",
              "fullTitle": "Auto Insurance Validate form: New York",
              "timedOut": null,
              "duration": 8170,
              "state": "passed",
              "speed": "medium",
              "pass": true,
              "fail": false,
              "pending": false,
              "context": null,
              "code": "assertAutoForm({\n  stateAbbreviation,\n  stateName\n});",
              "err": {},
              "uuid": "017efe6f-dfb2-46cb-bd13-554519b79d3b",
              "parentUUID": "7a66b1a2-7bba-4da6-ba2f-5a550a45cda8",
              "isHook": false,
              "skipped": false
            },
            {
              "title": "Validate form: North Carolina",
              "fullTitle": "Auto Insurance Validate form: North Carolina",
              "timedOut": null,
              "duration": 7951,
              "state": "passed",
              "speed": "medium",
              "pass": true,
              "fail": false,
              "pending": false,
              "context": null,
              "code": "assertAutoForm({\n  stateAbbreviation,\n  stateName\n});",
              "err": {},
              "uuid": "7507b378-5200-4b8d-b240-559655733198",
              "parentUUID": "7a66b1a2-7bba-4da6-ba2f-5a550a45cda8",
              "isHook": false,
              "skipped": false
            },
            {
              "title": "Validate form: North Dakota",
              "fullTitle": "Auto Insurance Validate form: North Dakota",
              "timedOut": null,
              "duration": 8246,
              "state": "passed",
              "speed": "medium",
              "pass": true,
              "fail": false,
              "pending": false,
              "context": null,
              "code": "assertAutoForm({\n  stateAbbreviation,\n  stateName\n});",
              "err": {},
              "uuid": "47bd3d3e-4a21-4816-a07a-66d0a6984abf",
              "parentUUID": "7a66b1a2-7bba-4da6-ba2f-5a550a45cda8",
              "isHook": false,
              "skipped": false
            },
            {
              "title": "Validate form: Ohio",
              "fullTitle": "Auto Insurance Validate form: Ohio",
              "timedOut": null,
              "duration": 8006,
              "state": "passed",
              "speed": "medium",
              "pass": true,
              "fail": false,
              "pending": false,
              "context": null,
              "code": "assertAutoForm({\n  stateAbbreviation,\n  stateName\n});",
              "err": {},
              "uuid": "6255cd0f-df9a-48d7-8a83-bc17649ae8e0",
              "parentUUID": "7a66b1a2-7bba-4da6-ba2f-5a550a45cda8",
              "isHook": false,
              "skipped": false
            },
            {
              "title": "Validate form: Oklahoma",
              "fullTitle": "Auto Insurance Validate form: Oklahoma",
              "timedOut": null,
              "duration": 8618,
              "state": "passed",
              "speed": "medium",
              "pass": true,
              "fail": false,
              "pending": false,
              "context": null,
              "code": "assertAutoForm({\n  stateAbbreviation,\n  stateName\n});",
              "err": {},
              "uuid": "82b946fe-220c-42b3-a11a-7218888b257d",
              "parentUUID": "7a66b1a2-7bba-4da6-ba2f-5a550a45cda8",
              "isHook": false,
              "skipped": false
            },
            {
              "title": "Validate form: Oregon",
              "fullTitle": "Auto Insurance Validate form: Oregon",
              "timedOut": null,
              "duration": 8523,
              "state": "passed",
              "speed": "medium",
              "pass": true,
              "fail": false,
              "pending": false,
              "context": null,
              "code": "assertAutoForm({\n  stateAbbreviation,\n  stateName\n});",
              "err": {},
              "uuid": "e52b3d5a-827c-43a4-ab7d-9617071bdf93",
              "parentUUID": "7a66b1a2-7bba-4da6-ba2f-5a550a45cda8",
              "isHook": false,
              "skipped": false
            },
            {
              "title": "Validate form: Pennsylvania",
              "fullTitle": "Auto Insurance Validate form: Pennsylvania",
              "timedOut": null,
              "duration": 8249,
              "state": "passed",
              "speed": "medium",
              "pass": true,
              "fail": false,
              "pending": false,
              "context": null,
              "code": "assertAutoForm({\n  stateAbbreviation,\n  stateName\n});",
              "err": {},
              "uuid": "8339109d-fbeb-487c-87d1-669140e03eee",
              "parentUUID": "7a66b1a2-7bba-4da6-ba2f-5a550a45cda8",
              "isHook": false,
              "skipped": false
            },
            {
              "title": "Validate form: Rhode Island",
              "fullTitle": "Auto Insurance Validate form: Rhode Island",
              "timedOut": null,
              "duration": 8613,
              "state": "passed",
              "speed": "medium",
              "pass": true,
              "fail": false,
              "pending": false,
              "context": null,
              "code": "assertAutoForm({\n  stateAbbreviation,\n  stateName\n});",
              "err": {},
              "uuid": "bf068f83-451a-4def-96c1-d09583b42dea",
              "parentUUID": "7a66b1a2-7bba-4da6-ba2f-5a550a45cda8",
              "isHook": false,
              "skipped": false
            },
            {
              "title": "Validate form: South Carolina",
              "fullTitle": "Auto Insurance Validate form: South Carolina",
              "timedOut": null,
              "duration": 8192,
              "state": "passed",
              "speed": "medium",
              "pass": true,
              "fail": false,
              "pending": false,
              "context": null,
              "code": "assertAutoForm({\n  stateAbbreviation,\n  stateName\n});",
              "err": {},
              "uuid": "3c8502da-775c-4bf6-b18a-b2f144de5aaa",
              "parentUUID": "7a66b1a2-7bba-4da6-ba2f-5a550a45cda8",
              "isHook": false,
              "skipped": false
            },
            {
              "title": "Validate form: South Dakota",
              "fullTitle": "Auto Insurance Validate form: South Dakota",
              "timedOut": null,
              "duration": 8250,
              "state": "passed",
              "speed": "medium",
              "pass": true,
              "fail": false,
              "pending": false,
              "context": null,
              "code": "assertAutoForm({\n  stateAbbreviation,\n  stateName\n});",
              "err": {},
              "uuid": "a3f9d517-5689-433a-aa34-3e1ce1304320",
              "parentUUID": "7a66b1a2-7bba-4da6-ba2f-5a550a45cda8",
              "isHook": false,
              "skipped": false
            },
            {
              "title": "Validate form: Tennessee",
              "fullTitle": "Auto Insurance Validate form: Tennessee",
              "timedOut": null,
              "duration": 8630,
              "state": "passed",
              "speed": "medium",
              "pass": true,
              "fail": false,
              "pending": false,
              "context": null,
              "code": "assertAutoForm({\n  stateAbbreviation,\n  stateName\n});",
              "err": {},
              "uuid": "51a7e58e-631d-4f87-a9c1-8e4b4b11f8e3",
              "parentUUID": "7a66b1a2-7bba-4da6-ba2f-5a550a45cda8",
              "isHook": false,
              "skipped": false
            },
            {
              "title": "Validate form: Texas",
              "fullTitle": "Auto Insurance Validate form: Texas",
              "timedOut": null,
              "duration": 8211,
              "state": "passed",
              "speed": "medium",
              "pass": true,
              "fail": false,
              "pending": false,
              "context": null,
              "code": "assertAutoForm({\n  stateAbbreviation,\n  stateName\n});",
              "err": {},
              "uuid": "0bd286eb-d04d-4f07-9072-935ff99f83b3",
              "parentUUID": "7a66b1a2-7bba-4da6-ba2f-5a550a45cda8",
              "isHook": false,
              "skipped": false
            },
            {
              "title": "Validate form: Utah",
              "fullTitle": "Auto Insurance Validate form: Utah",
              "timedOut": null,
              "duration": 8016,
              "state": "passed",
              "speed": "medium",
              "pass": true,
              "fail": false,
              "pending": false,
              "context": null,
              "code": "assertAutoForm({\n  stateAbbreviation,\n  stateName\n});",
              "err": {},
              "uuid": "1306c84e-577b-4fc0-8914-7d4229154d12",
              "parentUUID": "7a66b1a2-7bba-4da6-ba2f-5a550a45cda8",
              "isHook": false,
              "skipped": false
            },
            {
              "title": "Validate form: Vermont",
              "fullTitle": "Auto Insurance Validate form: Vermont",
              "timedOut": null,
              "duration": 7974,
              "state": "passed",
              "speed": "medium",
              "pass": true,
              "fail": false,
              "pending": false,
              "context": null,
              "code": "assertAutoForm({\n  stateAbbreviation,\n  stateName\n});",
              "err": {},
              "uuid": "9d68de1c-1346-4ae0-bd78-f81270456d90",
              "parentUUID": "7a66b1a2-7bba-4da6-ba2f-5a550a45cda8",
              "isHook": false,
              "skipped": false
            },
            {
              "title": "Validate form: Virginia",
              "fullTitle": "Auto Insurance Validate form: Virginia",
              "timedOut": null,
              "duration": 8548,
              "state": "passed",
              "speed": "medium",
              "pass": true,
              "fail": false,
              "pending": false,
              "context": null,
              "code": "assertAutoForm({\n  stateAbbreviation,\n  stateName\n});",
              "err": {},
              "uuid": "0ecc0b5b-6bf3-4169-80c3-ea7a374fe60e",
              "parentUUID": "7a66b1a2-7bba-4da6-ba2f-5a550a45cda8",
              "isHook": false,
              "skipped": false
            },
            {
              "title": "Validate form: Washington",
              "fullTitle": "Auto Insurance Validate form: Washington",
              "timedOut": null,
              "duration": 9301,
              "state": "passed",
              "speed": "medium",
              "pass": true,
              "fail": false,
              "pending": false,
              "context": null,
              "code": "assertAutoForm({\n  stateAbbreviation,\n  stateName\n});",
              "err": {},
              "uuid": "18427d22-c199-4151-bac6-0c532e5a697e",
              "parentUUID": "7a66b1a2-7bba-4da6-ba2f-5a550a45cda8",
              "isHook": false,
              "skipped": false
            },
            {
              "title": "Validate form: West Virginia",
              "fullTitle": "Auto Insurance Validate form: West Virginia",
              "timedOut": null,
              "duration": 8159,
              "state": "passed",
              "speed": "medium",
              "pass": true,
              "fail": false,
              "pending": false,
              "context": null,
              "code": "assertAutoForm({\n  stateAbbreviation,\n  stateName\n});",
              "err": {},
              "uuid": "1b5abbdf-be69-45df-ae96-5a337da40b9c",
              "parentUUID": "7a66b1a2-7bba-4da6-ba2f-5a550a45cda8",
              "isHook": false,
              "skipped": false
            },
            {
              "title": "Validate form: Wisconsin",
              "fullTitle": "Auto Insurance Validate form: Wisconsin",
              "timedOut": null,
              "duration": 7940,
              "state": "passed",
              "speed": "medium",
              "pass": true,
              "fail": false,
              "pending": false,
              "context": null,
              "code": "assertAutoForm({\n  stateAbbreviation,\n  stateName\n});",
              "err": {},
              "uuid": "4650aecf-3259-4fdf-92c7-67288c46d1ea",
              "parentUUID": "7a66b1a2-7bba-4da6-ba2f-5a550a45cda8",
              "isHook": false,
              "skipped": false
            },
            {
              "title": "Validate form: Wyoming",
              "fullTitle": "Auto Insurance Validate form: Wyoming",
              "timedOut": null,
              "duration": 8576,
              "state": "passed",
              "speed": "medium",
              "pass": true,
              "fail": false,
              "pending": false,
              "context": null,
              "code": "assertAutoForm({\n  stateAbbreviation,\n  stateName\n});",
              "err": {},
              "uuid": "a00e26e8-6eca-4e6f-a1d4-571884cb4972",
              "parentUUID": "7a66b1a2-7bba-4da6-ba2f-5a550a45cda8",
              "isHook": false,
              "skipped": false
            }
          ],
          "suites": [],
          "passes": [
            "e7b422d3-3225-4a79-9200-59e83d7ca0ab",
            "2521e80d-f95a-4174-8c1a-5dd93a32b08f",
            "bb8c2f31-5496-4a63-b219-ec6abb8fa62c",
            "15453df2-7fd9-4771-a844-8c0008382e39",
            "1aef7c83-02ee-4239-a2d1-d992b59ae642",
            "1613ad2f-9d40-4df8-a6fd-83a8b626d26a",
            "ba23920b-09c3-4ccd-bc42-18e26b103374",
            "e5cc773a-d771-4362-b493-17c007b75ee6",
            "962ad941-867e-4c1c-8b5a-ecd309484dab",
            "56cef1a0-e599-4293-b49b-e4bc02ecd27d",
            "d0f01d21-57d8-4ed7-a215-86700312371a",
            "d67e5bd2-9492-4411-99cb-063249583cbc",
            "080c9709-e879-4952-b4cf-8a6152a3db47",
            "cd77e7ab-73e7-4d04-9030-d6b297e8a850",
            "2e79b11f-c884-4abb-b276-75566fad076e",
            "4cdf30b4-8f3f-4bc8-b391-1c7e4c905e07",
            "433d5e04-8408-4804-9fed-e0b42b4b7ca0",
            "d8e04d28-46ad-4633-ad41-da54cc2528ce",
            "95fa84b7-a61c-43aa-88fd-cc57b3bcdf96",
            "d25aa8a7-1b57-4999-9081-fb176ccce724",
            "d077ac9f-18fc-4151-b7f3-c50eac8b4afb",
            "fe873290-a031-4d16-b730-f7ed9888fd2d",
            "f868993c-1a1b-41c8-a242-ec0222e0e87f",
            "57e009fd-170c-4c1c-8792-49af985acf9e",
            "6dbb228b-3fa5-4b16-b3fa-2050bc121c7a",
            "6bbf1330-695b-4194-a186-729fb53a9fa1",
            "dff25d76-3f42-4fa1-9619-646263716718",
            "d5defd35-1011-4e5f-b38a-3ce825986ca9",
            "f4d8ce22-62af-4c10-94eb-e292bac2bca7",
            "205b1465-baf2-4894-8f6a-de49746ae8e9",
            "da459677-e547-4dcd-afff-386aa7697493",
            "7782e995-5150-47f6-859a-5d544e01de10",
            "017efe6f-dfb2-46cb-bd13-554519b79d3b",
            "7507b378-5200-4b8d-b240-559655733198",
            "47bd3d3e-4a21-4816-a07a-66d0a6984abf",
            "6255cd0f-df9a-48d7-8a83-bc17649ae8e0",
            "82b946fe-220c-42b3-a11a-7218888b257d",
            "e52b3d5a-827c-43a4-ab7d-9617071bdf93",
            "8339109d-fbeb-487c-87d1-669140e03eee",
            "bf068f83-451a-4def-96c1-d09583b42dea",
            "3c8502da-775c-4bf6-b18a-b2f144de5aaa",
            "a3f9d517-5689-433a-aa34-3e1ce1304320",
            "51a7e58e-631d-4f87-a9c1-8e4b4b11f8e3",
            "0bd286eb-d04d-4f07-9072-935ff99f83b3",
            "1306c84e-577b-4fc0-8914-7d4229154d12",
            "9d68de1c-1346-4ae0-bd78-f81270456d90",
            "0ecc0b5b-6bf3-4169-80c3-ea7a374fe60e",
            "18427d22-c199-4151-bac6-0c532e5a697e",
            "1b5abbdf-be69-45df-ae96-5a337da40b9c",
            "4650aecf-3259-4fdf-92c7-67288c46d1ea",
            "a00e26e8-6eca-4e6f-a1d4-571884cb4972"
          ],
          "failures": [],
          "pending": [],
          "skipped": [],
          "duration": 427732,
          "root": false,
          "rootEmpty": false,
          "_timeout": 2000
        }
      ],
      "passes": [],
      "failures": [],
      "pending": [],
      "skipped": [],
      "duration": 0,
      "root": true,
      "rootEmpty": true,
      "_timeout": 2000
    }
  ],
  "meta": {
    "mocha": {
      "version": "7.2.0"
    },
    "mochawesome": {
      "options": {
        "quiet": false,
        "reportFilename": "mochawesome",
        "saveHtml": false,
        "saveJson": true,
        "consoleReporter": "spec",
        "useInlineDiffs": false,
        "code": true
      },
      "version": "7.1.3"
    },
    "marge": {
      "options": {
        "reportDir": "cypress/results/chrome-375x667",
        "overwrite": false,
        "html": false,
        "json": true
      },
      "version": "6.2.0"
    }
  }
}