{
  "stats": {
    "suites": 1,
    "tests": 2,
    "passes": 2,
    "pending": 0,
    "failures": 0,
    "start": "2025-05-14T16:12:09.027Z",
    "end": "2025-05-14T16:13:42.348Z",
    "duration": 93321,
    "testsRegistered": 2,
    "passPercent": 100,
    "pendingPercent": 0,
    "other": 0,
    "hasOther": false,
    "skipped": 0,
    "hasSkipped": false
  },
  "results": [
    {
      "uuid": "c9e787eb-69e7-4944-99d5-26f36e5492b7",
      "title": "",
      "fullFile": "cypress/e2e/app/newsBlogFetch.cy.js",
      "file": "cypress/e2e/app/newsBlogFetch.cy.js",
      "beforeHooks": [],
      "afterHooks": [],
      "tests": [],
      "suites": [
        {
          "uuid": "3101f688-e8ff-4238-b4c7-2f2ae1bbf753",
          "title": "Get Urls",
          "fullFile": "",
          "file": "",
          "beforeHooks": [],
          "afterHooks": [],
          "tests": [
            {
              "title": "Get Urls: News",
              "fullTitle": "Get Urls Get Urls: News",
              "timedOut": null,
              "duration": 51730,
              "state": "passed",
              "speed": "slow",
              "pass": true,
              "fail": false,
              "pending": false,
              "context": null,
              "code": "getUrls({\n  baseUrl: \"news\",\n  limit: 50\n});",
              "err": {},
              "uuid": "889ab00a-ce92-4c2c-b29f-a18891198822",
              "parentUUID": "3101f688-e8ff-4238-b4c7-2f2ae1bbf753",
              "isHook": false,
              "skipped": false
            },
            {
              "title": "Get Urls: Blog",
              "fullTitle": "Get Urls Get Urls: Blog",
              "timedOut": null,
              "duration": 39743,
              "state": "passed",
              "speed": "slow",
              "pass": true,
              "fail": false,
              "pending": false,
              "context": null,
              "code": "getUrls({\n  baseUrl: \"blog\",\n  limit: 50\n});",
              "err": {},
              "uuid": "943ee63e-9c01-463c-953b-ec15667e301c",
              "parentUUID": "3101f688-e8ff-4238-b4c7-2f2ae1bbf753",
              "isHook": false,
              "skipped": false
            }
          ],
          "suites": [],
          "passes": [
            "889ab00a-ce92-4c2c-b29f-a18891198822",
            "943ee63e-9c01-463c-953b-ec15667e301c"
          ],
          "failures": [],
          "pending": [],
          "skipped": [],
          "duration": 91473,
          "root": false,
          "rootEmpty": false,
          "_timeout": 2000
        }
      ],
      "passes": [],
      "failures": [],
      "pending": [],
      "skipped": [],
      "duration": 0,
      "root": true,
      "rootEmpty": true,
      "_timeout": 2000
    }
  ],
  "meta": {
    "mocha": {
      "version": "7.2.0"
    },
    "mochawesome": {
      "options": {
        "quiet": false,
        "reportFilename": "mochawesome",
        "saveHtml": false,
        "saveJson": true,
        "consoleReporter": "spec",
        "useInlineDiffs": false,
        "code": true
      },
      "version": "7.1.3"
    },
    "marge": {
      "options": {
        "reportDir": "cypress/results/chrome-1440x900",
        "overwrite": false,
        "html": false,
        "json": true
      },
      "version": "6.2.0"
    }
  }
}