{
  "stats": {
    "suites": 1,
    "tests": 1,
    "passes": 1,
    "pending": 0,
    "failures": 0,
    "start": "2025-05-14T09:55:29.220Z",
    "end": "2025-05-14T09:55:36.199Z",
    "duration": 6979,
    "testsRegistered": 1,
    "passPercent": 100,
    "pendingPercent": 0,
    "other": 0,
    "hasOther": false,
    "skipped": 0,
    "hasSkipped": false
  },
  "results": [
    {
      "uuid": "78724635-d0f8-4e59-94fb-344f5ed5ada9",
      "title": "",
      "fullFile": "cypress/e2e/app/siteUp.cy.js",
      "file": "cypress/e2e/app/siteUp.cy.js",
      "beforeHooks": [],
      "afterHooks": [],
      "tests": [],
      "suites": [
        {
          "uuid": "1c9ded95-7378-4f60-9b3c-210a272f7a50",
          "title": "Site loading test",
          "fullFile": "",
          "file": "",
          "beforeHooks": [],
          "afterHooks": [],
          "tests": [
            {
              "title": "Can visit the home page",
              "fullTitle": "Site loading test Can visit the home page",
              "timedOut": null,
              "duration": 5318,
              "state": "passed",
              "speed": "medium",
              "pass": true,
              "fail": false,
              "pending": false,
              "context": null,
              "code": "cy.visitSite(\"app\");\ncy.url().should(\"include\", \"acrisure\");\ncy.xpath(\"//div[@id='content']\").should(\"exist\");",
              "err": {},
              "uuid": "0e6b4740-20dc-44c1-8dab-95b7e24985f8",
              "parentUUID": "1c9ded95-7378-4f60-9b3c-210a272f7a50",
              "isHook": false,
              "skipped": false
            }
          ],
          "suites": [],
          "passes": [
            "0e6b4740-20dc-44c1-8dab-95b7e24985f8"
          ],
          "failures": [],
          "pending": [],
          "skipped": [],
          "duration": 5318,
          "root": false,
          "rootEmpty": false,
          "_timeout": 2000
        }
      ],
      "passes": [],
      "failures": [],
      "pending": [],
      "skipped": [],
      "duration": 0,
      "root": true,
      "rootEmpty": true,
      "_timeout": 2000
    }
  ],
  "meta": {
    "mocha": {
      "version": "7.2.0"
    },
    "mochawesome": {
      "options": {
        "quiet": false,
        "reportFilename": "mochawesome",
        "saveHtml": false,
        "saveJson": true,
        "consoleReporter": "spec",
        "useInlineDiffs": false,
        "code": true
      },
      "version": "7.1.3"
    },
    "marge": {
      "options": {
        "reportDir": "cypress/results/chrome-1366x768",
        "overwrite": false,
        "html": false,
        "json": true
      },
      "version": "6.2.0"
    }
  }
}